[2025-02-04T10:59:40.955+0000] {local_task_job_runner.py:123} INFO - ::group::Pre task execution logs
[2025-02-04T10:59:40.972+0000] {taskinstance.py:2613} INFO - Dependencies all met for dep_context=non-requeueable deps ti=<TaskInstance: example_bash_operator.run_after_loop manual__2025-02-04T10:59:32+00:00 [queued]>
[2025-02-04T10:59:40.981+0000] {taskinstance.py:2613} INFO - Dependencies all met for dep_context=requeueable deps ti=<TaskInstance: example_bash_operator.run_after_loop manual__2025-02-04T10:59:32+00:00 [queued]>
[2025-02-04T10:59:40.981+0000] {taskinstance.py:2866} INFO - Starting attempt 1 of 1
[2025-02-04T10:59:40.993+0000] {taskinstance.py:2889} INFO - Executing <Task(BashOperator): run_after_loop> on 2025-02-04 10:59:32+00:00
[2025-02-04T10:59:41.005+0000] {standard_task_runner.py:104} INFO - Running: ['***', 'tasks', 'run', 'example_bash_operator', 'run_after_loop', 'manual__2025-02-04T10:59:32+00:00', '--job-id', '20', '--raw', '--subdir', '/home/***/.local/lib/python3.12/site-packages/***/example_dags/example_bash_operator.py', '--cfg-path', '/tmp/tmpkbcldmz_']
[2025-02-04T10:59:41.006+0000] {standard_task_runner.py:105} INFO - Job 20: Subtask run_after_loop
[2025-02-04T10:59:41.007+0000] {logging_mixin.py:190} WARNING - /home/***/.local/lib/python3.12/site-packages/***/task/task_runner/standard_task_runner.py:70 DeprecationWarning: This process (pid=3708) is multi-threaded, use of fork() may lead to deadlocks in the child.
[2025-02-04T10:59:41.008+0000] {standard_task_runner.py:72} INFO - Started process 3709 to run task
[2025-02-04T10:59:41.050+0000] {task_command.py:467} INFO - Running <TaskInstance: example_bash_operator.run_after_loop manual__2025-02-04T10:59:32+00:00 [running]> on host 5bbbce89898a
[2025-02-04T10:59:41.124+0000] {taskinstance.py:3132} INFO - Exporting env vars: AIRFLOW_CTX_DAG_OWNER='***' AIRFLOW_CTX_DAG_ID='example_bash_operator' AIRFLOW_CTX_TASK_ID='run_after_loop' AIRFLOW_CTX_EXECUTION_DATE='2025-02-04T10:59:32+00:00' AIRFLOW_CTX_TRY_NUMBER='1' AIRFLOW_CTX_DAG_RUN_ID='manual__2025-02-04T10:59:32+00:00'
[2025-02-04T10:59:41.125+0000] {logging_mixin.py:190} INFO - Task instance is in running state
[2025-02-04T10:59:41.125+0000] {logging_mixin.py:190} INFO -  Previous state of the Task instance: queued
[2025-02-04T10:59:41.125+0000] {logging_mixin.py:190} INFO - Current task name:run_after_loop state:running start_date:2025-02-04 10:59:40.973034+00:00
[2025-02-04T10:59:41.125+0000] {logging_mixin.py:190} INFO - Dag name:example_bash_operator and current dag run status:running
[2025-02-04T10:59:41.125+0000] {taskinstance.py:731} INFO - ::endgroup::
[2025-02-04T10:59:41.126+0000] {subprocess.py:78} INFO - Tmp dir root location: /tmp
[2025-02-04T10:59:41.126+0000] {subprocess.py:88} INFO - Running command: ['/usr/bin/bash', '-c', 'echo https://***.apache.org/']
[2025-02-04T10:59:41.146+0000] {subprocess.py:99} INFO - Output:
[2025-02-04T10:59:41.148+0000] {subprocess.py:106} INFO - https://***.apache.org/
[2025-02-04T10:59:41.149+0000] {subprocess.py:110} INFO - Command exited with return code 0
[2025-02-04T10:59:41.173+0000] {taskinstance.py:340} INFO - ::group::Post task execution logs
[2025-02-04T10:59:41.173+0000] {taskinstance.py:352} INFO - Marking task as SUCCESS. dag_id=example_bash_operator, task_id=run_after_loop, run_id=manual__2025-02-04T10:59:32+00:00, execution_date=20250204T105932, start_date=20250204T105940, end_date=20250204T105941
[2025-02-04T10:59:41.182+0000] {logging_mixin.py:190} INFO - Task instance in success state
[2025-02-04T10:59:41.182+0000] {logging_mixin.py:190} INFO -  Previous state of the Task instance: running
[2025-02-04T10:59:41.182+0000] {logging_mixin.py:190} INFO - Dag name:example_bash_operator queued_at:2025-02-04 10:59:36.476266+00:00
[2025-02-04T10:59:41.183+0000] {logging_mixin.py:190} INFO - Task hostname:5bbbce89898a operator:BashOperator
[2025-02-04T10:59:41.222+0000] {local_task_job_runner.py:266} INFO - Task exited with return code 0
[2025-02-04T10:59:41.239+0000] {taskinstance.py:3895} INFO - 0 downstream tasks scheduled from follow-on schedule check
[2025-02-04T10:59:41.241+0000] {local_task_job_runner.py:245} INFO - ::endgroup::
