[2025-02-05T05:26:46.104+0000] {processor.py:186} INFO - Started process (PID=455) to work on /home/airflow/.local/lib/python3.12/site-packages/airflow/example_dags/example_complex.py
[2025-02-05T05:26:46.105+0000] {processor.py:914} INFO - Processing file /home/airflow/.local/lib/python3.12/site-packages/airflow/example_dags/example_complex.py for tasks to queue
[2025-02-05T05:26:46.107+0000] {logging_mixin.py:190} INFO - [2025-02-05T05:26:46.107+0000] {dagbag.py:588} INFO - Filling up the DagBag from /home/airflow/.local/lib/python3.12/site-packages/airflow/example_dags/example_complex.py
[2025-02-05T05:26:46.119+0000] {processor.py:925} INFO - DAG(s) 'example_complex' retrieved from /home/airflow/.local/lib/python3.12/site-packages/airflow/example_dags/example_complex.py
[2025-02-05T05:26:46.219+0000] {logging_mixin.py:190} INFO - [2025-02-05T05:26:46.219+0000] {override.py:1911} INFO - Created Permission View: can delete on DAG:example_complex
[2025-02-05T05:26:46.228+0000] {logging_mixin.py:190} INFO - [2025-02-05T05:26:46.227+0000] {override.py:1911} INFO - Created Permission View: can edit on DAG:example_complex
[2025-02-05T05:26:46.234+0000] {logging_mixin.py:190} INFO - [2025-02-05T05:26:46.233+0000] {override.py:1911} INFO - Created Permission View: can read on DAG:example_complex
[2025-02-05T05:26:46.240+0000] {logging_mixin.py:190} INFO - [2025-02-05T05:26:46.239+0000] {override.py:1911} INFO - Created Permission View: menu access on DAG Run:example_complex
[2025-02-05T05:26:46.246+0000] {logging_mixin.py:190} INFO - [2025-02-05T05:26:46.245+0000] {override.py:1911} INFO - Created Permission View: can create on DAG Run:example_complex
[2025-02-05T05:26:46.252+0000] {logging_mixin.py:190} INFO - [2025-02-05T05:26:46.251+0000] {override.py:1911} INFO - Created Permission View: can delete on DAG Run:example_complex
[2025-02-05T05:26:46.257+0000] {logging_mixin.py:190} INFO - [2025-02-05T05:26:46.257+0000] {override.py:1911} INFO - Created Permission View: can read on DAG Run:example_complex
[2025-02-05T05:26:46.258+0000] {logging_mixin.py:190} INFO - [2025-02-05T05:26:46.258+0000] {dag.py:3239} INFO - Sync 1 DAGs
[2025-02-05T05:26:46.268+0000] {logging_mixin.py:190} INFO - [2025-02-05T05:26:46.267+0000] {dag.py:3262} INFO - Creating ORM DAG for example_complex
[2025-02-05T05:26:46.268+0000] {logging_mixin.py:190} INFO - [2025-02-05T05:26:46.268+0000] {dag.py:4180} INFO - Setting next_dagrun for example_complex to None, run_after=None
[2025-02-05T05:26:46.286+0000] {processor.py:208} INFO - Processing /home/airflow/.local/lib/python3.12/site-packages/airflow/example_dags/example_complex.py took 0.188 seconds
[2025-02-05T05:27:17.004+0000] {processor.py:186} INFO - Started process (PID=746) to work on /home/airflow/.local/lib/python3.12/site-packages/airflow/example_dags/example_complex.py
[2025-02-05T05:27:17.004+0000] {processor.py:914} INFO - Processing file /home/airflow/.local/lib/python3.12/site-packages/airflow/example_dags/example_complex.py for tasks to queue
[2025-02-05T05:27:17.006+0000] {logging_mixin.py:190} INFO - [2025-02-05T05:27:17.006+0000] {dagbag.py:588} INFO - Filling up the DagBag from /home/airflow/.local/lib/python3.12/site-packages/airflow/example_dags/example_complex.py
[2025-02-05T05:27:17.017+0000] {processor.py:925} INFO - DAG(s) 'example_complex' retrieved from /home/airflow/.local/lib/python3.12/site-packages/airflow/example_dags/example_complex.py
[2025-02-05T05:27:17.043+0000] {logging_mixin.py:190} INFO - [2025-02-05T05:27:17.042+0000] {dag.py:3239} INFO - Sync 1 DAGs
[2025-02-05T05:27:17.053+0000] {logging_mixin.py:190} INFO - [2025-02-05T05:27:17.053+0000] {dag.py:4180} INFO - Setting next_dagrun for example_complex to None, run_after=None
[2025-02-05T05:27:17.070+0000] {processor.py:208} INFO - Processing /home/airflow/.local/lib/python3.12/site-packages/airflow/example_dags/example_complex.py took 0.072 seconds
[2025-02-05T05:27:48.729+0000] {processor.py:186} INFO - Started process (PID=1037) to work on /home/airflow/.local/lib/python3.12/site-packages/airflow/example_dags/example_complex.py
[2025-02-05T05:27:48.729+0000] {processor.py:914} INFO - Processing file /home/airflow/.local/lib/python3.12/site-packages/airflow/example_dags/example_complex.py for tasks to queue
[2025-02-05T05:27:48.731+0000] {logging_mixin.py:190} INFO - [2025-02-05T05:27:48.731+0000] {dagbag.py:588} INFO - Filling up the DagBag from /home/airflow/.local/lib/python3.12/site-packages/airflow/example_dags/example_complex.py
[2025-02-05T05:27:48.740+0000] {processor.py:925} INFO - DAG(s) 'example_complex' retrieved from /home/airflow/.local/lib/python3.12/site-packages/airflow/example_dags/example_complex.py
[2025-02-05T05:27:48.766+0000] {logging_mixin.py:190} INFO - [2025-02-05T05:27:48.766+0000] {dag.py:3239} INFO - Sync 1 DAGs
[2025-02-05T05:27:48.778+0000] {logging_mixin.py:190} INFO - [2025-02-05T05:27:48.778+0000] {dag.py:4180} INFO - Setting next_dagrun for example_complex to None, run_after=None
[2025-02-05T05:27:48.796+0000] {processor.py:208} INFO - Processing /home/airflow/.local/lib/python3.12/site-packages/airflow/example_dags/example_complex.py took 0.072 seconds
[2025-02-05T05:28:19.614+0000] {processor.py:186} INFO - Started process (PID=1328) to work on /home/airflow/.local/lib/python3.12/site-packages/airflow/example_dags/example_complex.py
[2025-02-05T05:28:19.614+0000] {processor.py:914} INFO - Processing file /home/airflow/.local/lib/python3.12/site-packages/airflow/example_dags/example_complex.py for tasks to queue
[2025-02-05T05:28:19.616+0000] {logging_mixin.py:190} INFO - [2025-02-05T05:28:19.616+0000] {dagbag.py:588} INFO - Filling up the DagBag from /home/airflow/.local/lib/python3.12/site-packages/airflow/example_dags/example_complex.py
[2025-02-05T05:28:19.625+0000] {processor.py:925} INFO - DAG(s) 'example_complex' retrieved from /home/airflow/.local/lib/python3.12/site-packages/airflow/example_dags/example_complex.py
[2025-02-05T05:28:19.654+0000] {logging_mixin.py:190} INFO - [2025-02-05T05:28:19.653+0000] {dag.py:3239} INFO - Sync 1 DAGs
[2025-02-05T05:28:19.664+0000] {logging_mixin.py:190} INFO - [2025-02-05T05:28:19.664+0000] {dag.py:4180} INFO - Setting next_dagrun for example_complex to None, run_after=None
[2025-02-05T05:28:19.680+0000] {processor.py:208} INFO - Processing /home/airflow/.local/lib/python3.12/site-packages/airflow/example_dags/example_complex.py took 0.071 seconds
[2025-02-05T05:28:50.253+0000] {processor.py:186} INFO - Started process (PID=1619) to work on /home/airflow/.local/lib/python3.12/site-packages/airflow/example_dags/example_complex.py
[2025-02-05T05:28:50.254+0000] {processor.py:914} INFO - Processing file /home/airflow/.local/lib/python3.12/site-packages/airflow/example_dags/example_complex.py for tasks to queue
[2025-02-05T05:28:50.256+0000] {logging_mixin.py:190} INFO - [2025-02-05T05:28:50.256+0000] {dagbag.py:588} INFO - Filling up the DagBag from /home/airflow/.local/lib/python3.12/site-packages/airflow/example_dags/example_complex.py
[2025-02-05T05:28:50.266+0000] {processor.py:925} INFO - DAG(s) 'example_complex' retrieved from /home/airflow/.local/lib/python3.12/site-packages/airflow/example_dags/example_complex.py
[2025-02-05T05:28:50.292+0000] {logging_mixin.py:190} INFO - [2025-02-05T05:28:50.291+0000] {dag.py:3239} INFO - Sync 1 DAGs
[2025-02-05T05:28:50.303+0000] {logging_mixin.py:190} INFO - [2025-02-05T05:28:50.303+0000] {dag.py:4180} INFO - Setting next_dagrun for example_complex to None, run_after=None
[2025-02-05T05:28:50.320+0000] {processor.py:208} INFO - Processing /home/airflow/.local/lib/python3.12/site-packages/airflow/example_dags/example_complex.py took 0.072 seconds
[2025-02-05T05:29:21.410+0000] {processor.py:186} INFO - Started process (PID=1910) to work on /home/airflow/.local/lib/python3.12/site-packages/airflow/example_dags/example_complex.py
[2025-02-05T05:29:21.411+0000] {processor.py:914} INFO - Processing file /home/airflow/.local/lib/python3.12/site-packages/airflow/example_dags/example_complex.py for tasks to queue
[2025-02-05T05:29:21.413+0000] {logging_mixin.py:190} INFO - [2025-02-05T05:29:21.412+0000] {dagbag.py:588} INFO - Filling up the DagBag from /home/airflow/.local/lib/python3.12/site-packages/airflow/example_dags/example_complex.py
[2025-02-05T05:29:21.423+0000] {processor.py:925} INFO - DAG(s) 'example_complex' retrieved from /home/airflow/.local/lib/python3.12/site-packages/airflow/example_dags/example_complex.py
[2025-02-05T05:29:21.451+0000] {logging_mixin.py:190} INFO - [2025-02-05T05:29:21.451+0000] {dag.py:3239} INFO - Sync 1 DAGs
[2025-02-05T05:29:21.464+0000] {logging_mixin.py:190} INFO - [2025-02-05T05:29:21.464+0000] {dag.py:4180} INFO - Setting next_dagrun for example_complex to None, run_after=None
[2025-02-05T05:29:21.483+0000] {processor.py:208} INFO - Processing /home/airflow/.local/lib/python3.12/site-packages/airflow/example_dags/example_complex.py took 0.078 seconds
[2025-02-05T05:29:52.914+0000] {processor.py:186} INFO - Started process (PID=2201) to work on /home/airflow/.local/lib/python3.12/site-packages/airflow/example_dags/example_complex.py
[2025-02-05T05:29:52.915+0000] {processor.py:914} INFO - Processing file /home/airflow/.local/lib/python3.12/site-packages/airflow/example_dags/example_complex.py for tasks to queue
[2025-02-05T05:29:52.918+0000] {logging_mixin.py:190} INFO - [2025-02-05T05:29:52.917+0000] {dagbag.py:588} INFO - Filling up the DagBag from /home/airflow/.local/lib/python3.12/site-packages/airflow/example_dags/example_complex.py
[2025-02-05T05:29:52.929+0000] {processor.py:925} INFO - DAG(s) 'example_complex' retrieved from /home/airflow/.local/lib/python3.12/site-packages/airflow/example_dags/example_complex.py
[2025-02-05T05:29:52.959+0000] {logging_mixin.py:190} INFO - [2025-02-05T05:29:52.958+0000] {dag.py:3239} INFO - Sync 1 DAGs
[2025-02-05T05:29:52.974+0000] {logging_mixin.py:190} INFO - [2025-02-05T05:29:52.974+0000] {dag.py:4180} INFO - Setting next_dagrun for example_complex to None, run_after=None
[2025-02-05T05:29:52.992+0000] {processor.py:208} INFO - Processing /home/airflow/.local/lib/python3.12/site-packages/airflow/example_dags/example_complex.py took 0.084 seconds
[2025-02-05T05:30:23.959+0000] {processor.py:186} INFO - Started process (PID=2492) to work on /home/airflow/.local/lib/python3.12/site-packages/airflow/example_dags/example_complex.py
[2025-02-05T05:30:23.959+0000] {processor.py:914} INFO - Processing file /home/airflow/.local/lib/python3.12/site-packages/airflow/example_dags/example_complex.py for tasks to queue
[2025-02-05T05:30:23.961+0000] {logging_mixin.py:190} INFO - [2025-02-05T05:30:23.961+0000] {dagbag.py:588} INFO - Filling up the DagBag from /home/airflow/.local/lib/python3.12/site-packages/airflow/example_dags/example_complex.py
[2025-02-05T05:30:23.972+0000] {processor.py:925} INFO - DAG(s) 'example_complex' retrieved from /home/airflow/.local/lib/python3.12/site-packages/airflow/example_dags/example_complex.py
[2025-02-05T05:30:24.004+0000] {logging_mixin.py:190} INFO - [2025-02-05T05:30:24.003+0000] {dag.py:3239} INFO - Sync 1 DAGs
[2025-02-05T05:30:24.018+0000] {logging_mixin.py:190} INFO - [2025-02-05T05:30:24.018+0000] {dag.py:4180} INFO - Setting next_dagrun for example_complex to None, run_after=None
[2025-02-05T05:30:24.038+0000] {processor.py:208} INFO - Processing /home/airflow/.local/lib/python3.12/site-packages/airflow/example_dags/example_complex.py took 0.085 seconds
[2025-02-05T05:30:55.045+0000] {processor.py:186} INFO - Started process (PID=2783) to work on /home/airflow/.local/lib/python3.12/site-packages/airflow/example_dags/example_complex.py
[2025-02-05T05:30:55.046+0000] {processor.py:914} INFO - Processing file /home/airflow/.local/lib/python3.12/site-packages/airflow/example_dags/example_complex.py for tasks to queue
[2025-02-05T05:30:55.048+0000] {logging_mixin.py:190} INFO - [2025-02-05T05:30:55.048+0000] {dagbag.py:588} INFO - Filling up the DagBag from /home/airflow/.local/lib/python3.12/site-packages/airflow/example_dags/example_complex.py
[2025-02-05T05:30:55.059+0000] {processor.py:925} INFO - DAG(s) 'example_complex' retrieved from /home/airflow/.local/lib/python3.12/site-packages/airflow/example_dags/example_complex.py
[2025-02-05T05:30:55.088+0000] {logging_mixin.py:190} INFO - [2025-02-05T05:30:55.088+0000] {dag.py:3239} INFO - Sync 1 DAGs
[2025-02-05T05:30:55.102+0000] {logging_mixin.py:190} INFO - [2025-02-05T05:30:55.102+0000] {dag.py:4180} INFO - Setting next_dagrun for example_complex to None, run_after=None
[2025-02-05T05:30:55.123+0000] {processor.py:208} INFO - Processing /home/airflow/.local/lib/python3.12/site-packages/airflow/example_dags/example_complex.py took 0.085 seconds
[2025-02-05T05:31:25.968+0000] {processor.py:186} INFO - Started process (PID=3074) to work on /home/airflow/.local/lib/python3.12/site-packages/airflow/example_dags/example_complex.py
[2025-02-05T05:31:25.969+0000] {processor.py:914} INFO - Processing file /home/airflow/.local/lib/python3.12/site-packages/airflow/example_dags/example_complex.py for tasks to queue
[2025-02-05T05:31:25.971+0000] {logging_mixin.py:190} INFO - [2025-02-05T05:31:25.971+0000] {dagbag.py:588} INFO - Filling up the DagBag from /home/airflow/.local/lib/python3.12/site-packages/airflow/example_dags/example_complex.py
[2025-02-05T05:31:25.981+0000] {processor.py:925} INFO - DAG(s) 'example_complex' retrieved from /home/airflow/.local/lib/python3.12/site-packages/airflow/example_dags/example_complex.py
[2025-02-05T05:31:26.012+0000] {logging_mixin.py:190} INFO - [2025-02-05T05:31:26.012+0000] {dag.py:3239} INFO - Sync 1 DAGs
[2025-02-05T05:31:26.026+0000] {logging_mixin.py:190} INFO - [2025-02-05T05:31:26.025+0000] {dag.py:4180} INFO - Setting next_dagrun for example_complex to None, run_after=None
[2025-02-05T05:31:26.043+0000] {processor.py:208} INFO - Processing /home/airflow/.local/lib/python3.12/site-packages/airflow/example_dags/example_complex.py took 0.080 seconds
[2025-02-05T05:31:57.041+0000] {processor.py:186} INFO - Started process (PID=3365) to work on /home/airflow/.local/lib/python3.12/site-packages/airflow/example_dags/example_complex.py
[2025-02-05T05:31:57.041+0000] {processor.py:914} INFO - Processing file /home/airflow/.local/lib/python3.12/site-packages/airflow/example_dags/example_complex.py for tasks to queue
[2025-02-05T05:31:57.044+0000] {logging_mixin.py:190} INFO - [2025-02-05T05:31:57.044+0000] {dagbag.py:588} INFO - Filling up the DagBag from /home/airflow/.local/lib/python3.12/site-packages/airflow/example_dags/example_complex.py
[2025-02-05T05:31:57.058+0000] {processor.py:925} INFO - DAG(s) 'example_complex' retrieved from /home/airflow/.local/lib/python3.12/site-packages/airflow/example_dags/example_complex.py
[2025-02-05T05:31:57.092+0000] {logging_mixin.py:190} INFO - [2025-02-05T05:31:57.091+0000] {dag.py:3239} INFO - Sync 1 DAGs
[2025-02-05T05:31:57.105+0000] {logging_mixin.py:190} INFO - [2025-02-05T05:31:57.105+0000] {dag.py:4180} INFO - Setting next_dagrun for example_complex to None, run_after=None
[2025-02-05T05:31:57.124+0000] {processor.py:208} INFO - Processing /home/airflow/.local/lib/python3.12/site-packages/airflow/example_dags/example_complex.py took 0.090 seconds
[2025-02-05T05:32:27.830+0000] {processor.py:186} INFO - Started process (PID=3656) to work on /home/airflow/.local/lib/python3.12/site-packages/airflow/example_dags/example_complex.py
[2025-02-05T05:32:27.830+0000] {processor.py:914} INFO - Processing file /home/airflow/.local/lib/python3.12/site-packages/airflow/example_dags/example_complex.py for tasks to queue
[2025-02-05T05:32:27.833+0000] {logging_mixin.py:190} INFO - [2025-02-05T05:32:27.832+0000] {dagbag.py:588} INFO - Filling up the DagBag from /home/airflow/.local/lib/python3.12/site-packages/airflow/example_dags/example_complex.py
[2025-02-05T05:32:27.845+0000] {processor.py:925} INFO - DAG(s) 'example_complex' retrieved from /home/airflow/.local/lib/python3.12/site-packages/airflow/example_dags/example_complex.py
[2025-02-05T05:32:27.877+0000] {logging_mixin.py:190} INFO - [2025-02-05T05:32:27.877+0000] {dag.py:3239} INFO - Sync 1 DAGs
[2025-02-05T05:32:27.892+0000] {logging_mixin.py:190} INFO - [2025-02-05T05:32:27.891+0000] {dag.py:4180} INFO - Setting next_dagrun for example_complex to None, run_after=None
[2025-02-05T05:32:27.913+0000] {processor.py:208} INFO - Processing /home/airflow/.local/lib/python3.12/site-packages/airflow/example_dags/example_complex.py took 0.090 seconds
[2025-02-05T05:32:58.547+0000] {processor.py:186} INFO - Started process (PID=3947) to work on /home/airflow/.local/lib/python3.12/site-packages/airflow/example_dags/example_complex.py
[2025-02-05T05:32:58.547+0000] {processor.py:914} INFO - Processing file /home/airflow/.local/lib/python3.12/site-packages/airflow/example_dags/example_complex.py for tasks to queue
[2025-02-05T05:32:58.549+0000] {logging_mixin.py:190} INFO - [2025-02-05T05:32:58.549+0000] {dagbag.py:588} INFO - Filling up the DagBag from /home/airflow/.local/lib/python3.12/site-packages/airflow/example_dags/example_complex.py
[2025-02-05T05:32:58.558+0000] {processor.py:925} INFO - DAG(s) 'example_complex' retrieved from /home/airflow/.local/lib/python3.12/site-packages/airflow/example_dags/example_complex.py
[2025-02-05T05:32:58.585+0000] {logging_mixin.py:190} INFO - [2025-02-05T05:32:58.584+0000] {dag.py:3239} INFO - Sync 1 DAGs
[2025-02-05T05:32:58.598+0000] {logging_mixin.py:190} INFO - [2025-02-05T05:32:58.598+0000] {dag.py:4180} INFO - Setting next_dagrun for example_complex to None, run_after=None
[2025-02-05T05:32:58.614+0000] {processor.py:208} INFO - Processing /home/airflow/.local/lib/python3.12/site-packages/airflow/example_dags/example_complex.py took 0.072 seconds
[2025-02-05T05:33:29.994+0000] {processor.py:186} INFO - Started process (PID=4240) to work on /home/airflow/.local/lib/python3.12/site-packages/airflow/example_dags/example_complex.py
[2025-02-05T05:33:29.995+0000] {processor.py:914} INFO - Processing file /home/airflow/.local/lib/python3.12/site-packages/airflow/example_dags/example_complex.py for tasks to queue
[2025-02-05T05:33:29.997+0000] {logging_mixin.py:190} INFO - [2025-02-05T05:33:29.996+0000] {dagbag.py:588} INFO - Filling up the DagBag from /home/airflow/.local/lib/python3.12/site-packages/airflow/example_dags/example_complex.py
[2025-02-05T05:33:30.006+0000] {processor.py:925} INFO - DAG(s) 'example_complex' retrieved from /home/airflow/.local/lib/python3.12/site-packages/airflow/example_dags/example_complex.py
[2025-02-05T05:33:30.033+0000] {logging_mixin.py:190} INFO - [2025-02-05T05:33:30.032+0000] {dag.py:3239} INFO - Sync 1 DAGs
[2025-02-05T05:33:30.044+0000] {logging_mixin.py:190} INFO - [2025-02-05T05:33:30.044+0000] {dag.py:4180} INFO - Setting next_dagrun for example_complex to None, run_after=None
[2025-02-05T05:33:30.061+0000] {processor.py:208} INFO - Processing /home/airflow/.local/lib/python3.12/site-packages/airflow/example_dags/example_complex.py took 0.072 seconds
[2025-02-05T05:34:01.537+0000] {processor.py:186} INFO - Started process (PID=4531) to work on /home/airflow/.local/lib/python3.12/site-packages/airflow/example_dags/example_complex.py
[2025-02-05T05:34:01.538+0000] {processor.py:914} INFO - Processing file /home/airflow/.local/lib/python3.12/site-packages/airflow/example_dags/example_complex.py for tasks to queue
[2025-02-05T05:34:01.540+0000] {logging_mixin.py:190} INFO - [2025-02-05T05:34:01.540+0000] {dagbag.py:588} INFO - Filling up the DagBag from /home/airflow/.local/lib/python3.12/site-packages/airflow/example_dags/example_complex.py
[2025-02-05T05:34:01.550+0000] {processor.py:925} INFO - DAG(s) 'example_complex' retrieved from /home/airflow/.local/lib/python3.12/site-packages/airflow/example_dags/example_complex.py
[2025-02-05T05:34:01.578+0000] {logging_mixin.py:190} INFO - [2025-02-05T05:34:01.578+0000] {dag.py:3239} INFO - Sync 1 DAGs
[2025-02-05T05:34:01.592+0000] {logging_mixin.py:190} INFO - [2025-02-05T05:34:01.591+0000] {dag.py:4180} INFO - Setting next_dagrun for example_complex to None, run_after=None
[2025-02-05T05:34:01.610+0000] {processor.py:208} INFO - Processing /home/airflow/.local/lib/python3.12/site-packages/airflow/example_dags/example_complex.py took 0.080 seconds
[2025-02-05T05:34:33.020+0000] {processor.py:186} INFO - Started process (PID=4825) to work on /home/airflow/.local/lib/python3.12/site-packages/airflow/example_dags/example_complex.py
[2025-02-05T05:34:33.021+0000] {processor.py:914} INFO - Processing file /home/airflow/.local/lib/python3.12/site-packages/airflow/example_dags/example_complex.py for tasks to queue
[2025-02-05T05:34:33.023+0000] {logging_mixin.py:190} INFO - [2025-02-05T05:34:33.023+0000] {dagbag.py:588} INFO - Filling up the DagBag from /home/airflow/.local/lib/python3.12/site-packages/airflow/example_dags/example_complex.py
[2025-02-05T05:34:33.034+0000] {processor.py:925} INFO - DAG(s) 'example_complex' retrieved from /home/airflow/.local/lib/python3.12/site-packages/airflow/example_dags/example_complex.py
[2025-02-05T05:34:33.062+0000] {logging_mixin.py:190} INFO - [2025-02-05T05:34:33.061+0000] {dag.py:3239} INFO - Sync 1 DAGs
[2025-02-05T05:34:33.075+0000] {logging_mixin.py:190} INFO - [2025-02-05T05:34:33.075+0000] {dag.py:4180} INFO - Setting next_dagrun for example_complex to None, run_after=None
[2025-02-05T05:34:33.094+0000] {processor.py:208} INFO - Processing /home/airflow/.local/lib/python3.12/site-packages/airflow/example_dags/example_complex.py took 0.080 seconds
[2025-02-05T05:35:04.576+0000] {processor.py:186} INFO - Started process (PID=5116) to work on /home/airflow/.local/lib/python3.12/site-packages/airflow/example_dags/example_complex.py
[2025-02-05T05:35:04.577+0000] {processor.py:914} INFO - Processing file /home/airflow/.local/lib/python3.12/site-packages/airflow/example_dags/example_complex.py for tasks to queue
[2025-02-05T05:35:04.579+0000] {logging_mixin.py:190} INFO - [2025-02-05T05:35:04.579+0000] {dagbag.py:588} INFO - Filling up the DagBag from /home/airflow/.local/lib/python3.12/site-packages/airflow/example_dags/example_complex.py
[2025-02-05T05:35:04.590+0000] {processor.py:925} INFO - DAG(s) 'example_complex' retrieved from /home/airflow/.local/lib/python3.12/site-packages/airflow/example_dags/example_complex.py
[2025-02-05T05:35:04.622+0000] {logging_mixin.py:190} INFO - [2025-02-05T05:35:04.621+0000] {dag.py:3239} INFO - Sync 1 DAGs
[2025-02-05T05:35:04.636+0000] {logging_mixin.py:190} INFO - [2025-02-05T05:35:04.636+0000] {dag.py:4180} INFO - Setting next_dagrun for example_complex to None, run_after=None
[2025-02-05T05:35:04.656+0000] {processor.py:208} INFO - Processing /home/airflow/.local/lib/python3.12/site-packages/airflow/example_dags/example_complex.py took 0.086 seconds
[2025-02-05T05:35:36.117+0000] {processor.py:186} INFO - Started process (PID=5407) to work on /home/airflow/.local/lib/python3.12/site-packages/airflow/example_dags/example_complex.py
[2025-02-05T05:35:36.118+0000] {processor.py:914} INFO - Processing file /home/airflow/.local/lib/python3.12/site-packages/airflow/example_dags/example_complex.py for tasks to queue
[2025-02-05T05:35:36.122+0000] {logging_mixin.py:190} INFO - [2025-02-05T05:35:36.121+0000] {dagbag.py:588} INFO - Filling up the DagBag from /home/airflow/.local/lib/python3.12/site-packages/airflow/example_dags/example_complex.py
[2025-02-05T05:35:36.138+0000] {processor.py:925} INFO - DAG(s) 'example_complex' retrieved from /home/airflow/.local/lib/python3.12/site-packages/airflow/example_dags/example_complex.py
[2025-02-05T05:35:36.173+0000] {logging_mixin.py:190} INFO - [2025-02-05T05:35:36.173+0000] {dag.py:3239} INFO - Sync 1 DAGs
[2025-02-05T05:35:36.192+0000] {logging_mixin.py:190} INFO - [2025-02-05T05:35:36.192+0000] {dag.py:4180} INFO - Setting next_dagrun for example_complex to None, run_after=None
[2025-02-05T05:35:36.215+0000] {processor.py:208} INFO - Processing /home/airflow/.local/lib/python3.12/site-packages/airflow/example_dags/example_complex.py took 0.108 seconds
[2025-02-05T05:36:06.663+0000] {processor.py:186} INFO - Started process (PID=5698) to work on /home/airflow/.local/lib/python3.12/site-packages/airflow/example_dags/example_complex.py
[2025-02-05T05:36:06.664+0000] {processor.py:914} INFO - Processing file /home/airflow/.local/lib/python3.12/site-packages/airflow/example_dags/example_complex.py for tasks to queue
[2025-02-05T05:36:06.666+0000] {logging_mixin.py:190} INFO - [2025-02-05T05:36:06.666+0000] {dagbag.py:588} INFO - Filling up the DagBag from /home/airflow/.local/lib/python3.12/site-packages/airflow/example_dags/example_complex.py
[2025-02-05T05:36:06.676+0000] {processor.py:925} INFO - DAG(s) 'example_complex' retrieved from /home/airflow/.local/lib/python3.12/site-packages/airflow/example_dags/example_complex.py
[2025-02-05T05:36:06.705+0000] {logging_mixin.py:190} INFO - [2025-02-05T05:36:06.705+0000] {dag.py:3239} INFO - Sync 1 DAGs
[2025-02-05T05:36:06.719+0000] {logging_mixin.py:190} INFO - [2025-02-05T05:36:06.719+0000] {dag.py:4180} INFO - Setting next_dagrun for example_complex to None, run_after=None
[2025-02-05T05:36:06.736+0000] {processor.py:208} INFO - Processing /home/airflow/.local/lib/python3.12/site-packages/airflow/example_dags/example_complex.py took 0.078 seconds
[2025-02-05T05:36:38.157+0000] {processor.py:186} INFO - Started process (PID=5984) to work on /home/airflow/.local/lib/python3.12/site-packages/airflow/example_dags/example_complex.py
[2025-02-05T05:36:38.157+0000] {processor.py:914} INFO - Processing file /home/airflow/.local/lib/python3.12/site-packages/airflow/example_dags/example_complex.py for tasks to queue
[2025-02-05T05:36:38.160+0000] {logging_mixin.py:190} INFO - [2025-02-05T05:36:38.159+0000] {dagbag.py:588} INFO - Filling up the DagBag from /home/airflow/.local/lib/python3.12/site-packages/airflow/example_dags/example_complex.py
[2025-02-05T05:36:38.170+0000] {processor.py:925} INFO - DAG(s) 'example_complex' retrieved from /home/airflow/.local/lib/python3.12/site-packages/airflow/example_dags/example_complex.py
[2025-02-05T05:36:38.200+0000] {logging_mixin.py:190} INFO - [2025-02-05T05:36:38.200+0000] {dag.py:3239} INFO - Sync 1 DAGs
[2025-02-05T05:36:38.214+0000] {logging_mixin.py:190} INFO - [2025-02-05T05:36:38.214+0000] {dag.py:4180} INFO - Setting next_dagrun for example_complex to None, run_after=None
[2025-02-05T05:36:38.236+0000] {processor.py:208} INFO - Processing /home/airflow/.local/lib/python3.12/site-packages/airflow/example_dags/example_complex.py took 0.085 seconds
[2025-02-05T05:37:09.366+0000] {processor.py:186} INFO - Started process (PID=6277) to work on /home/airflow/.local/lib/python3.12/site-packages/airflow/example_dags/example_complex.py
[2025-02-05T05:37:09.367+0000] {processor.py:914} INFO - Processing file /home/airflow/.local/lib/python3.12/site-packages/airflow/example_dags/example_complex.py for tasks to queue
[2025-02-05T05:37:09.369+0000] {logging_mixin.py:190} INFO - [2025-02-05T05:37:09.368+0000] {dagbag.py:588} INFO - Filling up the DagBag from /home/airflow/.local/lib/python3.12/site-packages/airflow/example_dags/example_complex.py
[2025-02-05T05:37:09.378+0000] {processor.py:925} INFO - DAG(s) 'example_complex' retrieved from /home/airflow/.local/lib/python3.12/site-packages/airflow/example_dags/example_complex.py
[2025-02-05T05:37:09.407+0000] {logging_mixin.py:190} INFO - [2025-02-05T05:37:09.407+0000] {dag.py:3239} INFO - Sync 1 DAGs
[2025-02-05T05:37:09.421+0000] {logging_mixin.py:190} INFO - [2025-02-05T05:37:09.421+0000] {dag.py:4180} INFO - Setting next_dagrun for example_complex to None, run_after=None
[2025-02-05T05:37:09.437+0000] {processor.py:208} INFO - Processing /home/airflow/.local/lib/python3.12/site-packages/airflow/example_dags/example_complex.py took 0.076 seconds
[2025-02-05T05:37:40.606+0000] {processor.py:186} INFO - Started process (PID=6568) to work on /home/airflow/.local/lib/python3.12/site-packages/airflow/example_dags/example_complex.py
[2025-02-05T05:37:40.607+0000] {processor.py:914} INFO - Processing file /home/airflow/.local/lib/python3.12/site-packages/airflow/example_dags/example_complex.py for tasks to queue
[2025-02-05T05:37:40.608+0000] {logging_mixin.py:190} INFO - [2025-02-05T05:37:40.608+0000] {dagbag.py:588} INFO - Filling up the DagBag from /home/airflow/.local/lib/python3.12/site-packages/airflow/example_dags/example_complex.py
[2025-02-05T05:37:40.618+0000] {processor.py:925} INFO - DAG(s) 'example_complex' retrieved from /home/airflow/.local/lib/python3.12/site-packages/airflow/example_dags/example_complex.py
[2025-02-05T05:37:40.643+0000] {logging_mixin.py:190} INFO - [2025-02-05T05:37:40.643+0000] {dag.py:3239} INFO - Sync 1 DAGs
[2025-02-05T05:37:40.656+0000] {logging_mixin.py:190} INFO - [2025-02-05T05:37:40.656+0000] {dag.py:4180} INFO - Setting next_dagrun for example_complex to None, run_after=None
[2025-02-05T05:37:40.679+0000] {processor.py:208} INFO - Processing /home/airflow/.local/lib/python3.12/site-packages/airflow/example_dags/example_complex.py took 0.077 seconds
[2025-02-05T05:38:11.804+0000] {processor.py:186} INFO - Started process (PID=6857) to work on /home/airflow/.local/lib/python3.12/site-packages/airflow/example_dags/example_complex.py
[2025-02-05T05:38:11.804+0000] {processor.py:914} INFO - Processing file /home/airflow/.local/lib/python3.12/site-packages/airflow/example_dags/example_complex.py for tasks to queue
[2025-02-05T05:38:11.806+0000] {logging_mixin.py:190} INFO - [2025-02-05T05:38:11.806+0000] {dagbag.py:588} INFO - Filling up the DagBag from /home/airflow/.local/lib/python3.12/site-packages/airflow/example_dags/example_complex.py
[2025-02-05T05:38:11.816+0000] {processor.py:925} INFO - DAG(s) 'example_complex' retrieved from /home/airflow/.local/lib/python3.12/site-packages/airflow/example_dags/example_complex.py
[2025-02-05T05:38:11.844+0000] {logging_mixin.py:190} INFO - [2025-02-05T05:38:11.843+0000] {dag.py:3239} INFO - Sync 1 DAGs
[2025-02-05T05:38:11.856+0000] {logging_mixin.py:190} INFO - [2025-02-05T05:38:11.856+0000] {dag.py:4180} INFO - Setting next_dagrun for example_complex to None, run_after=None
[2025-02-05T05:38:11.871+0000] {processor.py:208} INFO - Processing /home/airflow/.local/lib/python3.12/site-packages/airflow/example_dags/example_complex.py took 0.072 seconds
[2025-02-05T05:38:43.279+0000] {processor.py:186} INFO - Started process (PID=7150) to work on /home/airflow/.local/lib/python3.12/site-packages/airflow/example_dags/example_complex.py
[2025-02-05T05:38:43.280+0000] {processor.py:914} INFO - Processing file /home/airflow/.local/lib/python3.12/site-packages/airflow/example_dags/example_complex.py for tasks to queue
[2025-02-05T05:38:43.282+0000] {logging_mixin.py:190} INFO - [2025-02-05T05:38:43.282+0000] {dagbag.py:588} INFO - Filling up the DagBag from /home/airflow/.local/lib/python3.12/site-packages/airflow/example_dags/example_complex.py
[2025-02-05T05:38:43.294+0000] {processor.py:925} INFO - DAG(s) 'example_complex' retrieved from /home/airflow/.local/lib/python3.12/site-packages/airflow/example_dags/example_complex.py
[2025-02-05T05:38:43.324+0000] {logging_mixin.py:190} INFO - [2025-02-05T05:38:43.324+0000] {dag.py:3239} INFO - Sync 1 DAGs
[2025-02-05T05:38:43.337+0000] {logging_mixin.py:190} INFO - [2025-02-05T05:38:43.337+0000] {dag.py:4180} INFO - Setting next_dagrun for example_complex to None, run_after=None
[2025-02-05T05:38:43.361+0000] {processor.py:208} INFO - Processing /home/airflow/.local/lib/python3.12/site-packages/airflow/example_dags/example_complex.py took 0.088 seconds
[2025-02-05T05:39:14.480+0000] {processor.py:186} INFO - Started process (PID=7447) to work on /home/airflow/.local/lib/python3.12/site-packages/airflow/example_dags/example_complex.py
[2025-02-05T05:39:14.481+0000] {processor.py:914} INFO - Processing file /home/airflow/.local/lib/python3.12/site-packages/airflow/example_dags/example_complex.py for tasks to queue
[2025-02-05T05:39:14.483+0000] {logging_mixin.py:190} INFO - [2025-02-05T05:39:14.483+0000] {dagbag.py:588} INFO - Filling up the DagBag from /home/airflow/.local/lib/python3.12/site-packages/airflow/example_dags/example_complex.py
[2025-02-05T05:39:14.493+0000] {processor.py:925} INFO - DAG(s) 'example_complex' retrieved from /home/airflow/.local/lib/python3.12/site-packages/airflow/example_dags/example_complex.py
[2025-02-05T05:39:14.519+0000] {logging_mixin.py:190} INFO - [2025-02-05T05:39:14.519+0000] {dag.py:3239} INFO - Sync 1 DAGs
[2025-02-05T05:39:14.533+0000] {logging_mixin.py:190} INFO - [2025-02-05T05:39:14.532+0000] {dag.py:4180} INFO - Setting next_dagrun for example_complex to None, run_after=None
[2025-02-05T05:39:14.550+0000] {processor.py:208} INFO - Processing /home/airflow/.local/lib/python3.12/site-packages/airflow/example_dags/example_complex.py took 0.075 seconds
[2025-02-05T05:39:45.638+0000] {processor.py:186} INFO - Started process (PID=7736) to work on /home/airflow/.local/lib/python3.12/site-packages/airflow/example_dags/example_complex.py
[2025-02-05T05:39:45.640+0000] {processor.py:914} INFO - Processing file /home/airflow/.local/lib/python3.12/site-packages/airflow/example_dags/example_complex.py for tasks to queue
[2025-02-05T05:39:45.643+0000] {logging_mixin.py:190} INFO - [2025-02-05T05:39:45.642+0000] {dagbag.py:588} INFO - Filling up the DagBag from /home/airflow/.local/lib/python3.12/site-packages/airflow/example_dags/example_complex.py
[2025-02-05T05:39:45.658+0000] {processor.py:925} INFO - DAG(s) 'example_complex' retrieved from /home/airflow/.local/lib/python3.12/site-packages/airflow/example_dags/example_complex.py
[2025-02-05T05:39:45.699+0000] {logging_mixin.py:190} INFO - [2025-02-05T05:39:45.699+0000] {dag.py:3239} INFO - Sync 1 DAGs
[2025-02-05T05:39:45.714+0000] {logging_mixin.py:190} INFO - [2025-02-05T05:39:45.713+0000] {dag.py:4180} INFO - Setting next_dagrun for example_complex to None, run_after=None
[2025-02-05T05:39:45.734+0000] {processor.py:208} INFO - Processing /home/airflow/.local/lib/python3.12/site-packages/airflow/example_dags/example_complex.py took 0.104 seconds
[2025-02-05T05:40:16.357+0000] {processor.py:186} INFO - Started process (PID=8029) to work on /home/airflow/.local/lib/python3.12/site-packages/airflow/example_dags/example_complex.py
[2025-02-05T05:40:16.357+0000] {processor.py:914} INFO - Processing file /home/airflow/.local/lib/python3.12/site-packages/airflow/example_dags/example_complex.py for tasks to queue
[2025-02-05T05:40:16.359+0000] {logging_mixin.py:190} INFO - [2025-02-05T05:40:16.359+0000] {dagbag.py:588} INFO - Filling up the DagBag from /home/airflow/.local/lib/python3.12/site-packages/airflow/example_dags/example_complex.py
[2025-02-05T05:40:16.369+0000] {processor.py:925} INFO - DAG(s) 'example_complex' retrieved from /home/airflow/.local/lib/python3.12/site-packages/airflow/example_dags/example_complex.py
[2025-02-05T05:40:16.397+0000] {logging_mixin.py:190} INFO - [2025-02-05T05:40:16.396+0000] {dag.py:3239} INFO - Sync 1 DAGs
[2025-02-05T05:40:16.410+0000] {logging_mixin.py:190} INFO - [2025-02-05T05:40:16.410+0000] {dag.py:4180} INFO - Setting next_dagrun for example_complex to None, run_after=None
[2025-02-05T05:40:16.430+0000] {processor.py:208} INFO - Processing /home/airflow/.local/lib/python3.12/site-packages/airflow/example_dags/example_complex.py took 0.078 seconds
[2025-02-05T05:40:47.279+0000] {processor.py:186} INFO - Started process (PID=8318) to work on /home/airflow/.local/lib/python3.12/site-packages/airflow/example_dags/example_complex.py
[2025-02-05T05:40:47.280+0000] {processor.py:914} INFO - Processing file /home/airflow/.local/lib/python3.12/site-packages/airflow/example_dags/example_complex.py for tasks to queue
[2025-02-05T05:40:47.282+0000] {logging_mixin.py:190} INFO - [2025-02-05T05:40:47.281+0000] {dagbag.py:588} INFO - Filling up the DagBag from /home/airflow/.local/lib/python3.12/site-packages/airflow/example_dags/example_complex.py
[2025-02-05T05:40:47.294+0000] {processor.py:925} INFO - DAG(s) 'example_complex' retrieved from /home/airflow/.local/lib/python3.12/site-packages/airflow/example_dags/example_complex.py
[2025-02-05T05:40:47.324+0000] {logging_mixin.py:190} INFO - [2025-02-05T05:40:47.324+0000] {dag.py:3239} INFO - Sync 1 DAGs
[2025-02-05T05:40:47.338+0000] {logging_mixin.py:190} INFO - [2025-02-05T05:40:47.337+0000] {dag.py:4180} INFO - Setting next_dagrun for example_complex to None, run_after=None
[2025-02-05T05:40:47.356+0000] {processor.py:208} INFO - Processing /home/airflow/.local/lib/python3.12/site-packages/airflow/example_dags/example_complex.py took 0.083 seconds
[2025-02-05T05:42:25.024+0000] {processor.py:186} INFO - Started process (PID=460) to work on /home/airflow/.local/lib/python3.12/site-packages/airflow/example_dags/example_complex.py
[2025-02-05T05:42:25.024+0000] {processor.py:914} INFO - Processing file /home/airflow/.local/lib/python3.12/site-packages/airflow/example_dags/example_complex.py for tasks to queue
[2025-02-05T05:42:25.026+0000] {logging_mixin.py:190} INFO - [2025-02-05T05:42:25.026+0000] {dagbag.py:588} INFO - Filling up the DagBag from /home/airflow/.local/lib/python3.12/site-packages/airflow/example_dags/example_complex.py
[2025-02-05T05:42:25.037+0000] {processor.py:925} INFO - DAG(s) 'example_complex' retrieved from /home/airflow/.local/lib/python3.12/site-packages/airflow/example_dags/example_complex.py
[2025-02-05T05:42:25.063+0000] {logging_mixin.py:190} INFO - [2025-02-05T05:42:25.063+0000] {dag.py:3239} INFO - Sync 1 DAGs
[2025-02-05T05:42:25.076+0000] {logging_mixin.py:190} INFO - [2025-02-05T05:42:25.076+0000] {dag.py:4180} INFO - Setting next_dagrun for example_complex to None, run_after=None
[2025-02-05T05:42:25.093+0000] {processor.py:208} INFO - Processing /home/airflow/.local/lib/python3.12/site-packages/airflow/example_dags/example_complex.py took 0.075 seconds
[2025-02-05T05:42:55.328+0000] {processor.py:186} INFO - Started process (PID=751) to work on /home/airflow/.local/lib/python3.12/site-packages/airflow/example_dags/example_complex.py
[2025-02-05T05:42:55.329+0000] {processor.py:914} INFO - Processing file /home/airflow/.local/lib/python3.12/site-packages/airflow/example_dags/example_complex.py for tasks to queue
[2025-02-05T05:42:55.332+0000] {logging_mixin.py:190} INFO - [2025-02-05T05:42:55.331+0000] {dagbag.py:588} INFO - Filling up the DagBag from /home/airflow/.local/lib/python3.12/site-packages/airflow/example_dags/example_complex.py
[2025-02-05T05:42:55.343+0000] {processor.py:925} INFO - DAG(s) 'example_complex' retrieved from /home/airflow/.local/lib/python3.12/site-packages/airflow/example_dags/example_complex.py
[2025-02-05T05:42:55.376+0000] {logging_mixin.py:190} INFO - [2025-02-05T05:42:55.376+0000] {dag.py:3239} INFO - Sync 1 DAGs
[2025-02-05T05:42:55.393+0000] {logging_mixin.py:190} INFO - [2025-02-05T05:42:55.392+0000] {dag.py:4180} INFO - Setting next_dagrun for example_complex to None, run_after=None
[2025-02-05T05:42:55.415+0000] {processor.py:208} INFO - Processing /home/airflow/.local/lib/python3.12/site-packages/airflow/example_dags/example_complex.py took 0.094 seconds
[2025-02-05T05:43:27.218+0000] {processor.py:186} INFO - Started process (PID=1047) to work on /home/airflow/.local/lib/python3.12/site-packages/airflow/example_dags/example_complex.py
[2025-02-05T05:43:27.218+0000] {processor.py:914} INFO - Processing file /home/airflow/.local/lib/python3.12/site-packages/airflow/example_dags/example_complex.py for tasks to queue
[2025-02-05T05:43:27.220+0000] {logging_mixin.py:190} INFO - [2025-02-05T05:43:27.220+0000] {dagbag.py:588} INFO - Filling up the DagBag from /home/airflow/.local/lib/python3.12/site-packages/airflow/example_dags/example_complex.py
[2025-02-05T05:43:27.229+0000] {processor.py:925} INFO - DAG(s) 'example_complex' retrieved from /home/airflow/.local/lib/python3.12/site-packages/airflow/example_dags/example_complex.py
[2025-02-05T05:43:27.256+0000] {logging_mixin.py:190} INFO - [2025-02-05T05:43:27.256+0000] {dag.py:3239} INFO - Sync 1 DAGs
[2025-02-05T05:43:27.268+0000] {logging_mixin.py:190} INFO - [2025-02-05T05:43:27.268+0000] {dag.py:4180} INFO - Setting next_dagrun for example_complex to None, run_after=None
[2025-02-05T05:43:27.284+0000] {processor.py:208} INFO - Processing /home/airflow/.local/lib/python3.12/site-packages/airflow/example_dags/example_complex.py took 0.071 seconds
[2025-02-05T05:43:57.509+0000] {processor.py:186} INFO - Started process (PID=1338) to work on /home/airflow/.local/lib/python3.12/site-packages/airflow/example_dags/example_complex.py
[2025-02-05T05:43:57.510+0000] {processor.py:914} INFO - Processing file /home/airflow/.local/lib/python3.12/site-packages/airflow/example_dags/example_complex.py for tasks to queue
[2025-02-05T05:43:57.512+0000] {logging_mixin.py:190} INFO - [2025-02-05T05:43:57.512+0000] {dagbag.py:588} INFO - Filling up the DagBag from /home/airflow/.local/lib/python3.12/site-packages/airflow/example_dags/example_complex.py
[2025-02-05T05:43:57.522+0000] {processor.py:925} INFO - DAG(s) 'example_complex' retrieved from /home/airflow/.local/lib/python3.12/site-packages/airflow/example_dags/example_complex.py
[2025-02-05T05:43:57.548+0000] {logging_mixin.py:190} INFO - [2025-02-05T05:43:57.547+0000] {dag.py:3239} INFO - Sync 1 DAGs
[2025-02-05T05:43:57.559+0000] {logging_mixin.py:190} INFO - [2025-02-05T05:43:57.558+0000] {dag.py:4180} INFO - Setting next_dagrun for example_complex to None, run_after=None
[2025-02-05T05:43:57.576+0000] {processor.py:208} INFO - Processing /home/airflow/.local/lib/python3.12/site-packages/airflow/example_dags/example_complex.py took 0.072 seconds
[2025-02-05T05:44:29.463+0000] {processor.py:186} INFO - Started process (PID=1634) to work on /home/airflow/.local/lib/python3.12/site-packages/airflow/example_dags/example_complex.py
[2025-02-05T05:44:29.464+0000] {processor.py:914} INFO - Processing file /home/airflow/.local/lib/python3.12/site-packages/airflow/example_dags/example_complex.py for tasks to queue
[2025-02-05T05:44:29.466+0000] {logging_mixin.py:190} INFO - [2025-02-05T05:44:29.466+0000] {dagbag.py:588} INFO - Filling up the DagBag from /home/airflow/.local/lib/python3.12/site-packages/airflow/example_dags/example_complex.py
[2025-02-05T05:44:29.478+0000] {processor.py:925} INFO - DAG(s) 'example_complex' retrieved from /home/airflow/.local/lib/python3.12/site-packages/airflow/example_dags/example_complex.py
[2025-02-05T05:44:29.507+0000] {logging_mixin.py:190} INFO - [2025-02-05T05:44:29.507+0000] {dag.py:3239} INFO - Sync 1 DAGs
[2025-02-05T05:44:29.519+0000] {logging_mixin.py:190} INFO - [2025-02-05T05:44:29.518+0000] {dag.py:4180} INFO - Setting next_dagrun for example_complex to None, run_after=None
[2025-02-05T05:44:29.535+0000] {processor.py:208} INFO - Processing /home/airflow/.local/lib/python3.12/site-packages/airflow/example_dags/example_complex.py took 0.077 seconds
[2025-02-05T05:44:59.785+0000] {processor.py:186} INFO - Started process (PID=1925) to work on /home/airflow/.local/lib/python3.12/site-packages/airflow/example_dags/example_complex.py
[2025-02-05T05:44:59.786+0000] {processor.py:914} INFO - Processing file /home/airflow/.local/lib/python3.12/site-packages/airflow/example_dags/example_complex.py for tasks to queue
[2025-02-05T05:44:59.787+0000] {logging_mixin.py:190} INFO - [2025-02-05T05:44:59.787+0000] {dagbag.py:588} INFO - Filling up the DagBag from /home/airflow/.local/lib/python3.12/site-packages/airflow/example_dags/example_complex.py
[2025-02-05T05:44:59.797+0000] {processor.py:925} INFO - DAG(s) 'example_complex' retrieved from /home/airflow/.local/lib/python3.12/site-packages/airflow/example_dags/example_complex.py
[2025-02-05T05:44:59.823+0000] {logging_mixin.py:190} INFO - [2025-02-05T05:44:59.823+0000] {dag.py:3239} INFO - Sync 1 DAGs
[2025-02-05T05:44:59.836+0000] {logging_mixin.py:190} INFO - [2025-02-05T05:44:59.836+0000] {dag.py:4180} INFO - Setting next_dagrun for example_complex to None, run_after=None
[2025-02-05T05:44:59.852+0000] {processor.py:208} INFO - Processing /home/airflow/.local/lib/python3.12/site-packages/airflow/example_dags/example_complex.py took 0.072 seconds
[2025-02-05T05:45:31.560+0000] {processor.py:186} INFO - Started process (PID=2221) to work on /home/airflow/.local/lib/python3.12/site-packages/airflow/example_dags/example_complex.py
[2025-02-05T05:45:31.560+0000] {processor.py:914} INFO - Processing file /home/airflow/.local/lib/python3.12/site-packages/airflow/example_dags/example_complex.py for tasks to queue
[2025-02-05T05:45:31.562+0000] {logging_mixin.py:190} INFO - [2025-02-05T05:45:31.562+0000] {dagbag.py:588} INFO - Filling up the DagBag from /home/airflow/.local/lib/python3.12/site-packages/airflow/example_dags/example_complex.py
[2025-02-05T05:45:31.573+0000] {processor.py:925} INFO - DAG(s) 'example_complex' retrieved from /home/airflow/.local/lib/python3.12/site-packages/airflow/example_dags/example_complex.py
[2025-02-05T05:45:31.602+0000] {logging_mixin.py:190} INFO - [2025-02-05T05:45:31.602+0000] {dag.py:3239} INFO - Sync 1 DAGs
[2025-02-05T05:45:31.617+0000] {logging_mixin.py:190} INFO - [2025-02-05T05:45:31.616+0000] {dag.py:4180} INFO - Setting next_dagrun for example_complex to None, run_after=None
[2025-02-05T05:45:31.634+0000] {processor.py:208} INFO - Processing /home/airflow/.local/lib/python3.12/site-packages/airflow/example_dags/example_complex.py took 0.080 seconds
[2025-02-05T05:46:01.748+0000] {processor.py:186} INFO - Started process (PID=2512) to work on /home/airflow/.local/lib/python3.12/site-packages/airflow/example_dags/example_complex.py
[2025-02-05T05:46:01.749+0000] {processor.py:914} INFO - Processing file /home/airflow/.local/lib/python3.12/site-packages/airflow/example_dags/example_complex.py for tasks to queue
[2025-02-05T05:46:01.751+0000] {logging_mixin.py:190} INFO - [2025-02-05T05:46:01.751+0000] {dagbag.py:588} INFO - Filling up the DagBag from /home/airflow/.local/lib/python3.12/site-packages/airflow/example_dags/example_complex.py
[2025-02-05T05:46:01.761+0000] {processor.py:925} INFO - DAG(s) 'example_complex' retrieved from /home/airflow/.local/lib/python3.12/site-packages/airflow/example_dags/example_complex.py
[2025-02-05T05:46:01.786+0000] {logging_mixin.py:190} INFO - [2025-02-05T05:46:01.786+0000] {dag.py:3239} INFO - Sync 1 DAGs
[2025-02-05T05:46:01.800+0000] {logging_mixin.py:190} INFO - [2025-02-05T05:46:01.799+0000] {dag.py:4180} INFO - Setting next_dagrun for example_complex to None, run_after=None
[2025-02-05T05:46:01.817+0000] {processor.py:208} INFO - Processing /home/airflow/.local/lib/python3.12/site-packages/airflow/example_dags/example_complex.py took 0.074 seconds
[2025-02-05T05:46:33.585+0000] {processor.py:186} INFO - Started process (PID=2808) to work on /home/airflow/.local/lib/python3.12/site-packages/airflow/example_dags/example_complex.py
[2025-02-05T05:46:33.586+0000] {processor.py:914} INFO - Processing file /home/airflow/.local/lib/python3.12/site-packages/airflow/example_dags/example_complex.py for tasks to queue
[2025-02-05T05:46:33.588+0000] {logging_mixin.py:190} INFO - [2025-02-05T05:46:33.587+0000] {dagbag.py:588} INFO - Filling up the DagBag from /home/airflow/.local/lib/python3.12/site-packages/airflow/example_dags/example_complex.py
[2025-02-05T05:46:33.597+0000] {processor.py:925} INFO - DAG(s) 'example_complex' retrieved from /home/airflow/.local/lib/python3.12/site-packages/airflow/example_dags/example_complex.py
[2025-02-05T05:46:33.623+0000] {logging_mixin.py:190} INFO - [2025-02-05T05:46:33.623+0000] {dag.py:3239} INFO - Sync 1 DAGs
[2025-02-05T05:46:33.636+0000] {logging_mixin.py:190} INFO - [2025-02-05T05:46:33.636+0000] {dag.py:4180} INFO - Setting next_dagrun for example_complex to None, run_after=None
[2025-02-05T05:46:33.652+0000] {processor.py:208} INFO - Processing /home/airflow/.local/lib/python3.12/site-packages/airflow/example_dags/example_complex.py took 0.072 seconds
[2025-02-05T05:47:04.053+0000] {processor.py:186} INFO - Started process (PID=3101) to work on /home/airflow/.local/lib/python3.12/site-packages/airflow/example_dags/example_complex.py
[2025-02-05T05:47:04.054+0000] {processor.py:914} INFO - Processing file /home/airflow/.local/lib/python3.12/site-packages/airflow/example_dags/example_complex.py for tasks to queue
[2025-02-05T05:47:04.056+0000] {logging_mixin.py:190} INFO - [2025-02-05T05:47:04.055+0000] {dagbag.py:588} INFO - Filling up the DagBag from /home/airflow/.local/lib/python3.12/site-packages/airflow/example_dags/example_complex.py
[2025-02-05T05:47:04.066+0000] {processor.py:925} INFO - DAG(s) 'example_complex' retrieved from /home/airflow/.local/lib/python3.12/site-packages/airflow/example_dags/example_complex.py
[2025-02-05T05:47:04.093+0000] {logging_mixin.py:190} INFO - [2025-02-05T05:47:04.092+0000] {dag.py:3239} INFO - Sync 1 DAGs
[2025-02-05T05:47:04.105+0000] {logging_mixin.py:190} INFO - [2025-02-05T05:47:04.105+0000] {dag.py:4180} INFO - Setting next_dagrun for example_complex to None, run_after=None
[2025-02-05T05:47:04.122+0000] {processor.py:208} INFO - Processing /home/airflow/.local/lib/python3.12/site-packages/airflow/example_dags/example_complex.py took 0.074 seconds
[2025-02-05T05:47:35.780+0000] {processor.py:186} INFO - Started process (PID=3395) to work on /home/airflow/.local/lib/python3.12/site-packages/airflow/example_dags/example_complex.py
[2025-02-05T05:47:35.781+0000] {processor.py:914} INFO - Processing file /home/airflow/.local/lib/python3.12/site-packages/airflow/example_dags/example_complex.py for tasks to queue
[2025-02-05T05:47:35.782+0000] {logging_mixin.py:190} INFO - [2025-02-05T05:47:35.782+0000] {dagbag.py:588} INFO - Filling up the DagBag from /home/airflow/.local/lib/python3.12/site-packages/airflow/example_dags/example_complex.py
[2025-02-05T05:47:35.792+0000] {processor.py:925} INFO - DAG(s) 'example_complex' retrieved from /home/airflow/.local/lib/python3.12/site-packages/airflow/example_dags/example_complex.py
[2025-02-05T05:47:35.819+0000] {logging_mixin.py:190} INFO - [2025-02-05T05:47:35.819+0000] {dag.py:3239} INFO - Sync 1 DAGs
[2025-02-05T05:47:35.833+0000] {logging_mixin.py:190} INFO - [2025-02-05T05:47:35.832+0000] {dag.py:4180} INFO - Setting next_dagrun for example_complex to None, run_after=None
[2025-02-05T05:47:35.848+0000] {processor.py:208} INFO - Processing /home/airflow/.local/lib/python3.12/site-packages/airflow/example_dags/example_complex.py took 0.073 seconds
[2025-02-05T05:48:06.169+0000] {processor.py:186} INFO - Started process (PID=3686) to work on /home/airflow/.local/lib/python3.12/site-packages/airflow/example_dags/example_complex.py
[2025-02-05T05:48:06.170+0000] {processor.py:914} INFO - Processing file /home/airflow/.local/lib/python3.12/site-packages/airflow/example_dags/example_complex.py for tasks to queue
[2025-02-05T05:48:06.172+0000] {logging_mixin.py:190} INFO - [2025-02-05T05:48:06.172+0000] {dagbag.py:588} INFO - Filling up the DagBag from /home/airflow/.local/lib/python3.12/site-packages/airflow/example_dags/example_complex.py
[2025-02-05T05:48:06.184+0000] {processor.py:925} INFO - DAG(s) 'example_complex' retrieved from /home/airflow/.local/lib/python3.12/site-packages/airflow/example_dags/example_complex.py
[2025-02-05T05:48:06.216+0000] {logging_mixin.py:190} INFO - [2025-02-05T05:48:06.216+0000] {dag.py:3239} INFO - Sync 1 DAGs
[2025-02-05T05:48:06.229+0000] {logging_mixin.py:190} INFO - [2025-02-05T05:48:06.229+0000] {dag.py:4180} INFO - Setting next_dagrun for example_complex to None, run_after=None
[2025-02-05T05:48:06.247+0000] {processor.py:208} INFO - Processing /home/airflow/.local/lib/python3.12/site-packages/airflow/example_dags/example_complex.py took 0.084 seconds
[2025-02-05T05:48:38.770+0000] {processor.py:186} INFO - Started process (PID=3982) to work on /home/airflow/.local/lib/python3.12/site-packages/airflow/example_dags/example_complex.py
[2025-02-05T05:48:38.770+0000] {processor.py:914} INFO - Processing file /home/airflow/.local/lib/python3.12/site-packages/airflow/example_dags/example_complex.py for tasks to queue
[2025-02-05T05:48:38.772+0000] {logging_mixin.py:190} INFO - [2025-02-05T05:48:38.772+0000] {dagbag.py:588} INFO - Filling up the DagBag from /home/airflow/.local/lib/python3.12/site-packages/airflow/example_dags/example_complex.py
[2025-02-05T05:48:38.782+0000] {processor.py:925} INFO - DAG(s) 'example_complex' retrieved from /home/airflow/.local/lib/python3.12/site-packages/airflow/example_dags/example_complex.py
[2025-02-05T05:48:38.810+0000] {logging_mixin.py:190} INFO - [2025-02-05T05:48:38.810+0000] {dag.py:3239} INFO - Sync 1 DAGs
[2025-02-05T05:48:38.824+0000] {logging_mixin.py:190} INFO - [2025-02-05T05:48:38.824+0000] {dag.py:4180} INFO - Setting next_dagrun for example_complex to None, run_after=None
[2025-02-05T05:48:38.840+0000] {processor.py:208} INFO - Processing /home/airflow/.local/lib/python3.12/site-packages/airflow/example_dags/example_complex.py took 0.076 seconds
[2025-02-05T05:49:09.350+0000] {processor.py:186} INFO - Started process (PID=4273) to work on /home/airflow/.local/lib/python3.12/site-packages/airflow/example_dags/example_complex.py
[2025-02-05T05:49:09.350+0000] {processor.py:914} INFO - Processing file /home/airflow/.local/lib/python3.12/site-packages/airflow/example_dags/example_complex.py for tasks to queue
[2025-02-05T05:49:09.352+0000] {logging_mixin.py:190} INFO - [2025-02-05T05:49:09.352+0000] {dagbag.py:588} INFO - Filling up the DagBag from /home/airflow/.local/lib/python3.12/site-packages/airflow/example_dags/example_complex.py
[2025-02-05T05:49:09.362+0000] {processor.py:925} INFO - DAG(s) 'example_complex' retrieved from /home/airflow/.local/lib/python3.12/site-packages/airflow/example_dags/example_complex.py
[2025-02-05T05:49:09.390+0000] {logging_mixin.py:190} INFO - [2025-02-05T05:49:09.390+0000] {dag.py:3239} INFO - Sync 1 DAGs
[2025-02-05T05:49:09.402+0000] {logging_mixin.py:190} INFO - [2025-02-05T05:49:09.401+0000] {dag.py:4180} INFO - Setting next_dagrun for example_complex to None, run_after=None
[2025-02-05T05:49:09.417+0000] {processor.py:208} INFO - Processing /home/airflow/.local/lib/python3.12/site-packages/airflow/example_dags/example_complex.py took 0.072 seconds
[2025-02-05T05:49:41.412+0000] {processor.py:186} INFO - Started process (PID=4569) to work on /home/airflow/.local/lib/python3.12/site-packages/airflow/example_dags/example_complex.py
[2025-02-05T05:49:41.413+0000] {processor.py:914} INFO - Processing file /home/airflow/.local/lib/python3.12/site-packages/airflow/example_dags/example_complex.py for tasks to queue
[2025-02-05T05:49:41.415+0000] {logging_mixin.py:190} INFO - [2025-02-05T05:49:41.415+0000] {dagbag.py:588} INFO - Filling up the DagBag from /home/airflow/.local/lib/python3.12/site-packages/airflow/example_dags/example_complex.py
[2025-02-05T05:49:41.426+0000] {processor.py:925} INFO - DAG(s) 'example_complex' retrieved from /home/airflow/.local/lib/python3.12/site-packages/airflow/example_dags/example_complex.py
[2025-02-05T05:49:41.453+0000] {logging_mixin.py:190} INFO - [2025-02-05T05:49:41.452+0000] {dag.py:3239} INFO - Sync 1 DAGs
[2025-02-05T05:49:41.465+0000] {logging_mixin.py:190} INFO - [2025-02-05T05:49:41.465+0000] {dag.py:4180} INFO - Setting next_dagrun for example_complex to None, run_after=None
[2025-02-05T05:49:41.480+0000] {processor.py:208} INFO - Processing /home/airflow/.local/lib/python3.12/site-packages/airflow/example_dags/example_complex.py took 0.073 seconds
[2025-02-05T05:50:11.807+0000] {processor.py:186} INFO - Started process (PID=4860) to work on /home/airflow/.local/lib/python3.12/site-packages/airflow/example_dags/example_complex.py
[2025-02-05T05:50:11.808+0000] {processor.py:914} INFO - Processing file /home/airflow/.local/lib/python3.12/site-packages/airflow/example_dags/example_complex.py for tasks to queue
[2025-02-05T05:50:11.810+0000] {logging_mixin.py:190} INFO - [2025-02-05T05:50:11.809+0000] {dagbag.py:588} INFO - Filling up the DagBag from /home/airflow/.local/lib/python3.12/site-packages/airflow/example_dags/example_complex.py
[2025-02-05T05:50:11.820+0000] {processor.py:925} INFO - DAG(s) 'example_complex' retrieved from /home/airflow/.local/lib/python3.12/site-packages/airflow/example_dags/example_complex.py
[2025-02-05T05:50:11.849+0000] {logging_mixin.py:190} INFO - [2025-02-05T05:50:11.849+0000] {dag.py:3239} INFO - Sync 1 DAGs
[2025-02-05T05:50:11.860+0000] {logging_mixin.py:190} INFO - [2025-02-05T05:50:11.860+0000] {dag.py:4180} INFO - Setting next_dagrun for example_complex to None, run_after=None
[2025-02-05T05:50:11.877+0000] {processor.py:208} INFO - Processing /home/airflow/.local/lib/python3.12/site-packages/airflow/example_dags/example_complex.py took 0.075 seconds
[2025-02-05T05:50:43.243+0000] {processor.py:186} INFO - Started process (PID=5156) to work on /home/airflow/.local/lib/python3.12/site-packages/airflow/example_dags/example_complex.py
[2025-02-05T05:50:43.244+0000] {processor.py:914} INFO - Processing file /home/airflow/.local/lib/python3.12/site-packages/airflow/example_dags/example_complex.py for tasks to queue
[2025-02-05T05:50:43.245+0000] {logging_mixin.py:190} INFO - [2025-02-05T05:50:43.245+0000] {dagbag.py:588} INFO - Filling up the DagBag from /home/airflow/.local/lib/python3.12/site-packages/airflow/example_dags/example_complex.py
[2025-02-05T05:50:43.255+0000] {processor.py:925} INFO - DAG(s) 'example_complex' retrieved from /home/airflow/.local/lib/python3.12/site-packages/airflow/example_dags/example_complex.py
[2025-02-05T05:50:43.280+0000] {logging_mixin.py:190} INFO - [2025-02-05T05:50:43.280+0000] {dag.py:3239} INFO - Sync 1 DAGs
[2025-02-05T05:50:43.293+0000] {logging_mixin.py:190} INFO - [2025-02-05T05:50:43.292+0000] {dag.py:4180} INFO - Setting next_dagrun for example_complex to None, run_after=None
[2025-02-05T05:50:43.309+0000] {processor.py:208} INFO - Processing /home/airflow/.local/lib/python3.12/site-packages/airflow/example_dags/example_complex.py took 0.071 seconds
[2025-02-05T05:51:13.565+0000] {processor.py:186} INFO - Started process (PID=5447) to work on /home/airflow/.local/lib/python3.12/site-packages/airflow/example_dags/example_complex.py
[2025-02-05T05:51:13.566+0000] {processor.py:914} INFO - Processing file /home/airflow/.local/lib/python3.12/site-packages/airflow/example_dags/example_complex.py for tasks to queue
[2025-02-05T05:51:13.568+0000] {logging_mixin.py:190} INFO - [2025-02-05T05:51:13.568+0000] {dagbag.py:588} INFO - Filling up the DagBag from /home/airflow/.local/lib/python3.12/site-packages/airflow/example_dags/example_complex.py
[2025-02-05T05:51:13.578+0000] {processor.py:925} INFO - DAG(s) 'example_complex' retrieved from /home/airflow/.local/lib/python3.12/site-packages/airflow/example_dags/example_complex.py
[2025-02-05T05:51:13.605+0000] {logging_mixin.py:190} INFO - [2025-02-05T05:51:13.605+0000] {dag.py:3239} INFO - Sync 1 DAGs
[2025-02-05T05:51:13.619+0000] {logging_mixin.py:190} INFO - [2025-02-05T05:51:13.619+0000] {dag.py:4180} INFO - Setting next_dagrun for example_complex to None, run_after=None
[2025-02-05T05:51:13.635+0000] {processor.py:208} INFO - Processing /home/airflow/.local/lib/python3.12/site-packages/airflow/example_dags/example_complex.py took 0.077 seconds
[2025-02-05T05:51:45.517+0000] {processor.py:186} INFO - Started process (PID=5743) to work on /home/airflow/.local/lib/python3.12/site-packages/airflow/example_dags/example_complex.py
[2025-02-05T05:51:45.517+0000] {processor.py:914} INFO - Processing file /home/airflow/.local/lib/python3.12/site-packages/airflow/example_dags/example_complex.py for tasks to queue
[2025-02-05T05:51:45.519+0000] {logging_mixin.py:190} INFO - [2025-02-05T05:51:45.519+0000] {dagbag.py:588} INFO - Filling up the DagBag from /home/airflow/.local/lib/python3.12/site-packages/airflow/example_dags/example_complex.py
[2025-02-05T05:51:45.528+0000] {processor.py:925} INFO - DAG(s) 'example_complex' retrieved from /home/airflow/.local/lib/python3.12/site-packages/airflow/example_dags/example_complex.py
[2025-02-05T05:51:45.554+0000] {logging_mixin.py:190} INFO - [2025-02-05T05:51:45.553+0000] {dag.py:3239} INFO - Sync 1 DAGs
[2025-02-05T05:51:45.566+0000] {logging_mixin.py:190} INFO - [2025-02-05T05:51:45.566+0000] {dag.py:4180} INFO - Setting next_dagrun for example_complex to None, run_after=None
[2025-02-05T05:51:45.581+0000] {processor.py:208} INFO - Processing /home/airflow/.local/lib/python3.12/site-packages/airflow/example_dags/example_complex.py took 0.070 seconds
[2025-02-05T05:52:15.632+0000] {processor.py:186} INFO - Started process (PID=6034) to work on /home/airflow/.local/lib/python3.12/site-packages/airflow/example_dags/example_complex.py
[2025-02-05T05:52:15.632+0000] {processor.py:914} INFO - Processing file /home/airflow/.local/lib/python3.12/site-packages/airflow/example_dags/example_complex.py for tasks to queue
[2025-02-05T05:52:15.634+0000] {logging_mixin.py:190} INFO - [2025-02-05T05:52:15.634+0000] {dagbag.py:588} INFO - Filling up the DagBag from /home/airflow/.local/lib/python3.12/site-packages/airflow/example_dags/example_complex.py
[2025-02-05T05:52:15.645+0000] {processor.py:925} INFO - DAG(s) 'example_complex' retrieved from /home/airflow/.local/lib/python3.12/site-packages/airflow/example_dags/example_complex.py
[2025-02-05T05:52:15.674+0000] {logging_mixin.py:190} INFO - [2025-02-05T05:52:15.674+0000] {dag.py:3239} INFO - Sync 1 DAGs
[2025-02-05T05:52:15.687+0000] {logging_mixin.py:190} INFO - [2025-02-05T05:52:15.687+0000] {dag.py:4180} INFO - Setting next_dagrun for example_complex to None, run_after=None
[2025-02-05T05:52:15.708+0000] {processor.py:208} INFO - Processing /home/airflow/.local/lib/python3.12/site-packages/airflow/example_dags/example_complex.py took 0.082 seconds
[2025-02-05T05:52:46.968+0000] {processor.py:186} INFO - Started process (PID=6330) to work on /home/airflow/.local/lib/python3.12/site-packages/airflow/example_dags/example_complex.py
[2025-02-05T05:52:46.968+0000] {processor.py:914} INFO - Processing file /home/airflow/.local/lib/python3.12/site-packages/airflow/example_dags/example_complex.py for tasks to queue
[2025-02-05T05:52:46.970+0000] {logging_mixin.py:190} INFO - [2025-02-05T05:52:46.970+0000] {dagbag.py:588} INFO - Filling up the DagBag from /home/airflow/.local/lib/python3.12/site-packages/airflow/example_dags/example_complex.py
[2025-02-05T05:52:46.980+0000] {processor.py:925} INFO - DAG(s) 'example_complex' retrieved from /home/airflow/.local/lib/python3.12/site-packages/airflow/example_dags/example_complex.py
[2025-02-05T05:52:47.006+0000] {logging_mixin.py:190} INFO - [2025-02-05T05:52:47.006+0000] {dag.py:3239} INFO - Sync 1 DAGs
[2025-02-05T05:52:47.018+0000] {logging_mixin.py:190} INFO - [2025-02-05T05:52:47.018+0000] {dag.py:4180} INFO - Setting next_dagrun for example_complex to None, run_after=None
[2025-02-05T05:52:47.033+0000] {processor.py:208} INFO - Processing /home/airflow/.local/lib/python3.12/site-packages/airflow/example_dags/example_complex.py took 0.070 seconds
[2025-02-05T05:53:17.598+0000] {processor.py:186} INFO - Started process (PID=6621) to work on /home/airflow/.local/lib/python3.12/site-packages/airflow/example_dags/example_complex.py
[2025-02-05T05:53:17.598+0000] {processor.py:914} INFO - Processing file /home/airflow/.local/lib/python3.12/site-packages/airflow/example_dags/example_complex.py for tasks to queue
[2025-02-05T05:53:17.600+0000] {logging_mixin.py:190} INFO - [2025-02-05T05:53:17.600+0000] {dagbag.py:588} INFO - Filling up the DagBag from /home/airflow/.local/lib/python3.12/site-packages/airflow/example_dags/example_complex.py
[2025-02-05T05:53:17.611+0000] {processor.py:925} INFO - DAG(s) 'example_complex' retrieved from /home/airflow/.local/lib/python3.12/site-packages/airflow/example_dags/example_complex.py
[2025-02-05T05:53:17.638+0000] {logging_mixin.py:190} INFO - [2025-02-05T05:53:17.638+0000] {dag.py:3239} INFO - Sync 1 DAGs
[2025-02-05T05:53:17.652+0000] {logging_mixin.py:190} INFO - [2025-02-05T05:53:17.651+0000] {dag.py:4180} INFO - Setting next_dagrun for example_complex to None, run_after=None
[2025-02-05T05:53:17.669+0000] {processor.py:208} INFO - Processing /home/airflow/.local/lib/python3.12/site-packages/airflow/example_dags/example_complex.py took 0.077 seconds
[2025-02-05T05:53:49.947+0000] {processor.py:186} INFO - Started process (PID=6923) to work on /home/airflow/.local/lib/python3.12/site-packages/airflow/example_dags/example_complex.py
[2025-02-05T05:53:49.948+0000] {processor.py:914} INFO - Processing file /home/airflow/.local/lib/python3.12/site-packages/airflow/example_dags/example_complex.py for tasks to queue
[2025-02-05T05:53:49.950+0000] {logging_mixin.py:190} INFO - [2025-02-05T05:53:49.950+0000] {dagbag.py:588} INFO - Filling up the DagBag from /home/airflow/.local/lib/python3.12/site-packages/airflow/example_dags/example_complex.py
[2025-02-05T05:53:49.961+0000] {processor.py:925} INFO - DAG(s) 'example_complex' retrieved from /home/airflow/.local/lib/python3.12/site-packages/airflow/example_dags/example_complex.py
[2025-02-05T05:53:49.996+0000] {logging_mixin.py:190} INFO - [2025-02-05T05:53:49.995+0000] {dag.py:3239} INFO - Sync 1 DAGs
[2025-02-05T05:53:50.010+0000] {logging_mixin.py:190} INFO - [2025-02-05T05:53:50.009+0000] {dag.py:4180} INFO - Setting next_dagrun for example_complex to None, run_after=None
[2025-02-05T05:53:50.029+0000] {processor.py:208} INFO - Processing /home/airflow/.local/lib/python3.12/site-packages/airflow/example_dags/example_complex.py took 0.087 seconds
[2025-02-05T05:54:20.154+0000] {processor.py:186} INFO - Started process (PID=7214) to work on /home/airflow/.local/lib/python3.12/site-packages/airflow/example_dags/example_complex.py
[2025-02-05T05:54:20.155+0000] {processor.py:914} INFO - Processing file /home/airflow/.local/lib/python3.12/site-packages/airflow/example_dags/example_complex.py for tasks to queue
[2025-02-05T05:54:20.157+0000] {logging_mixin.py:190} INFO - [2025-02-05T05:54:20.156+0000] {dagbag.py:588} INFO - Filling up the DagBag from /home/airflow/.local/lib/python3.12/site-packages/airflow/example_dags/example_complex.py
[2025-02-05T05:54:20.166+0000] {processor.py:925} INFO - DAG(s) 'example_complex' retrieved from /home/airflow/.local/lib/python3.12/site-packages/airflow/example_dags/example_complex.py
[2025-02-05T05:54:20.193+0000] {logging_mixin.py:190} INFO - [2025-02-05T05:54:20.193+0000] {dag.py:3239} INFO - Sync 1 DAGs
[2025-02-05T05:54:20.208+0000] {logging_mixin.py:190} INFO - [2025-02-05T05:54:20.208+0000] {dag.py:4180} INFO - Setting next_dagrun for example_complex to None, run_after=None
[2025-02-05T05:54:20.226+0000] {processor.py:208} INFO - Processing /home/airflow/.local/lib/python3.12/site-packages/airflow/example_dags/example_complex.py took 0.078 seconds
[2025-02-05T05:55:09.370+0000] {processor.py:186} INFO - Started process (PID=453) to work on /home/airflow/.local/lib/python3.12/site-packages/airflow/example_dags/example_complex.py
[2025-02-05T05:55:09.371+0000] {processor.py:914} INFO - Processing file /home/airflow/.local/lib/python3.12/site-packages/airflow/example_dags/example_complex.py for tasks to queue
[2025-02-05T05:55:09.372+0000] {logging_mixin.py:190} INFO - [2025-02-05T05:55:09.372+0000] {dagbag.py:588} INFO - Filling up the DagBag from /home/airflow/.local/lib/python3.12/site-packages/airflow/example_dags/example_complex.py
[2025-02-05T05:55:09.382+0000] {processor.py:925} INFO - DAG(s) 'example_complex' retrieved from /home/airflow/.local/lib/python3.12/site-packages/airflow/example_dags/example_complex.py
[2025-02-05T05:55:09.415+0000] {logging_mixin.py:190} INFO - [2025-02-05T05:55:09.414+0000] {dag.py:3239} INFO - Sync 1 DAGs
[2025-02-05T05:55:09.428+0000] {logging_mixin.py:190} INFO - [2025-02-05T05:55:09.428+0000] {dag.py:4180} INFO - Setting next_dagrun for example_complex to None, run_after=None
[2025-02-05T05:55:09.446+0000] {processor.py:208} INFO - Processing /home/airflow/.local/lib/python3.12/site-packages/airflow/example_dags/example_complex.py took 0.081 seconds
[2025-02-05T06:18:26.112+0000] {processor.py:186} INFO - Started process (PID=970) to work on /home/airflow/.local/lib/python3.12/site-packages/airflow/example_dags/example_complex.py
[2025-02-05T06:18:26.113+0000] {processor.py:914} INFO - Processing file /home/airflow/.local/lib/python3.12/site-packages/airflow/example_dags/example_complex.py for tasks to queue
[2025-02-05T06:18:26.115+0000] {logging_mixin.py:190} INFO - [2025-02-05T06:18:26.114+0000] {dagbag.py:588} INFO - Filling up the DagBag from /home/airflow/.local/lib/python3.12/site-packages/airflow/example_dags/example_complex.py
[2025-02-05T06:18:26.124+0000] {processor.py:925} INFO - DAG(s) 'example_complex' retrieved from /home/airflow/.local/lib/python3.12/site-packages/airflow/example_dags/example_complex.py
[2025-02-05T06:18:26.149+0000] {logging_mixin.py:190} INFO - [2025-02-05T06:18:26.149+0000] {dag.py:3239} INFO - Sync 1 DAGs
[2025-02-05T06:18:26.162+0000] {logging_mixin.py:190} INFO - [2025-02-05T06:18:26.161+0000] {dag.py:4180} INFO - Setting next_dagrun for example_complex to None, run_after=None
[2025-02-05T06:18:26.176+0000] {processor.py:208} INFO - Processing /home/airflow/.local/lib/python3.12/site-packages/airflow/example_dags/example_complex.py took 0.069 seconds
[2025-02-05T06:18:59.451+0000] {processor.py:186} INFO - Started process (PID=1266) to work on /home/airflow/.local/lib/python3.12/site-packages/airflow/example_dags/example_complex.py
[2025-02-05T06:18:59.452+0000] {processor.py:914} INFO - Processing file /home/airflow/.local/lib/python3.12/site-packages/airflow/example_dags/example_complex.py for tasks to queue
[2025-02-05T06:18:59.453+0000] {logging_mixin.py:190} INFO - [2025-02-05T06:18:59.453+0000] {dagbag.py:588} INFO - Filling up the DagBag from /home/airflow/.local/lib/python3.12/site-packages/airflow/example_dags/example_complex.py
[2025-02-05T06:18:59.462+0000] {processor.py:925} INFO - DAG(s) 'example_complex' retrieved from /home/airflow/.local/lib/python3.12/site-packages/airflow/example_dags/example_complex.py
[2025-02-05T06:18:59.487+0000] {logging_mixin.py:190} INFO - [2025-02-05T06:18:59.487+0000] {dag.py:3239} INFO - Sync 1 DAGs
[2025-02-05T06:18:59.499+0000] {logging_mixin.py:190} INFO - [2025-02-05T06:18:59.499+0000] {dag.py:4180} INFO - Setting next_dagrun for example_complex to None, run_after=None
[2025-02-05T06:18:59.515+0000] {processor.py:208} INFO - Processing /home/airflow/.local/lib/python3.12/site-packages/airflow/example_dags/example_complex.py took 0.069 seconds
[2025-02-05T06:19:30.215+0000] {processor.py:186} INFO - Started process (PID=1559) to work on /home/airflow/.local/lib/python3.12/site-packages/airflow/example_dags/example_complex.py
[2025-02-05T06:19:30.216+0000] {processor.py:914} INFO - Processing file /home/airflow/.local/lib/python3.12/site-packages/airflow/example_dags/example_complex.py for tasks to queue
[2025-02-05T06:19:30.218+0000] {logging_mixin.py:190} INFO - [2025-02-05T06:19:30.218+0000] {dagbag.py:588} INFO - Filling up the DagBag from /home/airflow/.local/lib/python3.12/site-packages/airflow/example_dags/example_complex.py
[2025-02-05T06:19:30.229+0000] {processor.py:925} INFO - DAG(s) 'example_complex' retrieved from /home/airflow/.local/lib/python3.12/site-packages/airflow/example_dags/example_complex.py
[2025-02-05T06:19:30.259+0000] {logging_mixin.py:190} INFO - [2025-02-05T06:19:30.259+0000] {dag.py:3239} INFO - Sync 1 DAGs
[2025-02-05T06:19:30.274+0000] {logging_mixin.py:190} INFO - [2025-02-05T06:19:30.274+0000] {dag.py:4180} INFO - Setting next_dagrun for example_complex to None, run_after=None
[2025-02-05T06:19:30.293+0000] {processor.py:208} INFO - Processing /home/airflow/.local/lib/python3.12/site-packages/airflow/example_dags/example_complex.py took 0.083 seconds
[2025-02-05T06:20:01.609+0000] {processor.py:186} INFO - Started process (PID=1853) to work on /home/airflow/.local/lib/python3.12/site-packages/airflow/example_dags/example_complex.py
[2025-02-05T06:20:01.610+0000] {processor.py:914} INFO - Processing file /home/airflow/.local/lib/python3.12/site-packages/airflow/example_dags/example_complex.py for tasks to queue
[2025-02-05T06:20:01.612+0000] {logging_mixin.py:190} INFO - [2025-02-05T06:20:01.612+0000] {dagbag.py:588} INFO - Filling up the DagBag from /home/airflow/.local/lib/python3.12/site-packages/airflow/example_dags/example_complex.py
[2025-02-05T06:20:01.621+0000] {processor.py:925} INFO - DAG(s) 'example_complex' retrieved from /home/airflow/.local/lib/python3.12/site-packages/airflow/example_dags/example_complex.py
[2025-02-05T06:20:01.655+0000] {logging_mixin.py:190} INFO - [2025-02-05T06:20:01.654+0000] {dag.py:3239} INFO - Sync 1 DAGs
[2025-02-05T06:20:01.667+0000] {logging_mixin.py:190} INFO - [2025-02-05T06:20:01.667+0000] {dag.py:4180} INFO - Setting next_dagrun for example_complex to None, run_after=None
[2025-02-05T06:20:01.688+0000] {processor.py:208} INFO - Processing /home/airflow/.local/lib/python3.12/site-packages/airflow/example_dags/example_complex.py took 0.085 seconds
[2025-02-05T06:20:32.557+0000] {processor.py:186} INFO - Started process (PID=2144) to work on /home/airflow/.local/lib/python3.12/site-packages/airflow/example_dags/example_complex.py
[2025-02-05T06:20:32.558+0000] {processor.py:914} INFO - Processing file /home/airflow/.local/lib/python3.12/site-packages/airflow/example_dags/example_complex.py for tasks to queue
[2025-02-05T06:20:32.561+0000] {logging_mixin.py:190} INFO - [2025-02-05T06:20:32.560+0000] {dagbag.py:588} INFO - Filling up the DagBag from /home/airflow/.local/lib/python3.12/site-packages/airflow/example_dags/example_complex.py
[2025-02-05T06:20:32.572+0000] {processor.py:925} INFO - DAG(s) 'example_complex' retrieved from /home/airflow/.local/lib/python3.12/site-packages/airflow/example_dags/example_complex.py
[2025-02-05T06:20:32.602+0000] {logging_mixin.py:190} INFO - [2025-02-05T06:20:32.602+0000] {dag.py:3239} INFO - Sync 1 DAGs
[2025-02-05T06:20:32.616+0000] {logging_mixin.py:190} INFO - [2025-02-05T06:20:32.616+0000] {dag.py:4180} INFO - Setting next_dagrun for example_complex to None, run_after=None
[2025-02-05T06:20:32.637+0000] {processor.py:208} INFO - Processing /home/airflow/.local/lib/python3.12/site-packages/airflow/example_dags/example_complex.py took 0.085 seconds
[2025-02-05T06:21:04.232+0000] {processor.py:186} INFO - Started process (PID=2440) to work on /home/airflow/.local/lib/python3.12/site-packages/airflow/example_dags/example_complex.py
[2025-02-05T06:21:04.232+0000] {processor.py:914} INFO - Processing file /home/airflow/.local/lib/python3.12/site-packages/airflow/example_dags/example_complex.py for tasks to queue
[2025-02-05T06:21:04.234+0000] {logging_mixin.py:190} INFO - [2025-02-05T06:21:04.234+0000] {dagbag.py:588} INFO - Filling up the DagBag from /home/airflow/.local/lib/python3.12/site-packages/airflow/example_dags/example_complex.py
[2025-02-05T06:21:04.243+0000] {processor.py:925} INFO - DAG(s) 'example_complex' retrieved from /home/airflow/.local/lib/python3.12/site-packages/airflow/example_dags/example_complex.py
[2025-02-05T06:21:04.268+0000] {logging_mixin.py:190} INFO - [2025-02-05T06:21:04.267+0000] {dag.py:3239} INFO - Sync 1 DAGs
[2025-02-05T06:21:04.280+0000] {logging_mixin.py:190} INFO - [2025-02-05T06:21:04.279+0000] {dag.py:4180} INFO - Setting next_dagrun for example_complex to None, run_after=None
[2025-02-05T06:21:04.294+0000] {processor.py:208} INFO - Processing /home/airflow/.local/lib/python3.12/site-packages/airflow/example_dags/example_complex.py took 0.067 seconds
[2025-02-05T06:21:35.066+0000] {processor.py:186} INFO - Started process (PID=2731) to work on /home/airflow/.local/lib/python3.12/site-packages/airflow/example_dags/example_complex.py
[2025-02-05T06:21:35.067+0000] {processor.py:914} INFO - Processing file /home/airflow/.local/lib/python3.12/site-packages/airflow/example_dags/example_complex.py for tasks to queue
[2025-02-05T06:21:35.069+0000] {logging_mixin.py:190} INFO - [2025-02-05T06:21:35.069+0000] {dagbag.py:588} INFO - Filling up the DagBag from /home/airflow/.local/lib/python3.12/site-packages/airflow/example_dags/example_complex.py
[2025-02-05T06:21:35.080+0000] {processor.py:925} INFO - DAG(s) 'example_complex' retrieved from /home/airflow/.local/lib/python3.12/site-packages/airflow/example_dags/example_complex.py
[2025-02-05T06:21:35.111+0000] {logging_mixin.py:190} INFO - [2025-02-05T06:21:35.110+0000] {dag.py:3239} INFO - Sync 1 DAGs
[2025-02-05T06:21:35.125+0000] {logging_mixin.py:190} INFO - [2025-02-05T06:21:35.124+0000] {dag.py:4180} INFO - Setting next_dagrun for example_complex to None, run_after=None
[2025-02-05T06:21:35.144+0000] {processor.py:208} INFO - Processing /home/airflow/.local/lib/python3.12/site-packages/airflow/example_dags/example_complex.py took 0.084 seconds
[2025-02-05T06:22:06.545+0000] {processor.py:186} INFO - Started process (PID=3027) to work on /home/airflow/.local/lib/python3.12/site-packages/airflow/example_dags/example_complex.py
[2025-02-05T06:22:06.545+0000] {processor.py:914} INFO - Processing file /home/airflow/.local/lib/python3.12/site-packages/airflow/example_dags/example_complex.py for tasks to queue
[2025-02-05T06:22:06.547+0000] {logging_mixin.py:190} INFO - [2025-02-05T06:22:06.547+0000] {dagbag.py:588} INFO - Filling up the DagBag from /home/airflow/.local/lib/python3.12/site-packages/airflow/example_dags/example_complex.py
[2025-02-05T06:22:06.555+0000] {processor.py:925} INFO - DAG(s) 'example_complex' retrieved from /home/airflow/.local/lib/python3.12/site-packages/airflow/example_dags/example_complex.py
[2025-02-05T06:22:06.580+0000] {logging_mixin.py:190} INFO - [2025-02-05T06:22:06.579+0000] {dag.py:3239} INFO - Sync 1 DAGs
[2025-02-05T06:22:06.591+0000] {logging_mixin.py:190} INFO - [2025-02-05T06:22:06.591+0000] {dag.py:4180} INFO - Setting next_dagrun for example_complex to None, run_after=None
[2025-02-05T06:22:06.606+0000] {processor.py:208} INFO - Processing /home/airflow/.local/lib/python3.12/site-packages/airflow/example_dags/example_complex.py took 0.067 seconds
[2025-02-05T06:22:37.136+0000] {processor.py:186} INFO - Started process (PID=3318) to work on /home/airflow/.local/lib/python3.12/site-packages/airflow/example_dags/example_complex.py
[2025-02-05T06:22:37.137+0000] {processor.py:914} INFO - Processing file /home/airflow/.local/lib/python3.12/site-packages/airflow/example_dags/example_complex.py for tasks to queue
[2025-02-05T06:22:37.139+0000] {logging_mixin.py:190} INFO - [2025-02-05T06:22:37.139+0000] {dagbag.py:588} INFO - Filling up the DagBag from /home/airflow/.local/lib/python3.12/site-packages/airflow/example_dags/example_complex.py
[2025-02-05T06:22:37.150+0000] {processor.py:925} INFO - DAG(s) 'example_complex' retrieved from /home/airflow/.local/lib/python3.12/site-packages/airflow/example_dags/example_complex.py
[2025-02-05T06:22:37.179+0000] {logging_mixin.py:190} INFO - [2025-02-05T06:22:37.179+0000] {dag.py:3239} INFO - Sync 1 DAGs
[2025-02-05T06:22:37.192+0000] {logging_mixin.py:190} INFO - [2025-02-05T06:22:37.192+0000] {dag.py:4180} INFO - Setting next_dagrun for example_complex to None, run_after=None
[2025-02-05T06:22:37.211+0000] {processor.py:208} INFO - Processing /home/airflow/.local/lib/python3.12/site-packages/airflow/example_dags/example_complex.py took 0.081 seconds
[2025-02-05T06:23:08.372+0000] {processor.py:186} INFO - Started process (PID=3614) to work on /home/airflow/.local/lib/python3.12/site-packages/airflow/example_dags/example_complex.py
[2025-02-05T06:23:08.373+0000] {processor.py:914} INFO - Processing file /home/airflow/.local/lib/python3.12/site-packages/airflow/example_dags/example_complex.py for tasks to queue
[2025-02-05T06:23:08.375+0000] {logging_mixin.py:190} INFO - [2025-02-05T06:23:08.374+0000] {dagbag.py:588} INFO - Filling up the DagBag from /home/airflow/.local/lib/python3.12/site-packages/airflow/example_dags/example_complex.py
[2025-02-05T06:23:08.383+0000] {processor.py:925} INFO - DAG(s) 'example_complex' retrieved from /home/airflow/.local/lib/python3.12/site-packages/airflow/example_dags/example_complex.py
[2025-02-05T06:23:08.408+0000] {logging_mixin.py:190} INFO - [2025-02-05T06:23:08.408+0000] {dag.py:3239} INFO - Sync 1 DAGs
[2025-02-05T06:23:08.422+0000] {logging_mixin.py:190} INFO - [2025-02-05T06:23:08.421+0000] {dag.py:4180} INFO - Setting next_dagrun for example_complex to None, run_after=None
[2025-02-05T06:23:08.437+0000] {processor.py:208} INFO - Processing /home/airflow/.local/lib/python3.12/site-packages/airflow/example_dags/example_complex.py took 0.069 seconds
[2025-02-05T06:23:39.001+0000] {processor.py:186} INFO - Started process (PID=3905) to work on /home/airflow/.local/lib/python3.12/site-packages/airflow/example_dags/example_complex.py
[2025-02-05T06:23:39.002+0000] {processor.py:914} INFO - Processing file /home/airflow/.local/lib/python3.12/site-packages/airflow/example_dags/example_complex.py for tasks to queue
[2025-02-05T06:23:39.005+0000] {logging_mixin.py:190} INFO - [2025-02-05T06:23:39.004+0000] {dagbag.py:588} INFO - Filling up the DagBag from /home/airflow/.local/lib/python3.12/site-packages/airflow/example_dags/example_complex.py
[2025-02-05T06:23:39.016+0000] {processor.py:925} INFO - DAG(s) 'example_complex' retrieved from /home/airflow/.local/lib/python3.12/site-packages/airflow/example_dags/example_complex.py
[2025-02-05T06:23:39.045+0000] {logging_mixin.py:190} INFO - [2025-02-05T06:23:39.044+0000] {dag.py:3239} INFO - Sync 1 DAGs
[2025-02-05T06:23:39.059+0000] {logging_mixin.py:190} INFO - [2025-02-05T06:23:39.058+0000] {dag.py:4180} INFO - Setting next_dagrun for example_complex to None, run_after=None
[2025-02-05T06:23:39.079+0000] {processor.py:208} INFO - Processing /home/airflow/.local/lib/python3.12/site-packages/airflow/example_dags/example_complex.py took 0.084 seconds
[2025-02-05T06:24:09.984+0000] {processor.py:186} INFO - Started process (PID=4201) to work on /home/airflow/.local/lib/python3.12/site-packages/airflow/example_dags/example_complex.py
[2025-02-05T06:24:09.985+0000] {processor.py:914} INFO - Processing file /home/airflow/.local/lib/python3.12/site-packages/airflow/example_dags/example_complex.py for tasks to queue
[2025-02-05T06:24:09.986+0000] {logging_mixin.py:190} INFO - [2025-02-05T06:24:09.986+0000] {dagbag.py:588} INFO - Filling up the DagBag from /home/airflow/.local/lib/python3.12/site-packages/airflow/example_dags/example_complex.py
[2025-02-05T06:24:09.996+0000] {processor.py:925} INFO - DAG(s) 'example_complex' retrieved from /home/airflow/.local/lib/python3.12/site-packages/airflow/example_dags/example_complex.py
[2025-02-05T06:24:10.024+0000] {logging_mixin.py:190} INFO - [2025-02-05T06:24:10.023+0000] {dag.py:3239} INFO - Sync 1 DAGs
[2025-02-05T06:24:10.034+0000] {logging_mixin.py:190} INFO - [2025-02-05T06:24:10.034+0000] {dag.py:4180} INFO - Setting next_dagrun for example_complex to None, run_after=None
[2025-02-05T06:24:10.048+0000] {processor.py:208} INFO - Processing /home/airflow/.local/lib/python3.12/site-packages/airflow/example_dags/example_complex.py took 0.068 seconds
[2025-02-05T06:24:40.504+0000] {processor.py:186} INFO - Started process (PID=4492) to work on /home/airflow/.local/lib/python3.12/site-packages/airflow/example_dags/example_complex.py
[2025-02-05T06:24:40.505+0000] {processor.py:914} INFO - Processing file /home/airflow/.local/lib/python3.12/site-packages/airflow/example_dags/example_complex.py for tasks to queue
[2025-02-05T06:24:40.507+0000] {logging_mixin.py:190} INFO - [2025-02-05T06:24:40.507+0000] {dagbag.py:588} INFO - Filling up the DagBag from /home/airflow/.local/lib/python3.12/site-packages/airflow/example_dags/example_complex.py
[2025-02-05T06:24:40.518+0000] {processor.py:925} INFO - DAG(s) 'example_complex' retrieved from /home/airflow/.local/lib/python3.12/site-packages/airflow/example_dags/example_complex.py
[2025-02-05T06:24:40.549+0000] {logging_mixin.py:190} INFO - [2025-02-05T06:24:40.549+0000] {dag.py:3239} INFO - Sync 1 DAGs
[2025-02-05T06:24:40.564+0000] {logging_mixin.py:190} INFO - [2025-02-05T06:24:40.564+0000] {dag.py:4180} INFO - Setting next_dagrun for example_complex to None, run_after=None
[2025-02-05T06:24:40.588+0000] {processor.py:208} INFO - Processing /home/airflow/.local/lib/python3.12/site-packages/airflow/example_dags/example_complex.py took 0.091 seconds
[2025-02-05T06:25:12.014+0000] {processor.py:186} INFO - Started process (PID=4794) to work on /home/airflow/.local/lib/python3.12/site-packages/airflow/example_dags/example_complex.py
[2025-02-05T06:25:12.014+0000] {processor.py:914} INFO - Processing file /home/airflow/.local/lib/python3.12/site-packages/airflow/example_dags/example_complex.py for tasks to queue
[2025-02-05T06:25:12.016+0000] {logging_mixin.py:190} INFO - [2025-02-05T06:25:12.016+0000] {dagbag.py:588} INFO - Filling up the DagBag from /home/airflow/.local/lib/python3.12/site-packages/airflow/example_dags/example_complex.py
[2025-02-05T06:25:12.026+0000] {processor.py:925} INFO - DAG(s) 'example_complex' retrieved from /home/airflow/.local/lib/python3.12/site-packages/airflow/example_dags/example_complex.py
[2025-02-05T06:25:12.052+0000] {logging_mixin.py:190} INFO - [2025-02-05T06:25:12.052+0000] {dag.py:3239} INFO - Sync 1 DAGs
[2025-02-05T06:25:12.066+0000] {logging_mixin.py:190} INFO - [2025-02-05T06:25:12.066+0000] {dag.py:4180} INFO - Setting next_dagrun for example_complex to None, run_after=None
[2025-02-05T06:25:12.082+0000] {processor.py:208} INFO - Processing /home/airflow/.local/lib/python3.12/site-packages/airflow/example_dags/example_complex.py took 0.073 seconds
[2025-02-05T06:25:42.501+0000] {processor.py:186} INFO - Started process (PID=5085) to work on /home/airflow/.local/lib/python3.12/site-packages/airflow/example_dags/example_complex.py
[2025-02-05T06:25:42.502+0000] {processor.py:914} INFO - Processing file /home/airflow/.local/lib/python3.12/site-packages/airflow/example_dags/example_complex.py for tasks to queue
[2025-02-05T06:25:42.504+0000] {logging_mixin.py:190} INFO - [2025-02-05T06:25:42.503+0000] {dagbag.py:588} INFO - Filling up the DagBag from /home/airflow/.local/lib/python3.12/site-packages/airflow/example_dags/example_complex.py
[2025-02-05T06:25:42.513+0000] {processor.py:925} INFO - DAG(s) 'example_complex' retrieved from /home/airflow/.local/lib/python3.12/site-packages/airflow/example_dags/example_complex.py
[2025-02-05T06:25:42.540+0000] {logging_mixin.py:190} INFO - [2025-02-05T06:25:42.540+0000] {dag.py:3239} INFO - Sync 1 DAGs
[2025-02-05T06:25:42.552+0000] {logging_mixin.py:190} INFO - [2025-02-05T06:25:42.551+0000] {dag.py:4180} INFO - Setting next_dagrun for example_complex to None, run_after=None
[2025-02-05T06:25:42.568+0000] {processor.py:208} INFO - Processing /home/airflow/.local/lib/python3.12/site-packages/airflow/example_dags/example_complex.py took 0.071 seconds
[2025-02-05T06:26:14.299+0000] {processor.py:186} INFO - Started process (PID=5381) to work on /home/airflow/.local/lib/python3.12/site-packages/airflow/example_dags/example_complex.py
[2025-02-05T06:26:14.299+0000] {processor.py:914} INFO - Processing file /home/airflow/.local/lib/python3.12/site-packages/airflow/example_dags/example_complex.py for tasks to queue
[2025-02-05T06:26:14.301+0000] {logging_mixin.py:190} INFO - [2025-02-05T06:26:14.301+0000] {dagbag.py:588} INFO - Filling up the DagBag from /home/airflow/.local/lib/python3.12/site-packages/airflow/example_dags/example_complex.py
[2025-02-05T06:26:14.311+0000] {processor.py:925} INFO - DAG(s) 'example_complex' retrieved from /home/airflow/.local/lib/python3.12/site-packages/airflow/example_dags/example_complex.py
[2025-02-05T06:26:14.336+0000] {logging_mixin.py:190} INFO - [2025-02-05T06:26:14.336+0000] {dag.py:3239} INFO - Sync 1 DAGs
[2025-02-05T06:26:14.349+0000] {logging_mixin.py:190} INFO - [2025-02-05T06:26:14.349+0000] {dag.py:4180} INFO - Setting next_dagrun for example_complex to None, run_after=None
[2025-02-05T06:26:14.365+0000] {processor.py:208} INFO - Processing /home/airflow/.local/lib/python3.12/site-packages/airflow/example_dags/example_complex.py took 0.071 seconds
[2025-02-05T06:26:44.817+0000] {processor.py:186} INFO - Started process (PID=5672) to work on /home/airflow/.local/lib/python3.12/site-packages/airflow/example_dags/example_complex.py
[2025-02-05T06:26:44.818+0000] {processor.py:914} INFO - Processing file /home/airflow/.local/lib/python3.12/site-packages/airflow/example_dags/example_complex.py for tasks to queue
[2025-02-05T06:26:44.820+0000] {logging_mixin.py:190} INFO - [2025-02-05T06:26:44.820+0000] {dagbag.py:588} INFO - Filling up the DagBag from /home/airflow/.local/lib/python3.12/site-packages/airflow/example_dags/example_complex.py
[2025-02-05T06:26:44.831+0000] {processor.py:925} INFO - DAG(s) 'example_complex' retrieved from /home/airflow/.local/lib/python3.12/site-packages/airflow/example_dags/example_complex.py
[2025-02-05T06:26:44.862+0000] {logging_mixin.py:190} INFO - [2025-02-05T06:26:44.862+0000] {dag.py:3239} INFO - Sync 1 DAGs
[2025-02-05T06:26:44.877+0000] {logging_mixin.py:190} INFO - [2025-02-05T06:26:44.876+0000] {dag.py:4180} INFO - Setting next_dagrun for example_complex to None, run_after=None
[2025-02-05T06:26:44.899+0000] {processor.py:208} INFO - Processing /home/airflow/.local/lib/python3.12/site-packages/airflow/example_dags/example_complex.py took 0.089 seconds
[2025-02-05T06:27:16.966+0000] {processor.py:186} INFO - Started process (PID=5963) to work on /home/airflow/.local/lib/python3.12/site-packages/airflow/example_dags/example_complex.py
[2025-02-05T06:27:16.967+0000] {processor.py:914} INFO - Processing file /home/airflow/.local/lib/python3.12/site-packages/airflow/example_dags/example_complex.py for tasks to queue
[2025-02-05T06:27:16.969+0000] {logging_mixin.py:190} INFO - [2025-02-05T06:27:16.968+0000] {dagbag.py:588} INFO - Filling up the DagBag from /home/airflow/.local/lib/python3.12/site-packages/airflow/example_dags/example_complex.py
[2025-02-05T06:27:16.978+0000] {processor.py:925} INFO - DAG(s) 'example_complex' retrieved from /home/airflow/.local/lib/python3.12/site-packages/airflow/example_dags/example_complex.py
[2025-02-05T06:27:17.005+0000] {logging_mixin.py:190} INFO - [2025-02-05T06:27:17.004+0000] {dag.py:3239} INFO - Sync 1 DAGs
[2025-02-05T06:27:17.019+0000] {logging_mixin.py:190} INFO - [2025-02-05T06:27:17.018+0000] {dag.py:4180} INFO - Setting next_dagrun for example_complex to None, run_after=None
[2025-02-05T06:27:17.033+0000] {processor.py:208} INFO - Processing /home/airflow/.local/lib/python3.12/site-packages/airflow/example_dags/example_complex.py took 0.072 seconds
[2025-02-05T06:27:47.070+0000] {processor.py:186} INFO - Started process (PID=6256) to work on /home/airflow/.local/lib/python3.12/site-packages/airflow/example_dags/example_complex.py
[2025-02-05T06:27:47.071+0000] {processor.py:914} INFO - Processing file /home/airflow/.local/lib/python3.12/site-packages/airflow/example_dags/example_complex.py for tasks to queue
[2025-02-05T06:27:47.073+0000] {logging_mixin.py:190} INFO - [2025-02-05T06:27:47.073+0000] {dagbag.py:588} INFO - Filling up the DagBag from /home/airflow/.local/lib/python3.12/site-packages/airflow/example_dags/example_complex.py
[2025-02-05T06:27:47.083+0000] {processor.py:925} INFO - DAG(s) 'example_complex' retrieved from /home/airflow/.local/lib/python3.12/site-packages/airflow/example_dags/example_complex.py
[2025-02-05T06:27:47.109+0000] {logging_mixin.py:190} INFO - [2025-02-05T06:27:47.109+0000] {dag.py:3239} INFO - Sync 1 DAGs
[2025-02-05T06:27:47.120+0000] {logging_mixin.py:190} INFO - [2025-02-05T06:27:47.120+0000] {dag.py:4180} INFO - Setting next_dagrun for example_complex to None, run_after=None
[2025-02-05T06:27:47.135+0000] {processor.py:208} INFO - Processing /home/airflow/.local/lib/python3.12/site-packages/airflow/example_dags/example_complex.py took 0.070 seconds
[2025-02-05T06:28:19.071+0000] {processor.py:186} INFO - Started process (PID=6550) to work on /home/airflow/.local/lib/python3.12/site-packages/airflow/example_dags/example_complex.py
[2025-02-05T06:28:19.072+0000] {processor.py:914} INFO - Processing file /home/airflow/.local/lib/python3.12/site-packages/airflow/example_dags/example_complex.py for tasks to queue
[2025-02-05T06:28:19.073+0000] {logging_mixin.py:190} INFO - [2025-02-05T06:28:19.073+0000] {dagbag.py:588} INFO - Filling up the DagBag from /home/airflow/.local/lib/python3.12/site-packages/airflow/example_dags/example_complex.py
[2025-02-05T06:28:19.082+0000] {processor.py:925} INFO - DAG(s) 'example_complex' retrieved from /home/airflow/.local/lib/python3.12/site-packages/airflow/example_dags/example_complex.py
[2025-02-05T06:28:19.108+0000] {logging_mixin.py:190} INFO - [2025-02-05T06:28:19.108+0000] {dag.py:3239} INFO - Sync 1 DAGs
[2025-02-05T06:28:19.120+0000] {logging_mixin.py:190} INFO - [2025-02-05T06:28:19.120+0000] {dag.py:4180} INFO - Setting next_dagrun for example_complex to None, run_after=None
[2025-02-05T06:28:19.136+0000] {processor.py:208} INFO - Processing /home/airflow/.local/lib/python3.12/site-packages/airflow/example_dags/example_complex.py took 0.069 seconds
[2025-02-05T06:28:50.067+0000] {processor.py:186} INFO - Started process (PID=6843) to work on /home/airflow/.local/lib/python3.12/site-packages/airflow/example_dags/example_complex.py
[2025-02-05T06:28:50.068+0000] {processor.py:914} INFO - Processing file /home/airflow/.local/lib/python3.12/site-packages/airflow/example_dags/example_complex.py for tasks to queue
[2025-02-05T06:28:50.070+0000] {logging_mixin.py:190} INFO - [2025-02-05T06:28:50.070+0000] {dagbag.py:588} INFO - Filling up the DagBag from /home/airflow/.local/lib/python3.12/site-packages/airflow/example_dags/example_complex.py
[2025-02-05T06:28:50.081+0000] {processor.py:925} INFO - DAG(s) 'example_complex' retrieved from /home/airflow/.local/lib/python3.12/site-packages/airflow/example_dags/example_complex.py
[2025-02-05T06:28:50.113+0000] {logging_mixin.py:190} INFO - [2025-02-05T06:28:50.113+0000] {dag.py:3239} INFO - Sync 1 DAGs
[2025-02-05T06:28:50.128+0000] {logging_mixin.py:190} INFO - [2025-02-05T06:28:50.127+0000] {dag.py:4180} INFO - Setting next_dagrun for example_complex to None, run_after=None
[2025-02-05T06:28:50.146+0000] {processor.py:208} INFO - Processing /home/airflow/.local/lib/python3.12/site-packages/airflow/example_dags/example_complex.py took 0.086 seconds
[2025-02-05T06:29:20.521+0000] {processor.py:186} INFO - Started process (PID=7137) to work on /home/airflow/.local/lib/python3.12/site-packages/airflow/example_dags/example_complex.py
[2025-02-05T06:29:20.521+0000] {processor.py:914} INFO - Processing file /home/airflow/.local/lib/python3.12/site-packages/airflow/example_dags/example_complex.py for tasks to queue
[2025-02-05T06:29:20.523+0000] {logging_mixin.py:190} INFO - [2025-02-05T06:29:20.523+0000] {dagbag.py:588} INFO - Filling up the DagBag from /home/airflow/.local/lib/python3.12/site-packages/airflow/example_dags/example_complex.py
[2025-02-05T06:29:20.532+0000] {processor.py:925} INFO - DAG(s) 'example_complex' retrieved from /home/airflow/.local/lib/python3.12/site-packages/airflow/example_dags/example_complex.py
[2025-02-05T06:29:20.558+0000] {logging_mixin.py:190} INFO - [2025-02-05T06:29:20.558+0000] {dag.py:3239} INFO - Sync 1 DAGs
[2025-02-05T06:29:20.570+0000] {logging_mixin.py:190} INFO - [2025-02-05T06:29:20.570+0000] {dag.py:4180} INFO - Setting next_dagrun for example_complex to None, run_after=None
[2025-02-05T06:29:20.585+0000] {processor.py:208} INFO - Processing /home/airflow/.local/lib/python3.12/site-packages/airflow/example_dags/example_complex.py took 0.069 seconds
[2025-02-05T06:29:50.704+0000] {processor.py:186} INFO - Started process (PID=7430) to work on /home/airflow/.local/lib/python3.12/site-packages/airflow/example_dags/example_complex.py
[2025-02-05T06:29:50.704+0000] {processor.py:914} INFO - Processing file /home/airflow/.local/lib/python3.12/site-packages/airflow/example_dags/example_complex.py for tasks to queue
[2025-02-05T06:29:50.706+0000] {logging_mixin.py:190} INFO - [2025-02-05T06:29:50.706+0000] {dagbag.py:588} INFO - Filling up the DagBag from /home/airflow/.local/lib/python3.12/site-packages/airflow/example_dags/example_complex.py
[2025-02-05T06:29:50.715+0000] {processor.py:925} INFO - DAG(s) 'example_complex' retrieved from /home/airflow/.local/lib/python3.12/site-packages/airflow/example_dags/example_complex.py
[2025-02-05T06:29:50.741+0000] {logging_mixin.py:190} INFO - [2025-02-05T06:29:50.741+0000] {dag.py:3239} INFO - Sync 1 DAGs
[2025-02-05T06:29:50.754+0000] {logging_mixin.py:190} INFO - [2025-02-05T06:29:50.753+0000] {dag.py:4180} INFO - Setting next_dagrun for example_complex to None, run_after=None
[2025-02-05T06:29:50.769+0000] {processor.py:208} INFO - Processing /home/airflow/.local/lib/python3.12/site-packages/airflow/example_dags/example_complex.py took 0.070 seconds
[2025-02-05T06:30:22.576+0000] {processor.py:186} INFO - Started process (PID=7724) to work on /home/airflow/.local/lib/python3.12/site-packages/airflow/example_dags/example_complex.py
[2025-02-05T06:30:22.576+0000] {processor.py:914} INFO - Processing file /home/airflow/.local/lib/python3.12/site-packages/airflow/example_dags/example_complex.py for tasks to queue
[2025-02-05T06:30:22.578+0000] {logging_mixin.py:190} INFO - [2025-02-05T06:30:22.578+0000] {dagbag.py:588} INFO - Filling up the DagBag from /home/airflow/.local/lib/python3.12/site-packages/airflow/example_dags/example_complex.py
[2025-02-05T06:30:22.587+0000] {processor.py:925} INFO - DAG(s) 'example_complex' retrieved from /home/airflow/.local/lib/python3.12/site-packages/airflow/example_dags/example_complex.py
[2025-02-05T06:30:22.615+0000] {logging_mixin.py:190} INFO - [2025-02-05T06:30:22.614+0000] {dag.py:3239} INFO - Sync 1 DAGs
[2025-02-05T06:30:22.627+0000] {logging_mixin.py:190} INFO - [2025-02-05T06:30:22.627+0000] {dag.py:4180} INFO - Setting next_dagrun for example_complex to None, run_after=None
[2025-02-05T06:30:22.643+0000] {processor.py:208} INFO - Processing /home/airflow/.local/lib/python3.12/site-packages/airflow/example_dags/example_complex.py took 0.072 seconds
