[2025-02-05T05:26:45.864+0000] {processor.py:186} INFO - Started process (PID=445) to work on /home/airflow/.local/lib/python3.12/site-packages/airflow/example_dags/example_sensors.py
[2025-02-05T05:26:45.865+0000] {processor.py:914} INFO - Processing file /home/airflow/.local/lib/python3.12/site-packages/airflow/example_dags/example_sensors.py for tasks to queue
[2025-02-05T05:26:45.867+0000] {logging_mixin.py:190} INFO - [2025-02-05T05:26:45.867+0000] {dagbag.py:588} INFO - Filling up the DagBag from /home/airflow/.local/lib/python3.12/site-packages/airflow/example_dags/example_sensors.py
[2025-02-05T05:26:45.878+0000] {processor.py:925} INFO - DAG(s) 'example_sensors' retrieved from /home/airflow/.local/lib/python3.12/site-packages/airflow/example_dags/example_sensors.py
[2025-02-05T05:26:45.984+0000] {logging_mixin.py:190} INFO - [2025-02-05T05:26:45.983+0000] {override.py:1911} INFO - Created Permission View: can delete on DAG:example_sensors
[2025-02-05T05:26:45.996+0000] {logging_mixin.py:190} INFO - [2025-02-05T05:26:45.995+0000] {override.py:1911} INFO - Created Permission View: can edit on DAG:example_sensors
[2025-02-05T05:26:46.001+0000] {logging_mixin.py:190} INFO - [2025-02-05T05:26:46.001+0000] {override.py:1911} INFO - Created Permission View: can read on DAG:example_sensors
[2025-02-05T05:26:46.010+0000] {logging_mixin.py:190} INFO - [2025-02-05T05:26:46.009+0000] {override.py:1911} INFO - Created Permission View: menu access on DAG Run:example_sensors
[2025-02-05T05:26:46.018+0000] {logging_mixin.py:190} INFO - [2025-02-05T05:26:46.017+0000] {override.py:1911} INFO - Created Permission View: can create on DAG Run:example_sensors
[2025-02-05T05:26:46.028+0000] {logging_mixin.py:190} INFO - [2025-02-05T05:26:46.027+0000] {override.py:1911} INFO - Created Permission View: can delete on DAG Run:example_sensors
[2025-02-05T05:26:46.034+0000] {logging_mixin.py:190} INFO - [2025-02-05T05:26:46.034+0000] {override.py:1911} INFO - Created Permission View: can read on DAG Run:example_sensors
[2025-02-05T05:26:46.034+0000] {logging_mixin.py:190} INFO - [2025-02-05T05:26:46.034+0000] {dag.py:3239} INFO - Sync 1 DAGs
[2025-02-05T05:26:46.047+0000] {logging_mixin.py:190} INFO - [2025-02-05T05:26:46.046+0000] {dag.py:3262} INFO - Creating ORM DAG for example_sensors
[2025-02-05T05:26:46.048+0000] {logging_mixin.py:190} INFO - [2025-02-05T05:26:46.048+0000] {dag.py:4180} INFO - Setting next_dagrun for example_sensors to None, run_after=None
[2025-02-05T05:26:46.067+0000] {processor.py:208} INFO - Processing /home/airflow/.local/lib/python3.12/site-packages/airflow/example_dags/example_sensors.py took 0.209 seconds
[2025-02-05T05:27:16.909+0000] {processor.py:186} INFO - Started process (PID=738) to work on /home/airflow/.local/lib/python3.12/site-packages/airflow/example_dags/example_sensors.py
[2025-02-05T05:27:16.910+0000] {processor.py:914} INFO - Processing file /home/airflow/.local/lib/python3.12/site-packages/airflow/example_dags/example_sensors.py for tasks to queue
[2025-02-05T05:27:16.912+0000] {logging_mixin.py:190} INFO - [2025-02-05T05:27:16.912+0000] {dagbag.py:588} INFO - Filling up the DagBag from /home/airflow/.local/lib/python3.12/site-packages/airflow/example_dags/example_sensors.py
[2025-02-05T05:27:16.921+0000] {processor.py:925} INFO - DAG(s) 'example_sensors' retrieved from /home/airflow/.local/lib/python3.12/site-packages/airflow/example_dags/example_sensors.py
[2025-02-05T05:27:16.941+0000] {logging_mixin.py:190} INFO - [2025-02-05T05:27:16.941+0000] {dag.py:3239} INFO - Sync 1 DAGs
[2025-02-05T05:27:16.953+0000] {logging_mixin.py:190} INFO - [2025-02-05T05:27:16.953+0000] {dag.py:4180} INFO - Setting next_dagrun for example_sensors to None, run_after=None
[2025-02-05T05:27:16.969+0000] {processor.py:208} INFO - Processing /home/airflow/.local/lib/python3.12/site-packages/airflow/example_dags/example_sensors.py took 0.065 seconds
[2025-02-05T05:27:48.633+0000] {processor.py:186} INFO - Started process (PID=1029) to work on /home/airflow/.local/lib/python3.12/site-packages/airflow/example_dags/example_sensors.py
[2025-02-05T05:27:48.634+0000] {processor.py:914} INFO - Processing file /home/airflow/.local/lib/python3.12/site-packages/airflow/example_dags/example_sensors.py for tasks to queue
[2025-02-05T05:27:48.636+0000] {logging_mixin.py:190} INFO - [2025-02-05T05:27:48.636+0000] {dagbag.py:588} INFO - Filling up the DagBag from /home/airflow/.local/lib/python3.12/site-packages/airflow/example_dags/example_sensors.py
[2025-02-05T05:27:48.647+0000] {processor.py:925} INFO - DAG(s) 'example_sensors' retrieved from /home/airflow/.local/lib/python3.12/site-packages/airflow/example_dags/example_sensors.py
[2025-02-05T05:27:48.668+0000] {logging_mixin.py:190} INFO - [2025-02-05T05:27:48.668+0000] {dag.py:3239} INFO - Sync 1 DAGs
[2025-02-05T05:27:48.681+0000] {logging_mixin.py:190} INFO - [2025-02-05T05:27:48.681+0000] {dag.py:4180} INFO - Setting next_dagrun for example_sensors to None, run_after=None
[2025-02-05T05:27:48.696+0000] {processor.py:208} INFO - Processing /home/airflow/.local/lib/python3.12/site-packages/airflow/example_dags/example_sensors.py took 0.069 seconds
[2025-02-05T05:28:19.522+0000] {processor.py:186} INFO - Started process (PID=1320) to work on /home/airflow/.local/lib/python3.12/site-packages/airflow/example_dags/example_sensors.py
[2025-02-05T05:28:19.523+0000] {processor.py:914} INFO - Processing file /home/airflow/.local/lib/python3.12/site-packages/airflow/example_dags/example_sensors.py for tasks to queue
[2025-02-05T05:28:19.525+0000] {logging_mixin.py:190} INFO - [2025-02-05T05:28:19.524+0000] {dagbag.py:588} INFO - Filling up the DagBag from /home/airflow/.local/lib/python3.12/site-packages/airflow/example_dags/example_sensors.py
[2025-02-05T05:28:19.533+0000] {processor.py:925} INFO - DAG(s) 'example_sensors' retrieved from /home/airflow/.local/lib/python3.12/site-packages/airflow/example_dags/example_sensors.py
[2025-02-05T05:28:19.553+0000] {logging_mixin.py:190} INFO - [2025-02-05T05:28:19.553+0000] {dag.py:3239} INFO - Sync 1 DAGs
[2025-02-05T05:28:19.565+0000] {logging_mixin.py:190} INFO - [2025-02-05T05:28:19.565+0000] {dag.py:4180} INFO - Setting next_dagrun for example_sensors to None, run_after=None
[2025-02-05T05:28:19.580+0000] {processor.py:208} INFO - Processing /home/airflow/.local/lib/python3.12/site-packages/airflow/example_dags/example_sensors.py took 0.063 seconds
[2025-02-05T05:28:50.157+0000] {processor.py:186} INFO - Started process (PID=1611) to work on /home/airflow/.local/lib/python3.12/site-packages/airflow/example_dags/example_sensors.py
[2025-02-05T05:28:50.158+0000] {processor.py:914} INFO - Processing file /home/airflow/.local/lib/python3.12/site-packages/airflow/example_dags/example_sensors.py for tasks to queue
[2025-02-05T05:28:50.160+0000] {logging_mixin.py:190} INFO - [2025-02-05T05:28:50.160+0000] {dagbag.py:588} INFO - Filling up the DagBag from /home/airflow/.local/lib/python3.12/site-packages/airflow/example_dags/example_sensors.py
[2025-02-05T05:28:50.169+0000] {processor.py:925} INFO - DAG(s) 'example_sensors' retrieved from /home/airflow/.local/lib/python3.12/site-packages/airflow/example_dags/example_sensors.py
[2025-02-05T05:28:50.190+0000] {logging_mixin.py:190} INFO - [2025-02-05T05:28:50.190+0000] {dag.py:3239} INFO - Sync 1 DAGs
[2025-02-05T05:28:50.203+0000] {logging_mixin.py:190} INFO - [2025-02-05T05:28:50.202+0000] {dag.py:4180} INFO - Setting next_dagrun for example_sensors to None, run_after=None
[2025-02-05T05:28:50.219+0000] {processor.py:208} INFO - Processing /home/airflow/.local/lib/python3.12/site-packages/airflow/example_dags/example_sensors.py took 0.067 seconds
[2025-02-05T05:29:21.301+0000] {processor.py:186} INFO - Started process (PID=1902) to work on /home/airflow/.local/lib/python3.12/site-packages/airflow/example_dags/example_sensors.py
[2025-02-05T05:29:21.301+0000] {processor.py:914} INFO - Processing file /home/airflow/.local/lib/python3.12/site-packages/airflow/example_dags/example_sensors.py for tasks to queue
[2025-02-05T05:29:21.303+0000] {logging_mixin.py:190} INFO - [2025-02-05T05:29:21.303+0000] {dagbag.py:588} INFO - Filling up the DagBag from /home/airflow/.local/lib/python3.12/site-packages/airflow/example_dags/example_sensors.py
[2025-02-05T05:29:21.312+0000] {processor.py:925} INFO - DAG(s) 'example_sensors' retrieved from /home/airflow/.local/lib/python3.12/site-packages/airflow/example_dags/example_sensors.py
[2025-02-05T05:29:21.341+0000] {logging_mixin.py:190} INFO - [2025-02-05T05:29:21.341+0000] {dag.py:3239} INFO - Sync 1 DAGs
[2025-02-05T05:29:21.357+0000] {logging_mixin.py:190} INFO - [2025-02-05T05:29:21.357+0000] {dag.py:4180} INFO - Setting next_dagrun for example_sensors to None, run_after=None
[2025-02-05T05:29:21.377+0000] {processor.py:208} INFO - Processing /home/airflow/.local/lib/python3.12/site-packages/airflow/example_dags/example_sensors.py took 0.081 seconds
[2025-02-05T05:29:52.798+0000] {processor.py:186} INFO - Started process (PID=2191) to work on /home/airflow/.local/lib/python3.12/site-packages/airflow/example_dags/example_sensors.py
[2025-02-05T05:29:52.799+0000] {processor.py:914} INFO - Processing file /home/airflow/.local/lib/python3.12/site-packages/airflow/example_dags/example_sensors.py for tasks to queue
[2025-02-05T05:29:52.801+0000] {logging_mixin.py:190} INFO - [2025-02-05T05:29:52.801+0000] {dagbag.py:588} INFO - Filling up the DagBag from /home/airflow/.local/lib/python3.12/site-packages/airflow/example_dags/example_sensors.py
[2025-02-05T05:29:52.810+0000] {processor.py:925} INFO - DAG(s) 'example_sensors' retrieved from /home/airflow/.local/lib/python3.12/site-packages/airflow/example_dags/example_sensors.py
[2025-02-05T05:29:52.836+0000] {logging_mixin.py:190} INFO - [2025-02-05T05:29:52.836+0000] {dag.py:3239} INFO - Sync 1 DAGs
[2025-02-05T05:29:52.851+0000] {logging_mixin.py:190} INFO - [2025-02-05T05:29:52.851+0000] {dag.py:4180} INFO - Setting next_dagrun for example_sensors to None, run_after=None
[2025-02-05T05:29:52.873+0000] {processor.py:208} INFO - Processing /home/airflow/.local/lib/python3.12/site-packages/airflow/example_dags/example_sensors.py took 0.079 seconds
[2025-02-05T05:30:23.854+0000] {processor.py:186} INFO - Started process (PID=2484) to work on /home/airflow/.local/lib/python3.12/site-packages/airflow/example_dags/example_sensors.py
[2025-02-05T05:30:23.855+0000] {processor.py:914} INFO - Processing file /home/airflow/.local/lib/python3.12/site-packages/airflow/example_dags/example_sensors.py for tasks to queue
[2025-02-05T05:30:23.856+0000] {logging_mixin.py:190} INFO - [2025-02-05T05:30:23.856+0000] {dagbag.py:588} INFO - Filling up the DagBag from /home/airflow/.local/lib/python3.12/site-packages/airflow/example_dags/example_sensors.py
[2025-02-05T05:30:23.866+0000] {processor.py:925} INFO - DAG(s) 'example_sensors' retrieved from /home/airflow/.local/lib/python3.12/site-packages/airflow/example_dags/example_sensors.py
[2025-02-05T05:30:23.888+0000] {logging_mixin.py:190} INFO - [2025-02-05T05:30:23.888+0000] {dag.py:3239} INFO - Sync 1 DAGs
[2025-02-05T05:30:23.900+0000] {logging_mixin.py:190} INFO - [2025-02-05T05:30:23.900+0000] {dag.py:4180} INFO - Setting next_dagrun for example_sensors to None, run_after=None
[2025-02-05T05:30:23.919+0000] {processor.py:208} INFO - Processing /home/airflow/.local/lib/python3.12/site-packages/airflow/example_dags/example_sensors.py took 0.070 seconds
[2025-02-05T05:30:54.922+0000] {processor.py:186} INFO - Started process (PID=2773) to work on /home/airflow/.local/lib/python3.12/site-packages/airflow/example_dags/example_sensors.py
[2025-02-05T05:30:54.923+0000] {processor.py:914} INFO - Processing file /home/airflow/.local/lib/python3.12/site-packages/airflow/example_dags/example_sensors.py for tasks to queue
[2025-02-05T05:30:54.925+0000] {logging_mixin.py:190} INFO - [2025-02-05T05:30:54.924+0000] {dagbag.py:588} INFO - Filling up the DagBag from /home/airflow/.local/lib/python3.12/site-packages/airflow/example_dags/example_sensors.py
[2025-02-05T05:30:54.935+0000] {processor.py:925} INFO - DAG(s) 'example_sensors' retrieved from /home/airflow/.local/lib/python3.12/site-packages/airflow/example_dags/example_sensors.py
[2025-02-05T05:30:54.962+0000] {logging_mixin.py:190} INFO - [2025-02-05T05:30:54.961+0000] {dag.py:3239} INFO - Sync 1 DAGs
[2025-02-05T05:30:54.978+0000] {logging_mixin.py:190} INFO - [2025-02-05T05:30:54.977+0000] {dag.py:4180} INFO - Setting next_dagrun for example_sensors to None, run_after=None
[2025-02-05T05:30:55.001+0000] {processor.py:208} INFO - Processing /home/airflow/.local/lib/python3.12/site-packages/airflow/example_dags/example_sensors.py took 0.086 seconds
[2025-02-05T05:31:25.870+0000] {processor.py:186} INFO - Started process (PID=3064) to work on /home/airflow/.local/lib/python3.12/site-packages/airflow/example_dags/example_sensors.py
[2025-02-05T05:31:25.871+0000] {processor.py:914} INFO - Processing file /home/airflow/.local/lib/python3.12/site-packages/airflow/example_dags/example_sensors.py for tasks to queue
[2025-02-05T05:31:25.873+0000] {logging_mixin.py:190} INFO - [2025-02-05T05:31:25.872+0000] {dagbag.py:588} INFO - Filling up the DagBag from /home/airflow/.local/lib/python3.12/site-packages/airflow/example_dags/example_sensors.py
[2025-02-05T05:31:25.883+0000] {processor.py:925} INFO - DAG(s) 'example_sensors' retrieved from /home/airflow/.local/lib/python3.12/site-packages/airflow/example_dags/example_sensors.py
[2025-02-05T05:31:25.904+0000] {logging_mixin.py:190} INFO - [2025-02-05T05:31:25.904+0000] {dag.py:3239} INFO - Sync 1 DAGs
[2025-02-05T05:31:25.916+0000] {logging_mixin.py:190} INFO - [2025-02-05T05:31:25.916+0000] {dag.py:4180} INFO - Setting next_dagrun for example_sensors to None, run_after=None
[2025-02-05T05:31:25.932+0000] {processor.py:208} INFO - Processing /home/airflow/.local/lib/python3.12/site-packages/airflow/example_dags/example_sensors.py took 0.067 seconds
[2025-02-05T05:31:56.898+0000] {processor.py:186} INFO - Started process (PID=3357) to work on /home/airflow/.local/lib/python3.12/site-packages/airflow/example_dags/example_sensors.py
[2025-02-05T05:31:56.899+0000] {processor.py:914} INFO - Processing file /home/airflow/.local/lib/python3.12/site-packages/airflow/example_dags/example_sensors.py for tasks to queue
[2025-02-05T05:31:56.901+0000] {logging_mixin.py:190} INFO - [2025-02-05T05:31:56.901+0000] {dagbag.py:588} INFO - Filling up the DagBag from /home/airflow/.local/lib/python3.12/site-packages/airflow/example_dags/example_sensors.py
[2025-02-05T05:31:56.914+0000] {processor.py:925} INFO - DAG(s) 'example_sensors' retrieved from /home/airflow/.local/lib/python3.12/site-packages/airflow/example_dags/example_sensors.py
[2025-02-05T05:31:56.950+0000] {logging_mixin.py:190} INFO - [2025-02-05T05:31:56.949+0000] {dag.py:3239} INFO - Sync 1 DAGs
[2025-02-05T05:31:56.966+0000] {logging_mixin.py:190} INFO - [2025-02-05T05:31:56.966+0000] {dag.py:4180} INFO - Setting next_dagrun for example_sensors to None, run_after=None
[2025-02-05T05:31:56.990+0000] {processor.py:208} INFO - Processing /home/airflow/.local/lib/python3.12/site-packages/airflow/example_dags/example_sensors.py took 0.100 seconds
[2025-02-05T05:32:27.706+0000] {processor.py:186} INFO - Started process (PID=3646) to work on /home/airflow/.local/lib/python3.12/site-packages/airflow/example_dags/example_sensors.py
[2025-02-05T05:32:27.707+0000] {processor.py:914} INFO - Processing file /home/airflow/.local/lib/python3.12/site-packages/airflow/example_dags/example_sensors.py for tasks to queue
[2025-02-05T05:32:27.709+0000] {logging_mixin.py:190} INFO - [2025-02-05T05:32:27.709+0000] {dagbag.py:588} INFO - Filling up the DagBag from /home/airflow/.local/lib/python3.12/site-packages/airflow/example_dags/example_sensors.py
[2025-02-05T05:32:27.720+0000] {processor.py:925} INFO - DAG(s) 'example_sensors' retrieved from /home/airflow/.local/lib/python3.12/site-packages/airflow/example_dags/example_sensors.py
[2025-02-05T05:32:27.749+0000] {logging_mixin.py:190} INFO - [2025-02-05T05:32:27.748+0000] {dag.py:3239} INFO - Sync 1 DAGs
[2025-02-05T05:32:27.763+0000] {logging_mixin.py:190} INFO - [2025-02-05T05:32:27.763+0000] {dag.py:4180} INFO - Setting next_dagrun for example_sensors to None, run_after=None
[2025-02-05T05:32:27.783+0000] {processor.py:208} INFO - Processing /home/airflow/.local/lib/python3.12/site-packages/airflow/example_dags/example_sensors.py took 0.083 seconds
[2025-02-05T05:32:58.446+0000] {processor.py:186} INFO - Started process (PID=3937) to work on /home/airflow/.local/lib/python3.12/site-packages/airflow/example_dags/example_sensors.py
[2025-02-05T05:32:58.446+0000] {processor.py:914} INFO - Processing file /home/airflow/.local/lib/python3.12/site-packages/airflow/example_dags/example_sensors.py for tasks to queue
[2025-02-05T05:32:58.448+0000] {logging_mixin.py:190} INFO - [2025-02-05T05:32:58.448+0000] {dagbag.py:588} INFO - Filling up the DagBag from /home/airflow/.local/lib/python3.12/site-packages/airflow/example_dags/example_sensors.py
[2025-02-05T05:32:58.457+0000] {processor.py:925} INFO - DAG(s) 'example_sensors' retrieved from /home/airflow/.local/lib/python3.12/site-packages/airflow/example_dags/example_sensors.py
[2025-02-05T05:32:58.479+0000] {logging_mixin.py:190} INFO - [2025-02-05T05:32:58.479+0000] {dag.py:3239} INFO - Sync 1 DAGs
[2025-02-05T05:32:58.492+0000] {logging_mixin.py:190} INFO - [2025-02-05T05:32:58.492+0000] {dag.py:4180} INFO - Setting next_dagrun for example_sensors to None, run_after=None
[2025-02-05T05:32:58.510+0000] {processor.py:208} INFO - Processing /home/airflow/.local/lib/python3.12/site-packages/airflow/example_dags/example_sensors.py took 0.070 seconds
[2025-02-05T05:33:29.899+0000] {processor.py:186} INFO - Started process (PID=4230) to work on /home/airflow/.local/lib/python3.12/site-packages/airflow/example_dags/example_sensors.py
[2025-02-05T05:33:29.900+0000] {processor.py:914} INFO - Processing file /home/airflow/.local/lib/python3.12/site-packages/airflow/example_dags/example_sensors.py for tasks to queue
[2025-02-05T05:33:29.901+0000] {logging_mixin.py:190} INFO - [2025-02-05T05:33:29.901+0000] {dagbag.py:588} INFO - Filling up the DagBag from /home/airflow/.local/lib/python3.12/site-packages/airflow/example_dags/example_sensors.py
[2025-02-05T05:33:29.910+0000] {processor.py:925} INFO - DAG(s) 'example_sensors' retrieved from /home/airflow/.local/lib/python3.12/site-packages/airflow/example_dags/example_sensors.py
[2025-02-05T05:33:29.931+0000] {logging_mixin.py:190} INFO - [2025-02-05T05:33:29.931+0000] {dag.py:3239} INFO - Sync 1 DAGs
[2025-02-05T05:33:29.943+0000] {logging_mixin.py:190} INFO - [2025-02-05T05:33:29.943+0000] {dag.py:4180} INFO - Setting next_dagrun for example_sensors to None, run_after=None
[2025-02-05T05:33:29.959+0000] {processor.py:208} INFO - Processing /home/airflow/.local/lib/python3.12/site-packages/airflow/example_dags/example_sensors.py took 0.065 seconds
[2025-02-05T05:34:01.427+0000] {processor.py:186} INFO - Started process (PID=4521) to work on /home/airflow/.local/lib/python3.12/site-packages/airflow/example_dags/example_sensors.py
[2025-02-05T05:34:01.428+0000] {processor.py:914} INFO - Processing file /home/airflow/.local/lib/python3.12/site-packages/airflow/example_dags/example_sensors.py for tasks to queue
[2025-02-05T05:34:01.430+0000] {logging_mixin.py:190} INFO - [2025-02-05T05:34:01.429+0000] {dagbag.py:588} INFO - Filling up the DagBag from /home/airflow/.local/lib/python3.12/site-packages/airflow/example_dags/example_sensors.py
[2025-02-05T05:34:01.439+0000] {processor.py:925} INFO - DAG(s) 'example_sensors' retrieved from /home/airflow/.local/lib/python3.12/site-packages/airflow/example_dags/example_sensors.py
[2025-02-05T05:34:01.465+0000] {logging_mixin.py:190} INFO - [2025-02-05T05:34:01.464+0000] {dag.py:3239} INFO - Sync 1 DAGs
[2025-02-05T05:34:01.478+0000] {logging_mixin.py:190} INFO - [2025-02-05T05:34:01.478+0000] {dag.py:4180} INFO - Setting next_dagrun for example_sensors to None, run_after=None
[2025-02-05T05:34:01.497+0000] {processor.py:208} INFO - Processing /home/airflow/.local/lib/python3.12/site-packages/airflow/example_dags/example_sensors.py took 0.075 seconds
[2025-02-05T05:34:32.881+0000] {processor.py:186} INFO - Started process (PID=4812) to work on /home/airflow/.local/lib/python3.12/site-packages/airflow/example_dags/example_sensors.py
[2025-02-05T05:34:32.881+0000] {processor.py:914} INFO - Processing file /home/airflow/.local/lib/python3.12/site-packages/airflow/example_dags/example_sensors.py for tasks to queue
[2025-02-05T05:34:32.884+0000] {logging_mixin.py:190} INFO - [2025-02-05T05:34:32.883+0000] {dagbag.py:588} INFO - Filling up the DagBag from /home/airflow/.local/lib/python3.12/site-packages/airflow/example_dags/example_sensors.py
[2025-02-05T05:34:32.895+0000] {processor.py:925} INFO - DAG(s) 'example_sensors' retrieved from /home/airflow/.local/lib/python3.12/site-packages/airflow/example_dags/example_sensors.py
[2025-02-05T05:34:32.922+0000] {logging_mixin.py:190} INFO - [2025-02-05T05:34:32.922+0000] {dag.py:3239} INFO - Sync 1 DAGs
[2025-02-05T05:34:32.936+0000] {logging_mixin.py:190} INFO - [2025-02-05T05:34:32.935+0000] {dag.py:4180} INFO - Setting next_dagrun for example_sensors to None, run_after=None
[2025-02-05T05:34:32.955+0000] {processor.py:208} INFO - Processing /home/airflow/.local/lib/python3.12/site-packages/airflow/example_dags/example_sensors.py took 0.080 seconds
[2025-02-05T05:35:04.385+0000] {processor.py:186} INFO - Started process (PID=5103) to work on /home/airflow/.local/lib/python3.12/site-packages/airflow/example_dags/example_sensors.py
[2025-02-05T05:35:04.386+0000] {processor.py:914} INFO - Processing file /home/airflow/.local/lib/python3.12/site-packages/airflow/example_dags/example_sensors.py for tasks to queue
[2025-02-05T05:35:04.388+0000] {logging_mixin.py:190} INFO - [2025-02-05T05:35:04.387+0000] {dagbag.py:588} INFO - Filling up the DagBag from /home/airflow/.local/lib/python3.12/site-packages/airflow/example_dags/example_sensors.py
[2025-02-05T05:35:04.398+0000] {processor.py:925} INFO - DAG(s) 'example_sensors' retrieved from /home/airflow/.local/lib/python3.12/site-packages/airflow/example_dags/example_sensors.py
[2025-02-05T05:35:04.425+0000] {logging_mixin.py:190} INFO - [2025-02-05T05:35:04.425+0000] {dag.py:3239} INFO - Sync 1 DAGs
[2025-02-05T05:35:04.439+0000] {logging_mixin.py:190} INFO - [2025-02-05T05:35:04.439+0000] {dag.py:4180} INFO - Setting next_dagrun for example_sensors to None, run_after=None
[2025-02-05T05:35:04.461+0000] {processor.py:208} INFO - Processing /home/airflow/.local/lib/python3.12/site-packages/airflow/example_dags/example_sensors.py took 0.082 seconds
[2025-02-05T05:35:35.989+0000] {processor.py:186} INFO - Started process (PID=5394) to work on /home/airflow/.local/lib/python3.12/site-packages/airflow/example_dags/example_sensors.py
[2025-02-05T05:35:35.990+0000] {processor.py:914} INFO - Processing file /home/airflow/.local/lib/python3.12/site-packages/airflow/example_dags/example_sensors.py for tasks to queue
[2025-02-05T05:35:35.992+0000] {logging_mixin.py:190} INFO - [2025-02-05T05:35:35.992+0000] {dagbag.py:588} INFO - Filling up the DagBag from /home/airflow/.local/lib/python3.12/site-packages/airflow/example_dags/example_sensors.py
[2025-02-05T05:35:36.004+0000] {processor.py:925} INFO - DAG(s) 'example_sensors' retrieved from /home/airflow/.local/lib/python3.12/site-packages/airflow/example_dags/example_sensors.py
[2025-02-05T05:35:36.030+0000] {logging_mixin.py:190} INFO - [2025-02-05T05:35:36.030+0000] {dag.py:3239} INFO - Sync 1 DAGs
[2025-02-05T05:35:36.045+0000] {logging_mixin.py:190} INFO - [2025-02-05T05:35:36.045+0000] {dag.py:4180} INFO - Setting next_dagrun for example_sensors to None, run_after=None
[2025-02-05T05:35:36.065+0000] {processor.py:208} INFO - Processing /home/airflow/.local/lib/python3.12/site-packages/airflow/example_dags/example_sensors.py took 0.082 seconds
[2025-02-05T05:36:06.496+0000] {processor.py:186} INFO - Started process (PID=5685) to work on /home/airflow/.local/lib/python3.12/site-packages/airflow/example_dags/example_sensors.py
[2025-02-05T05:36:06.497+0000] {processor.py:914} INFO - Processing file /home/airflow/.local/lib/python3.12/site-packages/airflow/example_dags/example_sensors.py for tasks to queue
[2025-02-05T05:36:06.499+0000] {logging_mixin.py:190} INFO - [2025-02-05T05:36:06.499+0000] {dagbag.py:588} INFO - Filling up the DagBag from /home/airflow/.local/lib/python3.12/site-packages/airflow/example_dags/example_sensors.py
[2025-02-05T05:36:06.508+0000] {processor.py:925} INFO - DAG(s) 'example_sensors' retrieved from /home/airflow/.local/lib/python3.12/site-packages/airflow/example_dags/example_sensors.py
[2025-02-05T05:36:06.531+0000] {logging_mixin.py:190} INFO - [2025-02-05T05:36:06.530+0000] {dag.py:3239} INFO - Sync 1 DAGs
[2025-02-05T05:36:06.543+0000] {logging_mixin.py:190} INFO - [2025-02-05T05:36:06.543+0000] {dag.py:4180} INFO - Setting next_dagrun for example_sensors to None, run_after=None
[2025-02-05T05:36:06.562+0000] {processor.py:208} INFO - Processing /home/airflow/.local/lib/python3.12/site-packages/airflow/example_dags/example_sensors.py took 0.071 seconds
[2025-02-05T05:36:38.049+0000] {processor.py:186} INFO - Started process (PID=5974) to work on /home/airflow/.local/lib/python3.12/site-packages/airflow/example_dags/example_sensors.py
[2025-02-05T05:36:38.050+0000] {processor.py:914} INFO - Processing file /home/airflow/.local/lib/python3.12/site-packages/airflow/example_dags/example_sensors.py for tasks to queue
[2025-02-05T05:36:38.052+0000] {logging_mixin.py:190} INFO - [2025-02-05T05:36:38.052+0000] {dagbag.py:588} INFO - Filling up the DagBag from /home/airflow/.local/lib/python3.12/site-packages/airflow/example_dags/example_sensors.py
[2025-02-05T05:36:38.062+0000] {processor.py:925} INFO - DAG(s) 'example_sensors' retrieved from /home/airflow/.local/lib/python3.12/site-packages/airflow/example_dags/example_sensors.py
[2025-02-05T05:36:38.084+0000] {logging_mixin.py:190} INFO - [2025-02-05T05:36:38.084+0000] {dag.py:3239} INFO - Sync 1 DAGs
[2025-02-05T05:36:38.098+0000] {logging_mixin.py:190} INFO - [2025-02-05T05:36:38.097+0000] {dag.py:4180} INFO - Setting next_dagrun for example_sensors to None, run_after=None
[2025-02-05T05:36:38.116+0000] {processor.py:208} INFO - Processing /home/airflow/.local/lib/python3.12/site-packages/airflow/example_dags/example_sensors.py took 0.073 seconds
[2025-02-05T05:37:09.172+0000] {processor.py:186} INFO - Started process (PID=6267) to work on /home/airflow/.local/lib/python3.12/site-packages/airflow/example_dags/example_sensors.py
[2025-02-05T05:37:09.173+0000] {processor.py:914} INFO - Processing file /home/airflow/.local/lib/python3.12/site-packages/airflow/example_dags/example_sensors.py for tasks to queue
[2025-02-05T05:37:09.175+0000] {logging_mixin.py:190} INFO - [2025-02-05T05:37:09.174+0000] {dagbag.py:588} INFO - Filling up the DagBag from /home/airflow/.local/lib/python3.12/site-packages/airflow/example_dags/example_sensors.py
[2025-02-05T05:37:09.183+0000] {processor.py:925} INFO - DAG(s) 'example_sensors' retrieved from /home/airflow/.local/lib/python3.12/site-packages/airflow/example_dags/example_sensors.py
[2025-02-05T05:37:09.206+0000] {logging_mixin.py:190} INFO - [2025-02-05T05:37:09.205+0000] {dag.py:3239} INFO - Sync 1 DAGs
[2025-02-05T05:37:09.217+0000] {logging_mixin.py:190} INFO - [2025-02-05T05:37:09.217+0000] {dag.py:4180} INFO - Setting next_dagrun for example_sensors to None, run_after=None
[2025-02-05T05:37:09.232+0000] {processor.py:208} INFO - Processing /home/airflow/.local/lib/python3.12/site-packages/airflow/example_dags/example_sensors.py took 0.065 seconds
[2025-02-05T05:37:40.507+0000] {processor.py:186} INFO - Started process (PID=6558) to work on /home/airflow/.local/lib/python3.12/site-packages/airflow/example_dags/example_sensors.py
[2025-02-05T05:37:40.507+0000] {processor.py:914} INFO - Processing file /home/airflow/.local/lib/python3.12/site-packages/airflow/example_dags/example_sensors.py for tasks to queue
[2025-02-05T05:37:40.509+0000] {logging_mixin.py:190} INFO - [2025-02-05T05:37:40.509+0000] {dagbag.py:588} INFO - Filling up the DagBag from /home/airflow/.local/lib/python3.12/site-packages/airflow/example_dags/example_sensors.py
[2025-02-05T05:37:40.519+0000] {processor.py:925} INFO - DAG(s) 'example_sensors' retrieved from /home/airflow/.local/lib/python3.12/site-packages/airflow/example_dags/example_sensors.py
[2025-02-05T05:37:40.543+0000] {logging_mixin.py:190} INFO - [2025-02-05T05:37:40.543+0000] {dag.py:3239} INFO - Sync 1 DAGs
[2025-02-05T05:37:40.556+0000] {logging_mixin.py:190} INFO - [2025-02-05T05:37:40.556+0000] {dag.py:4180} INFO - Setting next_dagrun for example_sensors to None, run_after=None
[2025-02-05T05:37:40.572+0000] {processor.py:208} INFO - Processing /home/airflow/.local/lib/python3.12/site-packages/airflow/example_dags/example_sensors.py took 0.070 seconds
[2025-02-05T05:38:11.698+0000] {processor.py:186} INFO - Started process (PID=6849) to work on /home/airflow/.local/lib/python3.12/site-packages/airflow/example_dags/example_sensors.py
[2025-02-05T05:38:11.699+0000] {processor.py:914} INFO - Processing file /home/airflow/.local/lib/python3.12/site-packages/airflow/example_dags/example_sensors.py for tasks to queue
[2025-02-05T05:38:11.701+0000] {logging_mixin.py:190} INFO - [2025-02-05T05:38:11.701+0000] {dagbag.py:588} INFO - Filling up the DagBag from /home/airflow/.local/lib/python3.12/site-packages/airflow/example_dags/example_sensors.py
[2025-02-05T05:38:11.710+0000] {processor.py:925} INFO - DAG(s) 'example_sensors' retrieved from /home/airflow/.local/lib/python3.12/site-packages/airflow/example_dags/example_sensors.py
[2025-02-05T05:38:11.733+0000] {logging_mixin.py:190} INFO - [2025-02-05T05:38:11.732+0000] {dag.py:3239} INFO - Sync 1 DAGs
[2025-02-05T05:38:11.746+0000] {logging_mixin.py:190} INFO - [2025-02-05T05:38:11.745+0000] {dag.py:4180} INFO - Setting next_dagrun for example_sensors to None, run_after=None
[2025-02-05T05:38:11.765+0000] {processor.py:208} INFO - Processing /home/airflow/.local/lib/python3.12/site-packages/airflow/example_dags/example_sensors.py took 0.072 seconds
[2025-02-05T05:38:43.160+0000] {processor.py:186} INFO - Started process (PID=7140) to work on /home/airflow/.local/lib/python3.12/site-packages/airflow/example_dags/example_sensors.py
[2025-02-05T05:38:43.161+0000] {processor.py:914} INFO - Processing file /home/airflow/.local/lib/python3.12/site-packages/airflow/example_dags/example_sensors.py for tasks to queue
[2025-02-05T05:38:43.163+0000] {logging_mixin.py:190} INFO - [2025-02-05T05:38:43.163+0000] {dagbag.py:588} INFO - Filling up the DagBag from /home/airflow/.local/lib/python3.12/site-packages/airflow/example_dags/example_sensors.py
[2025-02-05T05:38:43.177+0000] {processor.py:925} INFO - DAG(s) 'example_sensors' retrieved from /home/airflow/.local/lib/python3.12/site-packages/airflow/example_dags/example_sensors.py
[2025-02-05T05:38:43.206+0000] {logging_mixin.py:190} INFO - [2025-02-05T05:38:43.206+0000] {dag.py:3239} INFO - Sync 1 DAGs
[2025-02-05T05:38:43.220+0000] {logging_mixin.py:190} INFO - [2025-02-05T05:38:43.220+0000] {dag.py:4180} INFO - Setting next_dagrun for example_sensors to None, run_after=None
[2025-02-05T05:38:43.239+0000] {processor.py:208} INFO - Processing /home/airflow/.local/lib/python3.12/site-packages/airflow/example_dags/example_sensors.py took 0.087 seconds
[2025-02-05T05:39:14.372+0000] {processor.py:186} INFO - Started process (PID=7437) to work on /home/airflow/.local/lib/python3.12/site-packages/airflow/example_dags/example_sensors.py
[2025-02-05T05:39:14.373+0000] {processor.py:914} INFO - Processing file /home/airflow/.local/lib/python3.12/site-packages/airflow/example_dags/example_sensors.py for tasks to queue
[2025-02-05T05:39:14.376+0000] {logging_mixin.py:190} INFO - [2025-02-05T05:39:14.375+0000] {dagbag.py:588} INFO - Filling up the DagBag from /home/airflow/.local/lib/python3.12/site-packages/airflow/example_dags/example_sensors.py
[2025-02-05T05:39:14.386+0000] {processor.py:925} INFO - DAG(s) 'example_sensors' retrieved from /home/airflow/.local/lib/python3.12/site-packages/airflow/example_dags/example_sensors.py
[2025-02-05T05:39:14.410+0000] {logging_mixin.py:190} INFO - [2025-02-05T05:39:14.410+0000] {dag.py:3239} INFO - Sync 1 DAGs
[2025-02-05T05:39:14.422+0000] {logging_mixin.py:190} INFO - [2025-02-05T05:39:14.422+0000] {dag.py:4180} INFO - Setting next_dagrun for example_sensors to None, run_after=None
[2025-02-05T05:39:14.445+0000] {processor.py:208} INFO - Processing /home/airflow/.local/lib/python3.12/site-packages/airflow/example_dags/example_sensors.py took 0.078 seconds
[2025-02-05T05:39:45.502+0000] {processor.py:186} INFO - Started process (PID=7726) to work on /home/airflow/.local/lib/python3.12/site-packages/airflow/example_dags/example_sensors.py
[2025-02-05T05:39:45.503+0000] {processor.py:914} INFO - Processing file /home/airflow/.local/lib/python3.12/site-packages/airflow/example_dags/example_sensors.py for tasks to queue
[2025-02-05T05:39:45.505+0000] {logging_mixin.py:190} INFO - [2025-02-05T05:39:45.504+0000] {dagbag.py:588} INFO - Filling up the DagBag from /home/airflow/.local/lib/python3.12/site-packages/airflow/example_dags/example_sensors.py
[2025-02-05T05:39:45.518+0000] {processor.py:925} INFO - DAG(s) 'example_sensors' retrieved from /home/airflow/.local/lib/python3.12/site-packages/airflow/example_dags/example_sensors.py
[2025-02-05T05:39:45.552+0000] {logging_mixin.py:190} INFO - [2025-02-05T05:39:45.552+0000] {dag.py:3239} INFO - Sync 1 DAGs
[2025-02-05T05:39:45.568+0000] {logging_mixin.py:190} INFO - [2025-02-05T05:39:45.568+0000] {dag.py:4180} INFO - Setting next_dagrun for example_sensors to None, run_after=None
[2025-02-05T05:39:45.588+0000] {processor.py:208} INFO - Processing /home/airflow/.local/lib/python3.12/site-packages/airflow/example_dags/example_sensors.py took 0.093 seconds
[2025-02-05T05:40:16.256+0000] {processor.py:186} INFO - Started process (PID=8019) to work on /home/airflow/.local/lib/python3.12/site-packages/airflow/example_dags/example_sensors.py
[2025-02-05T05:40:16.257+0000] {processor.py:914} INFO - Processing file /home/airflow/.local/lib/python3.12/site-packages/airflow/example_dags/example_sensors.py for tasks to queue
[2025-02-05T05:40:16.258+0000] {logging_mixin.py:190} INFO - [2025-02-05T05:40:16.258+0000] {dagbag.py:588} INFO - Filling up the DagBag from /home/airflow/.local/lib/python3.12/site-packages/airflow/example_dags/example_sensors.py
[2025-02-05T05:40:16.269+0000] {processor.py:925} INFO - DAG(s) 'example_sensors' retrieved from /home/airflow/.local/lib/python3.12/site-packages/airflow/example_dags/example_sensors.py
[2025-02-05T05:40:16.292+0000] {logging_mixin.py:190} INFO - [2025-02-05T05:40:16.291+0000] {dag.py:3239} INFO - Sync 1 DAGs
[2025-02-05T05:40:16.305+0000] {logging_mixin.py:190} INFO - [2025-02-05T05:40:16.305+0000] {dag.py:4180} INFO - Setting next_dagrun for example_sensors to None, run_after=None
[2025-02-05T05:40:16.322+0000] {processor.py:208} INFO - Processing /home/airflow/.local/lib/python3.12/site-packages/airflow/example_dags/example_sensors.py took 0.072 seconds
[2025-02-05T05:40:47.177+0000] {processor.py:186} INFO - Started process (PID=8308) to work on /home/airflow/.local/lib/python3.12/site-packages/airflow/example_dags/example_sensors.py
[2025-02-05T05:40:47.178+0000] {processor.py:914} INFO - Processing file /home/airflow/.local/lib/python3.12/site-packages/airflow/example_dags/example_sensors.py for tasks to queue
[2025-02-05T05:40:47.180+0000] {logging_mixin.py:190} INFO - [2025-02-05T05:40:47.179+0000] {dagbag.py:588} INFO - Filling up the DagBag from /home/airflow/.local/lib/python3.12/site-packages/airflow/example_dags/example_sensors.py
[2025-02-05T05:40:47.189+0000] {processor.py:925} INFO - DAG(s) 'example_sensors' retrieved from /home/airflow/.local/lib/python3.12/site-packages/airflow/example_dags/example_sensors.py
[2025-02-05T05:40:47.211+0000] {logging_mixin.py:190} INFO - [2025-02-05T05:40:47.211+0000] {dag.py:3239} INFO - Sync 1 DAGs
[2025-02-05T05:40:47.223+0000] {logging_mixin.py:190} INFO - [2025-02-05T05:40:47.223+0000] {dag.py:4180} INFO - Setting next_dagrun for example_sensors to None, run_after=None
[2025-02-05T05:40:47.241+0000] {processor.py:208} INFO - Processing /home/airflow/.local/lib/python3.12/site-packages/airflow/example_dags/example_sensors.py took 0.069 seconds
[2025-02-05T05:42:24.794+0000] {processor.py:186} INFO - Started process (PID=450) to work on /home/airflow/.local/lib/python3.12/site-packages/airflow/example_dags/example_sensors.py
[2025-02-05T05:42:24.795+0000] {processor.py:914} INFO - Processing file /home/airflow/.local/lib/python3.12/site-packages/airflow/example_dags/example_sensors.py for tasks to queue
[2025-02-05T05:42:24.797+0000] {logging_mixin.py:190} INFO - [2025-02-05T05:42:24.796+0000] {dagbag.py:588} INFO - Filling up the DagBag from /home/airflow/.local/lib/python3.12/site-packages/airflow/example_dags/example_sensors.py
[2025-02-05T05:42:24.807+0000] {processor.py:925} INFO - DAG(s) 'example_sensors' retrieved from /home/airflow/.local/lib/python3.12/site-packages/airflow/example_dags/example_sensors.py
[2025-02-05T05:42:24.829+0000] {logging_mixin.py:190} INFO - [2025-02-05T05:42:24.829+0000] {dag.py:3239} INFO - Sync 1 DAGs
[2025-02-05T05:42:24.841+0000] {logging_mixin.py:190} INFO - [2025-02-05T05:42:24.841+0000] {dag.py:4180} INFO - Setting next_dagrun for example_sensors to None, run_after=None
[2025-02-05T05:42:24.858+0000] {processor.py:208} INFO - Processing /home/airflow/.local/lib/python3.12/site-packages/airflow/example_dags/example_sensors.py took 0.069 seconds
[2025-02-05T05:42:55.198+0000] {processor.py:186} INFO - Started process (PID=741) to work on /home/airflow/.local/lib/python3.12/site-packages/airflow/example_dags/example_sensors.py
[2025-02-05T05:42:55.198+0000] {processor.py:914} INFO - Processing file /home/airflow/.local/lib/python3.12/site-packages/airflow/example_dags/example_sensors.py for tasks to queue
[2025-02-05T05:42:55.201+0000] {logging_mixin.py:190} INFO - [2025-02-05T05:42:55.200+0000] {dagbag.py:588} INFO - Filling up the DagBag from /home/airflow/.local/lib/python3.12/site-packages/airflow/example_dags/example_sensors.py
[2025-02-05T05:42:55.210+0000] {processor.py:925} INFO - DAG(s) 'example_sensors' retrieved from /home/airflow/.local/lib/python3.12/site-packages/airflow/example_dags/example_sensors.py
[2025-02-05T05:42:55.241+0000] {logging_mixin.py:190} INFO - [2025-02-05T05:42:55.240+0000] {dag.py:3239} INFO - Sync 1 DAGs
[2025-02-05T05:42:55.259+0000] {logging_mixin.py:190} INFO - [2025-02-05T05:42:55.259+0000] {dag.py:4180} INFO - Setting next_dagrun for example_sensors to None, run_after=None
[2025-02-05T05:42:55.284+0000] {processor.py:208} INFO - Processing /home/airflow/.local/lib/python3.12/site-packages/airflow/example_dags/example_sensors.py took 0.092 seconds
[2025-02-05T05:43:27.018+0000] {processor.py:186} INFO - Started process (PID=1037) to work on /home/airflow/.local/lib/python3.12/site-packages/airflow/example_dags/example_sensors.py
[2025-02-05T05:43:27.019+0000] {processor.py:914} INFO - Processing file /home/airflow/.local/lib/python3.12/site-packages/airflow/example_dags/example_sensors.py for tasks to queue
[2025-02-05T05:43:27.020+0000] {logging_mixin.py:190} INFO - [2025-02-05T05:43:27.020+0000] {dagbag.py:588} INFO - Filling up the DagBag from /home/airflow/.local/lib/python3.12/site-packages/airflow/example_dags/example_sensors.py
[2025-02-05T05:43:27.029+0000] {processor.py:925} INFO - DAG(s) 'example_sensors' retrieved from /home/airflow/.local/lib/python3.12/site-packages/airflow/example_dags/example_sensors.py
[2025-02-05T05:43:27.050+0000] {logging_mixin.py:190} INFO - [2025-02-05T05:43:27.050+0000] {dag.py:3239} INFO - Sync 1 DAGs
[2025-02-05T05:43:27.061+0000] {logging_mixin.py:190} INFO - [2025-02-05T05:43:27.061+0000] {dag.py:4180} INFO - Setting next_dagrun for example_sensors to None, run_after=None
[2025-02-05T05:43:27.077+0000] {processor.py:208} INFO - Processing /home/airflow/.local/lib/python3.12/site-packages/airflow/example_dags/example_sensors.py took 0.064 seconds
[2025-02-05T05:43:57.408+0000] {processor.py:186} INFO - Started process (PID=1328) to work on /home/airflow/.local/lib/python3.12/site-packages/airflow/example_dags/example_sensors.py
[2025-02-05T05:43:57.409+0000] {processor.py:914} INFO - Processing file /home/airflow/.local/lib/python3.12/site-packages/airflow/example_dags/example_sensors.py for tasks to queue
[2025-02-05T05:43:57.411+0000] {logging_mixin.py:190} INFO - [2025-02-05T05:43:57.410+0000] {dagbag.py:588} INFO - Filling up the DagBag from /home/airflow/.local/lib/python3.12/site-packages/airflow/example_dags/example_sensors.py
[2025-02-05T05:43:57.420+0000] {processor.py:925} INFO - DAG(s) 'example_sensors' retrieved from /home/airflow/.local/lib/python3.12/site-packages/airflow/example_dags/example_sensors.py
[2025-02-05T05:43:57.440+0000] {logging_mixin.py:190} INFO - [2025-02-05T05:43:57.439+0000] {dag.py:3239} INFO - Sync 1 DAGs
[2025-02-05T05:43:57.452+0000] {logging_mixin.py:190} INFO - [2025-02-05T05:43:57.452+0000] {dag.py:4180} INFO - Setting next_dagrun for example_sensors to None, run_after=None
[2025-02-05T05:43:57.468+0000] {processor.py:208} INFO - Processing /home/airflow/.local/lib/python3.12/site-packages/airflow/example_dags/example_sensors.py took 0.065 seconds
[2025-02-05T05:44:29.250+0000] {processor.py:186} INFO - Started process (PID=1624) to work on /home/airflow/.local/lib/python3.12/site-packages/airflow/example_dags/example_sensors.py
[2025-02-05T05:44:29.251+0000] {processor.py:914} INFO - Processing file /home/airflow/.local/lib/python3.12/site-packages/airflow/example_dags/example_sensors.py for tasks to queue
[2025-02-05T05:44:29.253+0000] {logging_mixin.py:190} INFO - [2025-02-05T05:44:29.252+0000] {dagbag.py:588} INFO - Filling up the DagBag from /home/airflow/.local/lib/python3.12/site-packages/airflow/example_dags/example_sensors.py
[2025-02-05T05:44:29.262+0000] {processor.py:925} INFO - DAG(s) 'example_sensors' retrieved from /home/airflow/.local/lib/python3.12/site-packages/airflow/example_dags/example_sensors.py
[2025-02-05T05:44:29.288+0000] {logging_mixin.py:190} INFO - [2025-02-05T05:44:29.288+0000] {dag.py:3239} INFO - Sync 1 DAGs
[2025-02-05T05:44:29.301+0000] {logging_mixin.py:190} INFO - [2025-02-05T05:44:29.300+0000] {dag.py:4180} INFO - Setting next_dagrun for example_sensors to None, run_after=None
[2025-02-05T05:44:29.318+0000] {processor.py:208} INFO - Processing /home/airflow/.local/lib/python3.12/site-packages/airflow/example_dags/example_sensors.py took 0.075 seconds
[2025-02-05T05:44:59.683+0000] {processor.py:186} INFO - Started process (PID=1915) to work on /home/airflow/.local/lib/python3.12/site-packages/airflow/example_dags/example_sensors.py
[2025-02-05T05:44:59.684+0000] {processor.py:914} INFO - Processing file /home/airflow/.local/lib/python3.12/site-packages/airflow/example_dags/example_sensors.py for tasks to queue
[2025-02-05T05:44:59.686+0000] {logging_mixin.py:190} INFO - [2025-02-05T05:44:59.686+0000] {dagbag.py:588} INFO - Filling up the DagBag from /home/airflow/.local/lib/python3.12/site-packages/airflow/example_dags/example_sensors.py
[2025-02-05T05:44:59.696+0000] {processor.py:925} INFO - DAG(s) 'example_sensors' retrieved from /home/airflow/.local/lib/python3.12/site-packages/airflow/example_dags/example_sensors.py
[2025-02-05T05:44:59.720+0000] {logging_mixin.py:190} INFO - [2025-02-05T05:44:59.720+0000] {dag.py:3239} INFO - Sync 1 DAGs
[2025-02-05T05:44:59.732+0000] {logging_mixin.py:190} INFO - [2025-02-05T05:44:59.732+0000] {dag.py:4180} INFO - Setting next_dagrun for example_sensors to None, run_after=None
[2025-02-05T05:44:59.749+0000] {processor.py:208} INFO - Processing /home/airflow/.local/lib/python3.12/site-packages/airflow/example_dags/example_sensors.py took 0.071 seconds
[2025-02-05T05:45:31.327+0000] {processor.py:186} INFO - Started process (PID=2211) to work on /home/airflow/.local/lib/python3.12/site-packages/airflow/example_dags/example_sensors.py
[2025-02-05T05:45:31.328+0000] {processor.py:914} INFO - Processing file /home/airflow/.local/lib/python3.12/site-packages/airflow/example_dags/example_sensors.py for tasks to queue
[2025-02-05T05:45:31.330+0000] {logging_mixin.py:190} INFO - [2025-02-05T05:45:31.330+0000] {dagbag.py:588} INFO - Filling up the DagBag from /home/airflow/.local/lib/python3.12/site-packages/airflow/example_dags/example_sensors.py
[2025-02-05T05:45:31.341+0000] {processor.py:925} INFO - DAG(s) 'example_sensors' retrieved from /home/airflow/.local/lib/python3.12/site-packages/airflow/example_dags/example_sensors.py
[2025-02-05T05:45:31.367+0000] {logging_mixin.py:190} INFO - [2025-02-05T05:45:31.366+0000] {dag.py:3239} INFO - Sync 1 DAGs
[2025-02-05T05:45:31.381+0000] {logging_mixin.py:190} INFO - [2025-02-05T05:45:31.381+0000] {dag.py:4180} INFO - Setting next_dagrun for example_sensors to None, run_after=None
[2025-02-05T05:45:31.398+0000] {processor.py:208} INFO - Processing /home/airflow/.local/lib/python3.12/site-packages/airflow/example_dags/example_sensors.py took 0.076 seconds
[2025-02-05T05:46:01.645+0000] {processor.py:186} INFO - Started process (PID=2502) to work on /home/airflow/.local/lib/python3.12/site-packages/airflow/example_dags/example_sensors.py
[2025-02-05T05:46:01.646+0000] {processor.py:914} INFO - Processing file /home/airflow/.local/lib/python3.12/site-packages/airflow/example_dags/example_sensors.py for tasks to queue
[2025-02-05T05:46:01.648+0000] {logging_mixin.py:190} INFO - [2025-02-05T05:46:01.647+0000] {dagbag.py:588} INFO - Filling up the DagBag from /home/airflow/.local/lib/python3.12/site-packages/airflow/example_dags/example_sensors.py
[2025-02-05T05:46:01.657+0000] {processor.py:925} INFO - DAG(s) 'example_sensors' retrieved from /home/airflow/.local/lib/python3.12/site-packages/airflow/example_dags/example_sensors.py
[2025-02-05T05:46:01.678+0000] {logging_mixin.py:190} INFO - [2025-02-05T05:46:01.677+0000] {dag.py:3239} INFO - Sync 1 DAGs
[2025-02-05T05:46:01.691+0000] {logging_mixin.py:190} INFO - [2025-02-05T05:46:01.691+0000] {dag.py:4180} INFO - Setting next_dagrun for example_sensors to None, run_after=None
[2025-02-05T05:46:01.711+0000] {processor.py:208} INFO - Processing /home/airflow/.local/lib/python3.12/site-packages/airflow/example_dags/example_sensors.py took 0.070 seconds
[2025-02-05T05:46:33.376+0000] {processor.py:186} INFO - Started process (PID=2798) to work on /home/airflow/.local/lib/python3.12/site-packages/airflow/example_dags/example_sensors.py
[2025-02-05T05:46:33.377+0000] {processor.py:914} INFO - Processing file /home/airflow/.local/lib/python3.12/site-packages/airflow/example_dags/example_sensors.py for tasks to queue
[2025-02-05T05:46:33.379+0000] {logging_mixin.py:190} INFO - [2025-02-05T05:46:33.378+0000] {dagbag.py:588} INFO - Filling up the DagBag from /home/airflow/.local/lib/python3.12/site-packages/airflow/example_dags/example_sensors.py
[2025-02-05T05:46:33.387+0000] {processor.py:925} INFO - DAG(s) 'example_sensors' retrieved from /home/airflow/.local/lib/python3.12/site-packages/airflow/example_dags/example_sensors.py
[2025-02-05T05:46:33.408+0000] {logging_mixin.py:190} INFO - [2025-02-05T05:46:33.408+0000] {dag.py:3239} INFO - Sync 1 DAGs
[2025-02-05T05:46:33.421+0000] {logging_mixin.py:190} INFO - [2025-02-05T05:46:33.421+0000] {dag.py:4180} INFO - Setting next_dagrun for example_sensors to None, run_after=None
[2025-02-05T05:46:33.438+0000] {processor.py:208} INFO - Processing /home/airflow/.local/lib/python3.12/site-packages/airflow/example_dags/example_sensors.py took 0.067 seconds
[2025-02-05T05:47:03.954+0000] {processor.py:186} INFO - Started process (PID=3091) to work on /home/airflow/.local/lib/python3.12/site-packages/airflow/example_dags/example_sensors.py
[2025-02-05T05:47:03.955+0000] {processor.py:914} INFO - Processing file /home/airflow/.local/lib/python3.12/site-packages/airflow/example_dags/example_sensors.py for tasks to queue
[2025-02-05T05:47:03.956+0000] {logging_mixin.py:190} INFO - [2025-02-05T05:47:03.956+0000] {dagbag.py:588} INFO - Filling up the DagBag from /home/airflow/.local/lib/python3.12/site-packages/airflow/example_dags/example_sensors.py
[2025-02-05T05:47:03.965+0000] {processor.py:925} INFO - DAG(s) 'example_sensors' retrieved from /home/airflow/.local/lib/python3.12/site-packages/airflow/example_dags/example_sensors.py
[2025-02-05T05:47:03.989+0000] {logging_mixin.py:190} INFO - [2025-02-05T05:47:03.988+0000] {dag.py:3239} INFO - Sync 1 DAGs
[2025-02-05T05:47:04.001+0000] {logging_mixin.py:190} INFO - [2025-02-05T05:47:04.001+0000] {dag.py:4180} INFO - Setting next_dagrun for example_sensors to None, run_after=None
[2025-02-05T05:47:04.019+0000] {processor.py:208} INFO - Processing /home/airflow/.local/lib/python3.12/site-packages/airflow/example_dags/example_sensors.py took 0.069 seconds
[2025-02-05T05:47:35.577+0000] {processor.py:186} INFO - Started process (PID=3385) to work on /home/airflow/.local/lib/python3.12/site-packages/airflow/example_dags/example_sensors.py
[2025-02-05T05:47:35.578+0000] {processor.py:914} INFO - Processing file /home/airflow/.local/lib/python3.12/site-packages/airflow/example_dags/example_sensors.py for tasks to queue
[2025-02-05T05:47:35.579+0000] {logging_mixin.py:190} INFO - [2025-02-05T05:47:35.579+0000] {dagbag.py:588} INFO - Filling up the DagBag from /home/airflow/.local/lib/python3.12/site-packages/airflow/example_dags/example_sensors.py
[2025-02-05T05:47:35.588+0000] {processor.py:925} INFO - DAG(s) 'example_sensors' retrieved from /home/airflow/.local/lib/python3.12/site-packages/airflow/example_dags/example_sensors.py
[2025-02-05T05:47:35.610+0000] {logging_mixin.py:190} INFO - [2025-02-05T05:47:35.610+0000] {dag.py:3239} INFO - Sync 1 DAGs
[2025-02-05T05:47:35.622+0000] {logging_mixin.py:190} INFO - [2025-02-05T05:47:35.622+0000] {dag.py:4180} INFO - Setting next_dagrun for example_sensors to None, run_after=None
[2025-02-05T05:47:35.638+0000] {processor.py:208} INFO - Processing /home/airflow/.local/lib/python3.12/site-packages/airflow/example_dags/example_sensors.py took 0.066 seconds
[2025-02-05T05:48:06.052+0000] {processor.py:186} INFO - Started process (PID=3678) to work on /home/airflow/.local/lib/python3.12/site-packages/airflow/example_dags/example_sensors.py
[2025-02-05T05:48:06.053+0000] {processor.py:914} INFO - Processing file /home/airflow/.local/lib/python3.12/site-packages/airflow/example_dags/example_sensors.py for tasks to queue
[2025-02-05T05:48:06.055+0000] {logging_mixin.py:190} INFO - [2025-02-05T05:48:06.055+0000] {dagbag.py:588} INFO - Filling up the DagBag from /home/airflow/.local/lib/python3.12/site-packages/airflow/example_dags/example_sensors.py
[2025-02-05T05:48:06.066+0000] {processor.py:925} INFO - DAG(s) 'example_sensors' retrieved from /home/airflow/.local/lib/python3.12/site-packages/airflow/example_dags/example_sensors.py
[2025-02-05T05:48:06.093+0000] {logging_mixin.py:190} INFO - [2025-02-05T05:48:06.093+0000] {dag.py:3239} INFO - Sync 1 DAGs
[2025-02-05T05:48:06.106+0000] {logging_mixin.py:190} INFO - [2025-02-05T05:48:06.106+0000] {dag.py:4180} INFO - Setting next_dagrun for example_sensors to None, run_after=None
[2025-02-05T05:48:06.125+0000] {processor.py:208} INFO - Processing /home/airflow/.local/lib/python3.12/site-packages/airflow/example_dags/example_sensors.py took 0.079 seconds
[2025-02-05T05:48:38.569+0000] {processor.py:186} INFO - Started process (PID=3972) to work on /home/airflow/.local/lib/python3.12/site-packages/airflow/example_dags/example_sensors.py
[2025-02-05T05:48:38.570+0000] {processor.py:914} INFO - Processing file /home/airflow/.local/lib/python3.12/site-packages/airflow/example_dags/example_sensors.py for tasks to queue
[2025-02-05T05:48:38.571+0000] {logging_mixin.py:190} INFO - [2025-02-05T05:48:38.571+0000] {dagbag.py:588} INFO - Filling up the DagBag from /home/airflow/.local/lib/python3.12/site-packages/airflow/example_dags/example_sensors.py
[2025-02-05T05:48:38.580+0000] {processor.py:925} INFO - DAG(s) 'example_sensors' retrieved from /home/airflow/.local/lib/python3.12/site-packages/airflow/example_dags/example_sensors.py
[2025-02-05T05:48:38.601+0000] {logging_mixin.py:190} INFO - [2025-02-05T05:48:38.601+0000] {dag.py:3239} INFO - Sync 1 DAGs
[2025-02-05T05:48:38.614+0000] {logging_mixin.py:190} INFO - [2025-02-05T05:48:38.614+0000] {dag.py:4180} INFO - Setting next_dagrun for example_sensors to None, run_after=None
[2025-02-05T05:48:38.630+0000] {processor.py:208} INFO - Processing /home/airflow/.local/lib/python3.12/site-packages/airflow/example_dags/example_sensors.py took 0.065 seconds
[2025-02-05T05:49:09.251+0000] {processor.py:186} INFO - Started process (PID=4263) to work on /home/airflow/.local/lib/python3.12/site-packages/airflow/example_dags/example_sensors.py
[2025-02-05T05:49:09.252+0000] {processor.py:914} INFO - Processing file /home/airflow/.local/lib/python3.12/site-packages/airflow/example_dags/example_sensors.py for tasks to queue
[2025-02-05T05:49:09.253+0000] {logging_mixin.py:190} INFO - [2025-02-05T05:49:09.253+0000] {dagbag.py:588} INFO - Filling up the DagBag from /home/airflow/.local/lib/python3.12/site-packages/airflow/example_dags/example_sensors.py
[2025-02-05T05:49:09.262+0000] {processor.py:925} INFO - DAG(s) 'example_sensors' retrieved from /home/airflow/.local/lib/python3.12/site-packages/airflow/example_dags/example_sensors.py
[2025-02-05T05:49:09.283+0000] {logging_mixin.py:190} INFO - [2025-02-05T05:49:09.283+0000] {dag.py:3239} INFO - Sync 1 DAGs
[2025-02-05T05:49:09.296+0000] {logging_mixin.py:190} INFO - [2025-02-05T05:49:09.295+0000] {dag.py:4180} INFO - Setting next_dagrun for example_sensors to None, run_after=None
[2025-02-05T05:49:09.312+0000] {processor.py:208} INFO - Processing /home/airflow/.local/lib/python3.12/site-packages/airflow/example_dags/example_sensors.py took 0.066 seconds
[2025-02-05T05:49:41.208+0000] {processor.py:186} INFO - Started process (PID=4559) to work on /home/airflow/.local/lib/python3.12/site-packages/airflow/example_dags/example_sensors.py
[2025-02-05T05:49:41.209+0000] {processor.py:914} INFO - Processing file /home/airflow/.local/lib/python3.12/site-packages/airflow/example_dags/example_sensors.py for tasks to queue
[2025-02-05T05:49:41.210+0000] {logging_mixin.py:190} INFO - [2025-02-05T05:49:41.210+0000] {dagbag.py:588} INFO - Filling up the DagBag from /home/airflow/.local/lib/python3.12/site-packages/airflow/example_dags/example_sensors.py
[2025-02-05T05:49:41.218+0000] {processor.py:925} INFO - DAG(s) 'example_sensors' retrieved from /home/airflow/.local/lib/python3.12/site-packages/airflow/example_dags/example_sensors.py
[2025-02-05T05:49:41.240+0000] {logging_mixin.py:190} INFO - [2025-02-05T05:49:41.239+0000] {dag.py:3239} INFO - Sync 1 DAGs
[2025-02-05T05:49:41.252+0000] {logging_mixin.py:190} INFO - [2025-02-05T05:49:41.252+0000] {dag.py:4180} INFO - Setting next_dagrun for example_sensors to None, run_after=None
[2025-02-05T05:49:41.268+0000] {processor.py:208} INFO - Processing /home/airflow/.local/lib/python3.12/site-packages/airflow/example_dags/example_sensors.py took 0.065 seconds
[2025-02-05T05:50:11.705+0000] {processor.py:186} INFO - Started process (PID=4850) to work on /home/airflow/.local/lib/python3.12/site-packages/airflow/example_dags/example_sensors.py
[2025-02-05T05:50:11.705+0000] {processor.py:914} INFO - Processing file /home/airflow/.local/lib/python3.12/site-packages/airflow/example_dags/example_sensors.py for tasks to queue
[2025-02-05T05:50:11.707+0000] {logging_mixin.py:190} INFO - [2025-02-05T05:50:11.707+0000] {dagbag.py:588} INFO - Filling up the DagBag from /home/airflow/.local/lib/python3.12/site-packages/airflow/example_dags/example_sensors.py
[2025-02-05T05:50:11.716+0000] {processor.py:925} INFO - DAG(s) 'example_sensors' retrieved from /home/airflow/.local/lib/python3.12/site-packages/airflow/example_dags/example_sensors.py
[2025-02-05T05:50:11.740+0000] {logging_mixin.py:190} INFO - [2025-02-05T05:50:11.740+0000] {dag.py:3239} INFO - Sync 1 DAGs
[2025-02-05T05:50:11.752+0000] {logging_mixin.py:190} INFO - [2025-02-05T05:50:11.752+0000] {dag.py:4180} INFO - Setting next_dagrun for example_sensors to None, run_after=None
[2025-02-05T05:50:11.768+0000] {processor.py:208} INFO - Processing /home/airflow/.local/lib/python3.12/site-packages/airflow/example_dags/example_sensors.py took 0.069 seconds
[2025-02-05T05:50:43.034+0000] {processor.py:186} INFO - Started process (PID=5146) to work on /home/airflow/.local/lib/python3.12/site-packages/airflow/example_dags/example_sensors.py
[2025-02-05T05:50:43.035+0000] {processor.py:914} INFO - Processing file /home/airflow/.local/lib/python3.12/site-packages/airflow/example_dags/example_sensors.py for tasks to queue
[2025-02-05T05:50:43.036+0000] {logging_mixin.py:190} INFO - [2025-02-05T05:50:43.036+0000] {dagbag.py:588} INFO - Filling up the DagBag from /home/airflow/.local/lib/python3.12/site-packages/airflow/example_dags/example_sensors.py
[2025-02-05T05:50:43.045+0000] {processor.py:925} INFO - DAG(s) 'example_sensors' retrieved from /home/airflow/.local/lib/python3.12/site-packages/airflow/example_dags/example_sensors.py
[2025-02-05T05:50:43.069+0000] {logging_mixin.py:190} INFO - [2025-02-05T05:50:43.068+0000] {dag.py:3239} INFO - Sync 1 DAGs
[2025-02-05T05:50:43.081+0000] {logging_mixin.py:190} INFO - [2025-02-05T05:50:43.080+0000] {dag.py:4180} INFO - Setting next_dagrun for example_sensors to None, run_after=None
[2025-02-05T05:50:43.099+0000] {processor.py:208} INFO - Processing /home/airflow/.local/lib/python3.12/site-packages/airflow/example_dags/example_sensors.py took 0.070 seconds
[2025-02-05T05:51:13.456+0000] {processor.py:186} INFO - Started process (PID=5437) to work on /home/airflow/.local/lib/python3.12/site-packages/airflow/example_dags/example_sensors.py
[2025-02-05T05:51:13.457+0000] {processor.py:914} INFO - Processing file /home/airflow/.local/lib/python3.12/site-packages/airflow/example_dags/example_sensors.py for tasks to queue
[2025-02-05T05:51:13.459+0000] {logging_mixin.py:190} INFO - [2025-02-05T05:51:13.459+0000] {dagbag.py:588} INFO - Filling up the DagBag from /home/airflow/.local/lib/python3.12/site-packages/airflow/example_dags/example_sensors.py
[2025-02-05T05:51:13.468+0000] {processor.py:925} INFO - DAG(s) 'example_sensors' retrieved from /home/airflow/.local/lib/python3.12/site-packages/airflow/example_dags/example_sensors.py
[2025-02-05T05:51:13.491+0000] {logging_mixin.py:190} INFO - [2025-02-05T05:51:13.490+0000] {dag.py:3239} INFO - Sync 1 DAGs
[2025-02-05T05:51:13.503+0000] {logging_mixin.py:190} INFO - [2025-02-05T05:51:13.502+0000] {dag.py:4180} INFO - Setting next_dagrun for example_sensors to None, run_after=None
[2025-02-05T05:51:13.521+0000] {processor.py:208} INFO - Processing /home/airflow/.local/lib/python3.12/site-packages/airflow/example_dags/example_sensors.py took 0.070 seconds
[2025-02-05T05:51:45.312+0000] {processor.py:186} INFO - Started process (PID=5733) to work on /home/airflow/.local/lib/python3.12/site-packages/airflow/example_dags/example_sensors.py
[2025-02-05T05:51:45.313+0000] {processor.py:914} INFO - Processing file /home/airflow/.local/lib/python3.12/site-packages/airflow/example_dags/example_sensors.py for tasks to queue
[2025-02-05T05:51:45.315+0000] {logging_mixin.py:190} INFO - [2025-02-05T05:51:45.315+0000] {dagbag.py:588} INFO - Filling up the DagBag from /home/airflow/.local/lib/python3.12/site-packages/airflow/example_dags/example_sensors.py
[2025-02-05T05:51:45.323+0000] {processor.py:925} INFO - DAG(s) 'example_sensors' retrieved from /home/airflow/.local/lib/python3.12/site-packages/airflow/example_dags/example_sensors.py
[2025-02-05T05:51:45.346+0000] {logging_mixin.py:190} INFO - [2025-02-05T05:51:45.346+0000] {dag.py:3239} INFO - Sync 1 DAGs
[2025-02-05T05:51:45.359+0000] {logging_mixin.py:190} INFO - [2025-02-05T05:51:45.359+0000] {dag.py:4180} INFO - Setting next_dagrun for example_sensors to None, run_after=None
[2025-02-05T05:51:45.374+0000] {processor.py:208} INFO - Processing /home/airflow/.local/lib/python3.12/site-packages/airflow/example_dags/example_sensors.py took 0.067 seconds
[2025-02-05T05:52:15.519+0000] {processor.py:186} INFO - Started process (PID=6024) to work on /home/airflow/.local/lib/python3.12/site-packages/airflow/example_dags/example_sensors.py
[2025-02-05T05:52:15.520+0000] {processor.py:914} INFO - Processing file /home/airflow/.local/lib/python3.12/site-packages/airflow/example_dags/example_sensors.py for tasks to queue
[2025-02-05T05:52:15.522+0000] {logging_mixin.py:190} INFO - [2025-02-05T05:52:15.522+0000] {dagbag.py:588} INFO - Filling up the DagBag from /home/airflow/.local/lib/python3.12/site-packages/airflow/example_dags/example_sensors.py
[2025-02-05T05:52:15.532+0000] {processor.py:925} INFO - DAG(s) 'example_sensors' retrieved from /home/airflow/.local/lib/python3.12/site-packages/airflow/example_dags/example_sensors.py
[2025-02-05T05:52:15.556+0000] {logging_mixin.py:190} INFO - [2025-02-05T05:52:15.556+0000] {dag.py:3239} INFO - Sync 1 DAGs
[2025-02-05T05:52:15.569+0000] {logging_mixin.py:190} INFO - [2025-02-05T05:52:15.569+0000] {dag.py:4180} INFO - Setting next_dagrun for example_sensors to None, run_after=None
[2025-02-05T05:52:15.590+0000] {processor.py:208} INFO - Processing /home/airflow/.local/lib/python3.12/site-packages/airflow/example_dags/example_sensors.py took 0.076 seconds
[2025-02-05T05:52:46.769+0000] {processor.py:186} INFO - Started process (PID=6320) to work on /home/airflow/.local/lib/python3.12/site-packages/airflow/example_dags/example_sensors.py
[2025-02-05T05:52:46.770+0000] {processor.py:914} INFO - Processing file /home/airflow/.local/lib/python3.12/site-packages/airflow/example_dags/example_sensors.py for tasks to queue
[2025-02-05T05:52:46.772+0000] {logging_mixin.py:190} INFO - [2025-02-05T05:52:46.771+0000] {dagbag.py:588} INFO - Filling up the DagBag from /home/airflow/.local/lib/python3.12/site-packages/airflow/example_dags/example_sensors.py
[2025-02-05T05:52:46.781+0000] {processor.py:925} INFO - DAG(s) 'example_sensors' retrieved from /home/airflow/.local/lib/python3.12/site-packages/airflow/example_dags/example_sensors.py
[2025-02-05T05:52:46.804+0000] {logging_mixin.py:190} INFO - [2025-02-05T05:52:46.804+0000] {dag.py:3239} INFO - Sync 1 DAGs
[2025-02-05T05:52:46.815+0000] {logging_mixin.py:190} INFO - [2025-02-05T05:52:46.815+0000] {dag.py:4180} INFO - Setting next_dagrun for example_sensors to None, run_after=None
[2025-02-05T05:52:46.832+0000] {processor.py:208} INFO - Processing /home/airflow/.local/lib/python3.12/site-packages/airflow/example_dags/example_sensors.py took 0.067 seconds
[2025-02-05T05:53:17.491+0000] {processor.py:186} INFO - Started process (PID=6613) to work on /home/airflow/.local/lib/python3.12/site-packages/airflow/example_dags/example_sensors.py
[2025-02-05T05:53:17.492+0000] {processor.py:914} INFO - Processing file /home/airflow/.local/lib/python3.12/site-packages/airflow/example_dags/example_sensors.py for tasks to queue
[2025-02-05T05:53:17.493+0000] {logging_mixin.py:190} INFO - [2025-02-05T05:53:17.493+0000] {dagbag.py:588} INFO - Filling up the DagBag from /home/airflow/.local/lib/python3.12/site-packages/airflow/example_dags/example_sensors.py
[2025-02-05T05:53:17.502+0000] {processor.py:925} INFO - DAG(s) 'example_sensors' retrieved from /home/airflow/.local/lib/python3.12/site-packages/airflow/example_dags/example_sensors.py
[2025-02-05T05:53:17.524+0000] {logging_mixin.py:190} INFO - [2025-02-05T05:53:17.524+0000] {dag.py:3239} INFO - Sync 1 DAGs
[2025-02-05T05:53:17.537+0000] {logging_mixin.py:190} INFO - [2025-02-05T05:53:17.537+0000] {dag.py:4180} INFO - Setting next_dagrun for example_sensors to None, run_after=None
[2025-02-05T05:53:17.555+0000] {processor.py:208} INFO - Processing /home/airflow/.local/lib/python3.12/site-packages/airflow/example_dags/example_sensors.py took 0.069 seconds
[2025-02-05T05:53:49.736+0000] {processor.py:186} INFO - Started process (PID=6913) to work on /home/airflow/.local/lib/python3.12/site-packages/airflow/example_dags/example_sensors.py
[2025-02-05T05:53:49.737+0000] {processor.py:914} INFO - Processing file /home/airflow/.local/lib/python3.12/site-packages/airflow/example_dags/example_sensors.py for tasks to queue
[2025-02-05T05:53:49.739+0000] {logging_mixin.py:190} INFO - [2025-02-05T05:53:49.738+0000] {dagbag.py:588} INFO - Filling up the DagBag from /home/airflow/.local/lib/python3.12/site-packages/airflow/example_dags/example_sensors.py
[2025-02-05T05:53:49.747+0000] {processor.py:925} INFO - DAG(s) 'example_sensors' retrieved from /home/airflow/.local/lib/python3.12/site-packages/airflow/example_dags/example_sensors.py
[2025-02-05T05:53:49.771+0000] {logging_mixin.py:190} INFO - [2025-02-05T05:53:49.771+0000] {dag.py:3239} INFO - Sync 1 DAGs
[2025-02-05T05:53:49.783+0000] {logging_mixin.py:190} INFO - [2025-02-05T05:53:49.783+0000] {dag.py:4180} INFO - Setting next_dagrun for example_sensors to None, run_after=None
[2025-02-05T05:53:49.798+0000] {processor.py:208} INFO - Processing /home/airflow/.local/lib/python3.12/site-packages/airflow/example_dags/example_sensors.py took 0.067 seconds
[2025-02-05T05:54:20.040+0000] {processor.py:186} INFO - Started process (PID=7204) to work on /home/airflow/.local/lib/python3.12/site-packages/airflow/example_dags/example_sensors.py
[2025-02-05T05:54:20.041+0000] {processor.py:914} INFO - Processing file /home/airflow/.local/lib/python3.12/site-packages/airflow/example_dags/example_sensors.py for tasks to queue
[2025-02-05T05:54:20.043+0000] {logging_mixin.py:190} INFO - [2025-02-05T05:54:20.042+0000] {dagbag.py:588} INFO - Filling up the DagBag from /home/airflow/.local/lib/python3.12/site-packages/airflow/example_dags/example_sensors.py
[2025-02-05T05:54:20.054+0000] {processor.py:925} INFO - DAG(s) 'example_sensors' retrieved from /home/airflow/.local/lib/python3.12/site-packages/airflow/example_dags/example_sensors.py
[2025-02-05T05:54:20.079+0000] {logging_mixin.py:190} INFO - [2025-02-05T05:54:20.079+0000] {dag.py:3239} INFO - Sync 1 DAGs
[2025-02-05T05:54:20.094+0000] {logging_mixin.py:190} INFO - [2025-02-05T05:54:20.093+0000] {dag.py:4180} INFO - Setting next_dagrun for example_sensors to None, run_after=None
[2025-02-05T05:54:20.114+0000] {processor.py:208} INFO - Processing /home/airflow/.local/lib/python3.12/site-packages/airflow/example_dags/example_sensors.py took 0.081 seconds
[2025-02-05T05:55:09.166+0000] {processor.py:186} INFO - Started process (PID=443) to work on /home/airflow/.local/lib/python3.12/site-packages/airflow/example_dags/example_sensors.py
[2025-02-05T05:55:09.167+0000] {processor.py:914} INFO - Processing file /home/airflow/.local/lib/python3.12/site-packages/airflow/example_dags/example_sensors.py for tasks to queue
[2025-02-05T05:55:09.169+0000] {logging_mixin.py:190} INFO - [2025-02-05T05:55:09.169+0000] {dagbag.py:588} INFO - Filling up the DagBag from /home/airflow/.local/lib/python3.12/site-packages/airflow/example_dags/example_sensors.py
[2025-02-05T05:55:09.179+0000] {processor.py:925} INFO - DAG(s) 'example_sensors' retrieved from /home/airflow/.local/lib/python3.12/site-packages/airflow/example_dags/example_sensors.py
[2025-02-05T05:55:09.201+0000] {logging_mixin.py:190} INFO - [2025-02-05T05:55:09.200+0000] {dag.py:3239} INFO - Sync 1 DAGs
[2025-02-05T05:55:09.212+0000] {logging_mixin.py:190} INFO - [2025-02-05T05:55:09.211+0000] {dag.py:4180} INFO - Setting next_dagrun for example_sensors to None, run_after=None
[2025-02-05T05:55:09.226+0000] {processor.py:208} INFO - Processing /home/airflow/.local/lib/python3.12/site-packages/airflow/example_dags/example_sensors.py took 0.065 seconds
[2025-02-05T06:18:21.538+0000] {processor.py:186} INFO - Started process (PID=732) to work on /home/airflow/.local/lib/python3.12/site-packages/airflow/example_dags/example_sensors.py
[2025-02-05T06:18:21.539+0000] {processor.py:914} INFO - Processing file /home/airflow/.local/lib/python3.12/site-packages/airflow/example_dags/example_sensors.py for tasks to queue
[2025-02-05T06:18:21.541+0000] {logging_mixin.py:190} INFO - [2025-02-05T06:18:21.541+0000] {dagbag.py:588} INFO - Filling up the DagBag from /home/airflow/.local/lib/python3.12/site-packages/airflow/example_dags/example_sensors.py
[2025-02-05T06:18:21.551+0000] {processor.py:925} INFO - DAG(s) 'example_sensors' retrieved from /home/airflow/.local/lib/python3.12/site-packages/airflow/example_dags/example_sensors.py
[2025-02-05T06:18:21.579+0000] {logging_mixin.py:190} INFO - [2025-02-05T06:18:21.578+0000] {dag.py:3239} INFO - Sync 1 DAGs
[2025-02-05T06:18:21.594+0000] {logging_mixin.py:190} INFO - [2025-02-05T06:18:21.594+0000] {dag.py:4180} INFO - Setting next_dagrun for example_sensors to None, run_after=None
[2025-02-05T06:18:21.614+0000] {processor.py:208} INFO - Processing /home/airflow/.local/lib/python3.12/site-packages/airflow/example_dags/example_sensors.py took 0.082 seconds
[2025-02-05T06:18:51.798+0000] {processor.py:186} INFO - Started process (PID=1026) to work on /home/airflow/.local/lib/python3.12/site-packages/airflow/example_dags/example_sensors.py
[2025-02-05T06:18:51.799+0000] {processor.py:914} INFO - Processing file /home/airflow/.local/lib/python3.12/site-packages/airflow/example_dags/example_sensors.py for tasks to queue
[2025-02-05T06:18:51.801+0000] {logging_mixin.py:190} INFO - [2025-02-05T06:18:51.800+0000] {dagbag.py:588} INFO - Filling up the DagBag from /home/airflow/.local/lib/python3.12/site-packages/airflow/example_dags/example_sensors.py
[2025-02-05T06:18:51.810+0000] {processor.py:925} INFO - DAG(s) 'example_sensors' retrieved from /home/airflow/.local/lib/python3.12/site-packages/airflow/example_dags/example_sensors.py
[2025-02-05T06:18:51.836+0000] {logging_mixin.py:190} INFO - [2025-02-05T06:18:51.835+0000] {dag.py:3239} INFO - Sync 1 DAGs
[2025-02-05T06:18:51.851+0000] {logging_mixin.py:190} INFO - [2025-02-05T06:18:51.851+0000] {dag.py:4180} INFO - Setting next_dagrun for example_sensors to None, run_after=None
[2025-02-05T06:18:51.877+0000] {processor.py:208} INFO - Processing /home/airflow/.local/lib/python3.12/site-packages/airflow/example_dags/example_sensors.py took 0.085 seconds
[2025-02-05T06:19:22.122+0000] {processor.py:186} INFO - Started process (PID=1319) to work on /home/airflow/.local/lib/python3.12/site-packages/airflow/example_dags/example_sensors.py
[2025-02-05T06:19:22.123+0000] {processor.py:914} INFO - Processing file /home/airflow/.local/lib/python3.12/site-packages/airflow/example_dags/example_sensors.py for tasks to queue
[2025-02-05T06:19:22.126+0000] {logging_mixin.py:190} INFO - [2025-02-05T06:19:22.125+0000] {dagbag.py:588} INFO - Filling up the DagBag from /home/airflow/.local/lib/python3.12/site-packages/airflow/example_dags/example_sensors.py
[2025-02-05T06:19:22.136+0000] {processor.py:925} INFO - DAG(s) 'example_sensors' retrieved from /home/airflow/.local/lib/python3.12/site-packages/airflow/example_dags/example_sensors.py
[2025-02-05T06:19:22.161+0000] {logging_mixin.py:190} INFO - [2025-02-05T06:19:22.161+0000] {dag.py:3239} INFO - Sync 1 DAGs
[2025-02-05T06:19:22.175+0000] {logging_mixin.py:190} INFO - [2025-02-05T06:19:22.175+0000] {dag.py:4180} INFO - Setting next_dagrun for example_sensors to None, run_after=None
[2025-02-05T06:19:22.194+0000] {processor.py:208} INFO - Processing /home/airflow/.local/lib/python3.12/site-packages/airflow/example_dags/example_sensors.py took 0.078 seconds
[2025-02-05T06:19:52.975+0000] {processor.py:186} INFO - Started process (PID=1613) to work on /home/airflow/.local/lib/python3.12/site-packages/airflow/example_dags/example_sensors.py
[2025-02-05T06:19:52.976+0000] {processor.py:914} INFO - Processing file /home/airflow/.local/lib/python3.12/site-packages/airflow/example_dags/example_sensors.py for tasks to queue
[2025-02-05T06:19:52.978+0000] {logging_mixin.py:190} INFO - [2025-02-05T06:19:52.978+0000] {dagbag.py:588} INFO - Filling up the DagBag from /home/airflow/.local/lib/python3.12/site-packages/airflow/example_dags/example_sensors.py
[2025-02-05T06:19:52.988+0000] {processor.py:925} INFO - DAG(s) 'example_sensors' retrieved from /home/airflow/.local/lib/python3.12/site-packages/airflow/example_dags/example_sensors.py
[2025-02-05T06:19:53.013+0000] {logging_mixin.py:190} INFO - [2025-02-05T06:19:53.013+0000] {dag.py:3239} INFO - Sync 1 DAGs
[2025-02-05T06:19:53.028+0000] {logging_mixin.py:190} INFO - [2025-02-05T06:19:53.028+0000] {dag.py:4180} INFO - Setting next_dagrun for example_sensors to None, run_after=None
[2025-02-05T06:19:53.047+0000] {processor.py:208} INFO - Processing /home/airflow/.local/lib/python3.12/site-packages/airflow/example_dags/example_sensors.py took 0.078 seconds
[2025-02-05T06:20:23.287+0000] {processor.py:186} INFO - Started process (PID=1906) to work on /home/airflow/.local/lib/python3.12/site-packages/airflow/example_dags/example_sensors.py
[2025-02-05T06:20:23.288+0000] {processor.py:914} INFO - Processing file /home/airflow/.local/lib/python3.12/site-packages/airflow/example_dags/example_sensors.py for tasks to queue
[2025-02-05T06:20:23.290+0000] {logging_mixin.py:190} INFO - [2025-02-05T06:20:23.290+0000] {dagbag.py:588} INFO - Filling up the DagBag from /home/airflow/.local/lib/python3.12/site-packages/airflow/example_dags/example_sensors.py
[2025-02-05T06:20:23.299+0000] {processor.py:925} INFO - DAG(s) 'example_sensors' retrieved from /home/airflow/.local/lib/python3.12/site-packages/airflow/example_dags/example_sensors.py
[2025-02-05T06:20:23.322+0000] {logging_mixin.py:190} INFO - [2025-02-05T06:20:23.322+0000] {dag.py:3239} INFO - Sync 1 DAGs
[2025-02-05T06:20:23.337+0000] {logging_mixin.py:190} INFO - [2025-02-05T06:20:23.337+0000] {dag.py:4180} INFO - Setting next_dagrun for example_sensors to None, run_after=None
[2025-02-05T06:20:23.360+0000] {processor.py:208} INFO - Processing /home/airflow/.local/lib/python3.12/site-packages/airflow/example_dags/example_sensors.py took 0.078 seconds
[2025-02-05T06:20:54.381+0000] {processor.py:186} INFO - Started process (PID=2200) to work on /home/airflow/.local/lib/python3.12/site-packages/airflow/example_dags/example_sensors.py
[2025-02-05T06:20:54.382+0000] {processor.py:914} INFO - Processing file /home/airflow/.local/lib/python3.12/site-packages/airflow/example_dags/example_sensors.py for tasks to queue
[2025-02-05T06:20:54.385+0000] {logging_mixin.py:190} INFO - [2025-02-05T06:20:54.384+0000] {dagbag.py:588} INFO - Filling up the DagBag from /home/airflow/.local/lib/python3.12/site-packages/airflow/example_dags/example_sensors.py
[2025-02-05T06:20:54.395+0000] {processor.py:925} INFO - DAG(s) 'example_sensors' retrieved from /home/airflow/.local/lib/python3.12/site-packages/airflow/example_dags/example_sensors.py
[2025-02-05T06:20:54.422+0000] {logging_mixin.py:190} INFO - [2025-02-05T06:20:54.422+0000] {dag.py:3239} INFO - Sync 1 DAGs
[2025-02-05T06:20:54.437+0000] {logging_mixin.py:190} INFO - [2025-02-05T06:20:54.436+0000] {dag.py:4180} INFO - Setting next_dagrun for example_sensors to None, run_after=None
[2025-02-05T06:20:54.456+0000] {processor.py:208} INFO - Processing /home/airflow/.local/lib/python3.12/site-packages/airflow/example_dags/example_sensors.py took 0.080 seconds
[2025-02-05T06:21:24.963+0000] {processor.py:186} INFO - Started process (PID=2496) to work on /home/airflow/.local/lib/python3.12/site-packages/airflow/example_dags/example_sensors.py
[2025-02-05T06:21:24.964+0000] {processor.py:914} INFO - Processing file /home/airflow/.local/lib/python3.12/site-packages/airflow/example_dags/example_sensors.py for tasks to queue
[2025-02-05T06:21:24.966+0000] {logging_mixin.py:190} INFO - [2025-02-05T06:21:24.966+0000] {dagbag.py:588} INFO - Filling up the DagBag from /home/airflow/.local/lib/python3.12/site-packages/airflow/example_dags/example_sensors.py
[2025-02-05T06:21:24.975+0000] {processor.py:925} INFO - DAG(s) 'example_sensors' retrieved from /home/airflow/.local/lib/python3.12/site-packages/airflow/example_dags/example_sensors.py
[2025-02-05T06:21:25.000+0000] {logging_mixin.py:190} INFO - [2025-02-05T06:21:25.000+0000] {dag.py:3239} INFO - Sync 1 DAGs
[2025-02-05T06:21:25.015+0000] {logging_mixin.py:190} INFO - [2025-02-05T06:21:25.015+0000] {dag.py:4180} INFO - Setting next_dagrun for example_sensors to None, run_after=None
[2025-02-05T06:21:25.035+0000] {processor.py:208} INFO - Processing /home/airflow/.local/lib/python3.12/site-packages/airflow/example_dags/example_sensors.py took 0.078 seconds
[2025-02-05T06:21:56.541+0000] {processor.py:186} INFO - Started process (PID=2817) to work on /home/airflow/.local/lib/python3.12/site-packages/airflow/example_dags/example_sensors.py
[2025-02-05T06:21:56.542+0000] {processor.py:914} INFO - Processing file /home/airflow/.local/lib/python3.12/site-packages/airflow/example_dags/example_sensors.py for tasks to queue
[2025-02-05T06:21:56.545+0000] {logging_mixin.py:190} INFO - [2025-02-05T06:21:56.544+0000] {dagbag.py:588} INFO - Filling up the DagBag from /home/airflow/.local/lib/python3.12/site-packages/airflow/example_dags/example_sensors.py
[2025-02-05T06:21:56.556+0000] {processor.py:925} INFO - DAG(s) 'example_sensors' retrieved from /home/airflow/.local/lib/python3.12/site-packages/airflow/example_dags/example_sensors.py
[2025-02-05T06:21:56.582+0000] {logging_mixin.py:190} INFO - [2025-02-05T06:21:56.581+0000] {dag.py:3239} INFO - Sync 1 DAGs
[2025-02-05T06:21:56.596+0000] {logging_mixin.py:190} INFO - [2025-02-05T06:21:56.596+0000] {dag.py:4180} INFO - Setting next_dagrun for example_sensors to None, run_after=None
[2025-02-05T06:21:56.615+0000] {processor.py:208} INFO - Processing /home/airflow/.local/lib/python3.12/site-packages/airflow/example_dags/example_sensors.py took 0.080 seconds
[2025-02-05T06:22:27.861+0000] {processor.py:186} INFO - Started process (PID=3130) to work on /home/airflow/.local/lib/python3.12/site-packages/airflow/example_dags/example_sensors.py
[2025-02-05T06:22:27.862+0000] {processor.py:914} INFO - Processing file /home/airflow/.local/lib/python3.12/site-packages/airflow/example_dags/example_sensors.py for tasks to queue
[2025-02-05T06:22:27.864+0000] {logging_mixin.py:190} INFO - [2025-02-05T06:22:27.864+0000] {dagbag.py:588} INFO - Filling up the DagBag from /home/airflow/.local/lib/python3.12/site-packages/airflow/example_dags/example_sensors.py
[2025-02-05T06:22:27.874+0000] {processor.py:925} INFO - DAG(s) 'example_sensors' retrieved from /home/airflow/.local/lib/python3.12/site-packages/airflow/example_dags/example_sensors.py
[2025-02-05T06:22:27.900+0000] {logging_mixin.py:190} INFO - [2025-02-05T06:22:27.900+0000] {dag.py:3239} INFO - Sync 1 DAGs
[2025-02-05T06:22:27.913+0000] {logging_mixin.py:190} INFO - [2025-02-05T06:22:27.913+0000] {dag.py:4180} INFO - Setting next_dagrun for example_sensors to None, run_after=None
[2025-02-05T06:22:27.932+0000] {processor.py:208} INFO - Processing /home/airflow/.local/lib/python3.12/site-packages/airflow/example_dags/example_sensors.py took 0.077 seconds
[2025-02-05T06:22:58.978+0000] {processor.py:186} INFO - Started process (PID=3424) to work on /home/airflow/.local/lib/python3.12/site-packages/airflow/example_dags/example_sensors.py
[2025-02-05T06:22:58.979+0000] {processor.py:914} INFO - Processing file /home/airflow/.local/lib/python3.12/site-packages/airflow/example_dags/example_sensors.py for tasks to queue
[2025-02-05T06:22:58.980+0000] {logging_mixin.py:190} INFO - [2025-02-05T06:22:58.980+0000] {dagbag.py:588} INFO - Filling up the DagBag from /home/airflow/.local/lib/python3.12/site-packages/airflow/example_dags/example_sensors.py
[2025-02-05T06:22:58.988+0000] {processor.py:925} INFO - DAG(s) 'example_sensors' retrieved from /home/airflow/.local/lib/python3.12/site-packages/airflow/example_dags/example_sensors.py
[2025-02-05T06:22:59.010+0000] {logging_mixin.py:190} INFO - [2025-02-05T06:22:59.010+0000] {dag.py:3239} INFO - Sync 1 DAGs
[2025-02-05T06:22:59.024+0000] {logging_mixin.py:190} INFO - [2025-02-05T06:22:59.024+0000] {dag.py:4180} INFO - Setting next_dagrun for example_sensors to None, run_after=None
[2025-02-05T06:22:59.039+0000] {processor.py:208} INFO - Processing /home/airflow/.local/lib/python3.12/site-packages/airflow/example_dags/example_sensors.py took 0.066 seconds
[2025-02-05T06:23:29.156+0000] {processor.py:186} INFO - Started process (PID=3717) to work on /home/airflow/.local/lib/python3.12/site-packages/airflow/example_dags/example_sensors.py
[2025-02-05T06:23:29.157+0000] {processor.py:914} INFO - Processing file /home/airflow/.local/lib/python3.12/site-packages/airflow/example_dags/example_sensors.py for tasks to queue
[2025-02-05T06:23:29.159+0000] {logging_mixin.py:190} INFO - [2025-02-05T06:23:29.159+0000] {dagbag.py:588} INFO - Filling up the DagBag from /home/airflow/.local/lib/python3.12/site-packages/airflow/example_dags/example_sensors.py
[2025-02-05T06:23:29.168+0000] {processor.py:925} INFO - DAG(s) 'example_sensors' retrieved from /home/airflow/.local/lib/python3.12/site-packages/airflow/example_dags/example_sensors.py
[2025-02-05T06:23:29.194+0000] {logging_mixin.py:190} INFO - [2025-02-05T06:23:29.193+0000] {dag.py:3239} INFO - Sync 1 DAGs
[2025-02-05T06:23:29.207+0000] {logging_mixin.py:190} INFO - [2025-02-05T06:23:29.207+0000] {dag.py:4180} INFO - Setting next_dagrun for example_sensors to None, run_after=None
[2025-02-05T06:23:29.227+0000] {processor.py:208} INFO - Processing /home/airflow/.local/lib/python3.12/site-packages/airflow/example_dags/example_sensors.py took 0.077 seconds
[2025-02-05T06:23:59.870+0000] {processor.py:186} INFO - Started process (PID=4011) to work on /home/airflow/.local/lib/python3.12/site-packages/airflow/example_dags/example_sensors.py
[2025-02-05T06:23:59.871+0000] {processor.py:914} INFO - Processing file /home/airflow/.local/lib/python3.12/site-packages/airflow/example_dags/example_sensors.py for tasks to queue
[2025-02-05T06:23:59.873+0000] {logging_mixin.py:190} INFO - [2025-02-05T06:23:59.872+0000] {dagbag.py:588} INFO - Filling up the DagBag from /home/airflow/.local/lib/python3.12/site-packages/airflow/example_dags/example_sensors.py
[2025-02-05T06:23:59.882+0000] {processor.py:925} INFO - DAG(s) 'example_sensors' retrieved from /home/airflow/.local/lib/python3.12/site-packages/airflow/example_dags/example_sensors.py
[2025-02-05T06:23:59.908+0000] {logging_mixin.py:190} INFO - [2025-02-05T06:23:59.908+0000] {dag.py:3239} INFO - Sync 1 DAGs
[2025-02-05T06:23:59.922+0000] {logging_mixin.py:190} INFO - [2025-02-05T06:23:59.922+0000] {dag.py:4180} INFO - Setting next_dagrun for example_sensors to None, run_after=None
[2025-02-05T06:23:59.945+0000] {processor.py:208} INFO - Processing /home/airflow/.local/lib/python3.12/site-packages/airflow/example_dags/example_sensors.py took 0.081 seconds
[2025-02-05T06:24:30.404+0000] {processor.py:186} INFO - Started process (PID=4304) to work on /home/airflow/.local/lib/python3.12/site-packages/airflow/example_dags/example_sensors.py
[2025-02-05T06:24:30.406+0000] {processor.py:914} INFO - Processing file /home/airflow/.local/lib/python3.12/site-packages/airflow/example_dags/example_sensors.py for tasks to queue
[2025-02-05T06:24:30.408+0000] {logging_mixin.py:190} INFO - [2025-02-05T06:24:30.407+0000] {dagbag.py:588} INFO - Filling up the DagBag from /home/airflow/.local/lib/python3.12/site-packages/airflow/example_dags/example_sensors.py
[2025-02-05T06:24:30.417+0000] {processor.py:925} INFO - DAG(s) 'example_sensors' retrieved from /home/airflow/.local/lib/python3.12/site-packages/airflow/example_dags/example_sensors.py
[2025-02-05T06:24:30.442+0000] {logging_mixin.py:190} INFO - [2025-02-05T06:24:30.442+0000] {dag.py:3239} INFO - Sync 1 DAGs
[2025-02-05T06:24:30.457+0000] {logging_mixin.py:190} INFO - [2025-02-05T06:24:30.456+0000] {dag.py:4180} INFO - Setting next_dagrun for example_sensors to None, run_after=None
[2025-02-05T06:24:30.475+0000] {processor.py:208} INFO - Processing /home/airflow/.local/lib/python3.12/site-packages/airflow/example_dags/example_sensors.py took 0.077 seconds
[2025-02-05T06:25:01.510+0000] {processor.py:186} INFO - Started process (PID=4598) to work on /home/airflow/.local/lib/python3.12/site-packages/airflow/example_dags/example_sensors.py
[2025-02-05T06:25:01.511+0000] {processor.py:914} INFO - Processing file /home/airflow/.local/lib/python3.12/site-packages/airflow/example_dags/example_sensors.py for tasks to queue
[2025-02-05T06:25:01.513+0000] {logging_mixin.py:190} INFO - [2025-02-05T06:25:01.513+0000] {dagbag.py:588} INFO - Filling up the DagBag from /home/airflow/.local/lib/python3.12/site-packages/airflow/example_dags/example_sensors.py
[2025-02-05T06:25:01.523+0000] {processor.py:925} INFO - DAG(s) 'example_sensors' retrieved from /home/airflow/.local/lib/python3.12/site-packages/airflow/example_dags/example_sensors.py
[2025-02-05T06:25:01.551+0000] {logging_mixin.py:190} INFO - [2025-02-05T06:25:01.551+0000] {dag.py:3239} INFO - Sync 1 DAGs
[2025-02-05T06:25:01.566+0000] {logging_mixin.py:190} INFO - [2025-02-05T06:25:01.565+0000] {dag.py:4180} INFO - Setting next_dagrun for example_sensors to None, run_after=None
[2025-02-05T06:25:01.586+0000] {processor.py:208} INFO - Processing /home/airflow/.local/lib/python3.12/site-packages/airflow/example_dags/example_sensors.py took 0.081 seconds
[2025-02-05T06:25:32.483+0000] {processor.py:186} INFO - Started process (PID=4891) to work on /home/airflow/.local/lib/python3.12/site-packages/airflow/example_dags/example_sensors.py
[2025-02-05T06:25:32.483+0000] {processor.py:914} INFO - Processing file /home/airflow/.local/lib/python3.12/site-packages/airflow/example_dags/example_sensors.py for tasks to queue
[2025-02-05T06:25:32.486+0000] {logging_mixin.py:190} INFO - [2025-02-05T06:25:32.485+0000] {dagbag.py:588} INFO - Filling up the DagBag from /home/airflow/.local/lib/python3.12/site-packages/airflow/example_dags/example_sensors.py
[2025-02-05T06:25:32.497+0000] {processor.py:925} INFO - DAG(s) 'example_sensors' retrieved from /home/airflow/.local/lib/python3.12/site-packages/airflow/example_dags/example_sensors.py
[2025-02-05T06:25:32.526+0000] {logging_mixin.py:190} INFO - [2025-02-05T06:25:32.526+0000] {dag.py:3239} INFO - Sync 1 DAGs
[2025-02-05T06:25:32.543+0000] {logging_mixin.py:190} INFO - [2025-02-05T06:25:32.543+0000] {dag.py:4180} INFO - Setting next_dagrun for example_sensors to None, run_after=None
[2025-02-05T06:25:32.565+0000] {processor.py:208} INFO - Processing /home/airflow/.local/lib/python3.12/site-packages/airflow/example_dags/example_sensors.py took 0.088 seconds
[2025-02-05T06:26:03.248+0000] {processor.py:186} INFO - Started process (PID=5185) to work on /home/airflow/.local/lib/python3.12/site-packages/airflow/example_dags/example_sensors.py
[2025-02-05T06:26:03.248+0000] {processor.py:914} INFO - Processing file /home/airflow/.local/lib/python3.12/site-packages/airflow/example_dags/example_sensors.py for tasks to queue
[2025-02-05T06:26:03.251+0000] {logging_mixin.py:190} INFO - [2025-02-05T06:26:03.250+0000] {dagbag.py:588} INFO - Filling up the DagBag from /home/airflow/.local/lib/python3.12/site-packages/airflow/example_dags/example_sensors.py
[2025-02-05T06:26:03.261+0000] {processor.py:925} INFO - DAG(s) 'example_sensors' retrieved from /home/airflow/.local/lib/python3.12/site-packages/airflow/example_dags/example_sensors.py
[2025-02-05T06:26:03.286+0000] {logging_mixin.py:190} INFO - [2025-02-05T06:26:03.286+0000] {dag.py:3239} INFO - Sync 1 DAGs
[2025-02-05T06:26:03.300+0000] {logging_mixin.py:190} INFO - [2025-02-05T06:26:03.300+0000] {dag.py:4180} INFO - Setting next_dagrun for example_sensors to None, run_after=None
[2025-02-05T06:26:03.319+0000] {processor.py:208} INFO - Processing /home/airflow/.local/lib/python3.12/site-packages/airflow/example_dags/example_sensors.py took 0.078 seconds
[2025-02-05T06:26:33.445+0000] {processor.py:186} INFO - Started process (PID=5478) to work on /home/airflow/.local/lib/python3.12/site-packages/airflow/example_dags/example_sensors.py
[2025-02-05T06:26:33.446+0000] {processor.py:914} INFO - Processing file /home/airflow/.local/lib/python3.12/site-packages/airflow/example_dags/example_sensors.py for tasks to queue
[2025-02-05T06:26:33.448+0000] {logging_mixin.py:190} INFO - [2025-02-05T06:26:33.448+0000] {dagbag.py:588} INFO - Filling up the DagBag from /home/airflow/.local/lib/python3.12/site-packages/airflow/example_dags/example_sensors.py
[2025-02-05T06:26:33.462+0000] {processor.py:925} INFO - DAG(s) 'example_sensors' retrieved from /home/airflow/.local/lib/python3.12/site-packages/airflow/example_dags/example_sensors.py
[2025-02-05T06:26:33.490+0000] {logging_mixin.py:190} INFO - [2025-02-05T06:26:33.490+0000] {dag.py:3239} INFO - Sync 1 DAGs
[2025-02-05T06:26:33.505+0000] {logging_mixin.py:190} INFO - [2025-02-05T06:26:33.504+0000] {dag.py:4180} INFO - Setting next_dagrun for example_sensors to None, run_after=None
[2025-02-05T06:26:33.527+0000] {processor.py:208} INFO - Processing /home/airflow/.local/lib/python3.12/site-packages/airflow/example_dags/example_sensors.py took 0.090 seconds
[2025-02-05T06:27:04.071+0000] {processor.py:186} INFO - Started process (PID=5772) to work on /home/airflow/.local/lib/python3.12/site-packages/airflow/example_dags/example_sensors.py
[2025-02-05T06:27:04.072+0000] {processor.py:914} INFO - Processing file /home/airflow/.local/lib/python3.12/site-packages/airflow/example_dags/example_sensors.py for tasks to queue
[2025-02-05T06:27:04.075+0000] {logging_mixin.py:190} INFO - [2025-02-05T06:27:04.075+0000] {dagbag.py:588} INFO - Filling up the DagBag from /home/airflow/.local/lib/python3.12/site-packages/airflow/example_dags/example_sensors.py
[2025-02-05T06:27:04.086+0000] {processor.py:925} INFO - DAG(s) 'example_sensors' retrieved from /home/airflow/.local/lib/python3.12/site-packages/airflow/example_dags/example_sensors.py
[2025-02-05T06:27:04.113+0000] {logging_mixin.py:190} INFO - [2025-02-05T06:27:04.112+0000] {dag.py:3239} INFO - Sync 1 DAGs
[2025-02-05T06:27:04.126+0000] {logging_mixin.py:190} INFO - [2025-02-05T06:27:04.126+0000] {dag.py:4180} INFO - Setting next_dagrun for example_sensors to None, run_after=None
[2025-02-05T06:27:04.146+0000] {processor.py:208} INFO - Processing /home/airflow/.local/lib/python3.12/site-packages/airflow/example_dags/example_sensors.py took 0.081 seconds
[2025-02-05T06:27:35.092+0000] {processor.py:186} INFO - Started process (PID=6065) to work on /home/airflow/.local/lib/python3.12/site-packages/airflow/example_dags/example_sensors.py
[2025-02-05T06:27:35.102+0000] {processor.py:914} INFO - Processing file /home/airflow/.local/lib/python3.12/site-packages/airflow/example_dags/example_sensors.py for tasks to queue
[2025-02-05T06:27:35.105+0000] {logging_mixin.py:190} INFO - [2025-02-05T06:27:35.104+0000] {dagbag.py:588} INFO - Filling up the DagBag from /home/airflow/.local/lib/python3.12/site-packages/airflow/example_dags/example_sensors.py
[2025-02-05T06:27:35.114+0000] {processor.py:925} INFO - DAG(s) 'example_sensors' retrieved from /home/airflow/.local/lib/python3.12/site-packages/airflow/example_dags/example_sensors.py
[2025-02-05T06:27:35.142+0000] {logging_mixin.py:190} INFO - [2025-02-05T06:27:35.141+0000] {dag.py:3239} INFO - Sync 1 DAGs
[2025-02-05T06:27:35.157+0000] {logging_mixin.py:190} INFO - [2025-02-05T06:27:35.156+0000] {dag.py:4180} INFO - Setting next_dagrun for example_sensors to None, run_after=None
[2025-02-05T06:27:35.178+0000] {processor.py:208} INFO - Processing /home/airflow/.local/lib/python3.12/site-packages/airflow/example_dags/example_sensors.py took 0.091 seconds
[2025-02-05T06:28:06.458+0000] {processor.py:186} INFO - Started process (PID=6364) to work on /home/airflow/.local/lib/python3.12/site-packages/airflow/example_dags/example_sensors.py
[2025-02-05T06:28:06.458+0000] {processor.py:914} INFO - Processing file /home/airflow/.local/lib/python3.12/site-packages/airflow/example_dags/example_sensors.py for tasks to queue
[2025-02-05T06:28:06.461+0000] {logging_mixin.py:190} INFO - [2025-02-05T06:28:06.460+0000] {dagbag.py:588} INFO - Filling up the DagBag from /home/airflow/.local/lib/python3.12/site-packages/airflow/example_dags/example_sensors.py
[2025-02-05T06:28:06.470+0000] {processor.py:925} INFO - DAG(s) 'example_sensors' retrieved from /home/airflow/.local/lib/python3.12/site-packages/airflow/example_dags/example_sensors.py
[2025-02-05T06:28:06.496+0000] {logging_mixin.py:190} INFO - [2025-02-05T06:28:06.496+0000] {dag.py:3239} INFO - Sync 1 DAGs
[2025-02-05T06:28:06.508+0000] {logging_mixin.py:190} INFO - [2025-02-05T06:28:06.508+0000] {dag.py:4180} INFO - Setting next_dagrun for example_sensors to None, run_after=None
[2025-02-05T06:28:06.527+0000] {processor.py:208} INFO - Processing /home/airflow/.local/lib/python3.12/site-packages/airflow/example_dags/example_sensors.py took 0.076 seconds
[2025-02-05T06:28:36.724+0000] {processor.py:186} INFO - Started process (PID=6660) to work on /home/airflow/.local/lib/python3.12/site-packages/airflow/example_dags/example_sensors.py
[2025-02-05T06:28:36.725+0000] {processor.py:914} INFO - Processing file /home/airflow/.local/lib/python3.12/site-packages/airflow/example_dags/example_sensors.py for tasks to queue
[2025-02-05T06:28:36.727+0000] {logging_mixin.py:190} INFO - [2025-02-05T06:28:36.727+0000] {dagbag.py:588} INFO - Filling up the DagBag from /home/airflow/.local/lib/python3.12/site-packages/airflow/example_dags/example_sensors.py
[2025-02-05T06:28:36.739+0000] {processor.py:925} INFO - DAG(s) 'example_sensors' retrieved from /home/airflow/.local/lib/python3.12/site-packages/airflow/example_dags/example_sensors.py
[2025-02-05T06:28:36.765+0000] {logging_mixin.py:190} INFO - [2025-02-05T06:28:36.765+0000] {dag.py:3239} INFO - Sync 1 DAGs
[2025-02-05T06:28:36.778+0000] {logging_mixin.py:190} INFO - [2025-02-05T06:28:36.778+0000] {dag.py:4180} INFO - Setting next_dagrun for example_sensors to None, run_after=None
[2025-02-05T06:28:36.798+0000] {processor.py:208} INFO - Processing /home/airflow/.local/lib/python3.12/site-packages/airflow/example_dags/example_sensors.py took 0.079 seconds
[2025-02-05T06:29:07.270+0000] {processor.py:186} INFO - Started process (PID=6956) to work on /home/airflow/.local/lib/python3.12/site-packages/airflow/example_dags/example_sensors.py
[2025-02-05T06:29:07.271+0000] {processor.py:914} INFO - Processing file /home/airflow/.local/lib/python3.12/site-packages/airflow/example_dags/example_sensors.py for tasks to queue
[2025-02-05T06:29:07.273+0000] {logging_mixin.py:190} INFO - [2025-02-05T06:29:07.272+0000] {dagbag.py:588} INFO - Filling up the DagBag from /home/airflow/.local/lib/python3.12/site-packages/airflow/example_dags/example_sensors.py
[2025-02-05T06:29:07.282+0000] {processor.py:925} INFO - DAG(s) 'example_sensors' retrieved from /home/airflow/.local/lib/python3.12/site-packages/airflow/example_dags/example_sensors.py
[2025-02-05T06:29:07.309+0000] {logging_mixin.py:190} INFO - [2025-02-05T06:29:07.309+0000] {dag.py:3239} INFO - Sync 1 DAGs
[2025-02-05T06:29:07.322+0000] {logging_mixin.py:190} INFO - [2025-02-05T06:29:07.322+0000] {dag.py:4180} INFO - Setting next_dagrun for example_sensors to None, run_after=None
[2025-02-05T06:29:07.343+0000] {processor.py:208} INFO - Processing /home/airflow/.local/lib/python3.12/site-packages/airflow/example_dags/example_sensors.py took 0.079 seconds
[2025-02-05T06:29:37.906+0000] {processor.py:186} INFO - Started process (PID=7247) to work on /home/airflow/.local/lib/python3.12/site-packages/airflow/example_dags/example_sensors.py
[2025-02-05T06:29:37.908+0000] {processor.py:914} INFO - Processing file /home/airflow/.local/lib/python3.12/site-packages/airflow/example_dags/example_sensors.py for tasks to queue
[2025-02-05T06:29:37.911+0000] {logging_mixin.py:190} INFO - [2025-02-05T06:29:37.910+0000] {dagbag.py:588} INFO - Filling up the DagBag from /home/airflow/.local/lib/python3.12/site-packages/airflow/example_dags/example_sensors.py
[2025-02-05T06:29:37.921+0000] {processor.py:925} INFO - DAG(s) 'example_sensors' retrieved from /home/airflow/.local/lib/python3.12/site-packages/airflow/example_dags/example_sensors.py
[2025-02-05T06:29:37.948+0000] {logging_mixin.py:190} INFO - [2025-02-05T06:29:37.947+0000] {dag.py:3239} INFO - Sync 1 DAGs
[2025-02-05T06:29:37.961+0000] {logging_mixin.py:190} INFO - [2025-02-05T06:29:37.961+0000] {dag.py:4180} INFO - Setting next_dagrun for example_sensors to None, run_after=None
[2025-02-05T06:29:37.984+0000] {processor.py:208} INFO - Processing /home/airflow/.local/lib/python3.12/site-packages/airflow/example_dags/example_sensors.py took 0.084 seconds
[2025-02-05T06:30:09.063+0000] {processor.py:186} INFO - Started process (PID=7543) to work on /home/airflow/.local/lib/python3.12/site-packages/airflow/example_dags/example_sensors.py
[2025-02-05T06:30:09.064+0000] {processor.py:914} INFO - Processing file /home/airflow/.local/lib/python3.12/site-packages/airflow/example_dags/example_sensors.py for tasks to queue
[2025-02-05T06:30:09.067+0000] {logging_mixin.py:190} INFO - [2025-02-05T06:30:09.067+0000] {dagbag.py:588} INFO - Filling up the DagBag from /home/airflow/.local/lib/python3.12/site-packages/airflow/example_dags/example_sensors.py
[2025-02-05T06:30:09.080+0000] {processor.py:925} INFO - DAG(s) 'example_sensors' retrieved from /home/airflow/.local/lib/python3.12/site-packages/airflow/example_dags/example_sensors.py
[2025-02-05T06:30:09.108+0000] {logging_mixin.py:190} INFO - [2025-02-05T06:30:09.107+0000] {dag.py:3239} INFO - Sync 1 DAGs
[2025-02-05T06:30:09.122+0000] {logging_mixin.py:190} INFO - [2025-02-05T06:30:09.121+0000] {dag.py:4180} INFO - Setting next_dagrun for example_sensors to None, run_after=None
[2025-02-05T06:30:09.148+0000] {processor.py:208} INFO - Processing /home/airflow/.local/lib/python3.12/site-packages/airflow/example_dags/example_sensors.py took 0.093 seconds
