[2025-02-04T10:59:37.976+0000] {local_task_job_runner.py:123} INFO - ::group::Pre task execution logs
[2025-02-04T10:59:37.996+0000] {taskinstance.py:2613} INFO - Dependencies all met for dep_context=non-requeueable deps ti=<TaskInstance: example_bash_operator.runme_1 manual__2025-02-04T10:59:32+00:00 [queued]>
[2025-02-04T10:59:38.008+0000] {taskinstance.py:2613} INFO - Dependencies all met for dep_context=requeueable deps ti=<TaskInstance: example_bash_operator.runme_1 manual__2025-02-04T10:59:32+00:00 [queued]>
[2025-02-04T10:59:38.008+0000] {taskinstance.py:2866} INFO - Starting attempt 1 of 1
[2025-02-04T10:59:38.025+0000] {taskinstance.py:2889} INFO - Executing <Task(BashOperator): runme_1> on 2025-02-04 10:59:32+00:00
[2025-02-04T10:59:38.042+0000] {standard_task_runner.py:104} INFO - Running: ['***', 'tasks', 'run', 'example_bash_operator', 'runme_1', 'manual__2025-02-04T10:59:32+00:00', '--job-id', '16', '--raw', '--subdir', '/home/***/.local/lib/python3.12/site-packages/***/example_dags/example_bash_operator.py', '--cfg-path', '/tmp/tmpon0f6cba']
[2025-02-04T10:59:38.044+0000] {standard_task_runner.py:105} INFO - Job 16: Subtask runme_1
[2025-02-04T10:59:38.045+0000] {logging_mixin.py:190} WARNING - /home/***/.local/lib/python3.12/site-packages/***/task/task_runner/standard_task_runner.py:70 DeprecationWarning: This process (pid=3688) is multi-threaded, use of fork() may lead to deadlocks in the child.
[2025-02-04T10:59:38.046+0000] {standard_task_runner.py:72} INFO - Started process 3695 to run task
[2025-02-04T10:59:38.108+0000] {task_command.py:467} INFO - Running <TaskInstance: example_bash_operator.runme_1 manual__2025-02-04T10:59:32+00:00 [running]> on host 5bbbce89898a
[2025-02-04T10:59:38.200+0000] {taskinstance.py:3132} INFO - Exporting env vars: AIRFLOW_CTX_DAG_OWNER='***' AIRFLOW_CTX_DAG_ID='example_bash_operator' AIRFLOW_CTX_TASK_ID='runme_1' AIRFLOW_CTX_EXECUTION_DATE='2025-02-04T10:59:32+00:00' AIRFLOW_CTX_TRY_NUMBER='1' AIRFLOW_CTX_DAG_RUN_ID='manual__2025-02-04T10:59:32+00:00'
[2025-02-04T10:59:38.202+0000] {logging_mixin.py:190} INFO - Task instance is in running state
[2025-02-04T10:59:38.202+0000] {logging_mixin.py:190} INFO -  Previous state of the Task instance: queued
[2025-02-04T10:59:38.202+0000] {logging_mixin.py:190} INFO - Current task name:runme_1 state:running start_date:2025-02-04 10:59:37.996496+00:00
[2025-02-04T10:59:38.203+0000] {logging_mixin.py:190} INFO - Dag name:example_bash_operator and current dag run status:running
[2025-02-04T10:59:38.203+0000] {taskinstance.py:731} INFO - ::endgroup::
[2025-02-04T10:59:38.203+0000] {subprocess.py:78} INFO - Tmp dir root location: /tmp
[2025-02-04T10:59:38.204+0000] {subprocess.py:88} INFO - Running command: ['/usr/bin/bash', '-c', 'echo "example_bash_operator__runme_1__20250204" && sleep 1']
[2025-02-04T10:59:38.226+0000] {subprocess.py:99} INFO - Output:
[2025-02-04T10:59:38.227+0000] {subprocess.py:106} INFO - example_bash_operator__runme_1__20250204
[2025-02-04T10:59:39.229+0000] {subprocess.py:110} INFO - Command exited with return code 0
[2025-02-04T10:59:39.256+0000] {taskinstance.py:340} INFO - ::group::Post task execution logs
[2025-02-04T10:59:39.257+0000] {taskinstance.py:352} INFO - Marking task as SUCCESS. dag_id=example_bash_operator, task_id=runme_1, run_id=manual__2025-02-04T10:59:32+00:00, execution_date=20250204T105932, start_date=20250204T105937, end_date=20250204T105939
[2025-02-04T10:59:39.266+0000] {logging_mixin.py:190} INFO - Task instance in success state
[2025-02-04T10:59:39.266+0000] {logging_mixin.py:190} INFO -  Previous state of the Task instance: running
[2025-02-04T10:59:39.267+0000] {logging_mixin.py:190} INFO - Dag name:example_bash_operator queued_at:2025-02-04 10:59:36.476266+00:00
[2025-02-04T10:59:39.267+0000] {logging_mixin.py:190} INFO - Task hostname:5bbbce89898a operator:BashOperator
[2025-02-04T10:59:39.304+0000] {local_task_job_runner.py:266} INFO - Task exited with return code 0
[2025-02-04T10:59:39.324+0000] {taskinstance.py:3895} INFO - 1 downstream tasks scheduled from follow-on schedule check
[2025-02-04T10:59:39.326+0000] {local_task_job_runner.py:245} INFO - ::endgroup::
