[2025-02-04T10:18:44.944+0000] {local_task_job_runner.py:123} INFO - ::group::Pre task execution logs
[2025-02-04T10:18:44.965+0000] {taskinstance.py:2613} INFO - Dependencies all met for dep_context=non-requeueable deps ti=<TaskInstance: example_bash_operator.also_run_this scheduled__2025-02-03T00:00:00+00:00 [queued]>
[2025-02-04T10:18:44.976+0000] {taskinstance.py:2613} INFO - Dependencies all met for dep_context=requeueable deps ti=<TaskInstance: example_bash_operator.also_run_this scheduled__2025-02-03T00:00:00+00:00 [queued]>
[2025-02-04T10:18:44.976+0000] {taskinstance.py:2866} INFO - Starting attempt 1 of 1
[2025-02-04T10:18:44.994+0000] {taskinstance.py:2889} INFO - Executing <Task(BashOperator): also_run_this> on 2025-02-03 00:00:00+00:00
[2025-02-04T10:18:45.013+0000] {standard_task_runner.py:104} INFO - Running: ['***', 'tasks', 'run', 'example_bash_operator', 'also_run_this', 'scheduled__2025-02-03T00:00:00+00:00', '--job-id', '7', '--raw', '--subdir', '/home/***/.local/lib/python3.12/site-packages/***/example_dags/example_bash_operator.py', '--cfg-path', '/tmp/tmpxzxvc9wj']
[2025-02-04T10:18:45.014+0000] {standard_task_runner.py:105} INFO - Job 7: Subtask also_run_this
[2025-02-04T10:18:45.018+0000] {logging_mixin.py:190} WARNING - /home/***/.local/lib/python3.12/site-packages/***/task/task_runner/standard_task_runner.py:70 DeprecationWarning: This process (pid=2236) is multi-threaded, use of fork() may lead to deadlocks in the child.
[2025-02-04T10:18:45.019+0000] {standard_task_runner.py:72} INFO - Started process 2246 to run task
[2025-02-04T10:18:45.075+0000] {task_command.py:467} INFO - Running <TaskInstance: example_bash_operator.also_run_this scheduled__2025-02-03T00:00:00+00:00 [running]> on host 8d3bca612f0f
[2025-02-04T10:18:45.173+0000] {taskinstance.py:3132} INFO - Exporting env vars: AIRFLOW_CTX_DAG_OWNER='***' AIRFLOW_CTX_DAG_ID='example_bash_operator' AIRFLOW_CTX_TASK_ID='also_run_this' AIRFLOW_CTX_EXECUTION_DATE='2025-02-03T00:00:00+00:00' AIRFLOW_CTX_TRY_NUMBER='1' AIRFLOW_CTX_DAG_RUN_ID='scheduled__2025-02-03T00:00:00+00:00'
[2025-02-04T10:18:45.175+0000] {logging_mixin.py:190} INFO - Task instance is in running state
[2025-02-04T10:18:45.175+0000] {logging_mixin.py:190} INFO -  Previous state of the Task instance: queued
[2025-02-04T10:18:45.175+0000] {logging_mixin.py:190} INFO - Current task name:also_run_this state:running start_date:2025-02-04 10:18:44.965957+00:00
[2025-02-04T10:18:45.176+0000] {logging_mixin.py:190} INFO - Dag name:example_bash_operator and current dag run status:running
[2025-02-04T10:18:45.176+0000] {taskinstance.py:731} INFO - ::endgroup::
[2025-02-04T10:18:45.177+0000] {subprocess.py:78} INFO - Tmp dir root location: /tmp
[2025-02-04T10:18:45.178+0000] {subprocess.py:88} INFO - Running command: ['/usr/bin/bash', '-c', 'echo "ti_key=example_bash_operator__also_run_this__20250203"']
[2025-02-04T10:18:45.201+0000] {subprocess.py:99} INFO - Output:
[2025-02-04T10:18:45.204+0000] {subprocess.py:106} INFO - ti_key=example_bash_operator__also_run_this__20250203
[2025-02-04T10:18:45.204+0000] {subprocess.py:110} INFO - Command exited with return code 0
[2025-02-04T10:18:45.233+0000] {taskinstance.py:340} INFO - ::group::Post task execution logs
[2025-02-04T10:18:45.233+0000] {taskinstance.py:352} INFO - Marking task as SUCCESS. dag_id=example_bash_operator, task_id=also_run_this, run_id=scheduled__2025-02-03T00:00:00+00:00, execution_date=20250203T000000, start_date=20250204T101844, end_date=20250204T101845
[2025-02-04T10:18:45.243+0000] {logging_mixin.py:190} INFO - Task instance in success state
[2025-02-04T10:18:45.243+0000] {logging_mixin.py:190} INFO -  Previous state of the Task instance: running
[2025-02-04T10:18:45.244+0000] {logging_mixin.py:190} INFO - Dag name:example_bash_operator queued_at:2025-02-04 10:18:43.774037+00:00
[2025-02-04T10:18:45.244+0000] {logging_mixin.py:190} INFO - Task hostname:8d3bca612f0f operator:BashOperator
[2025-02-04T10:18:45.273+0000] {local_task_job_runner.py:266} INFO - Task exited with return code 0
[2025-02-04T10:18:45.297+0000] {taskinstance.py:3895} INFO - 0 downstream tasks scheduled from follow-on schedule check
[2025-02-04T10:18:45.298+0000] {local_task_job_runner.py:245} INFO - ::endgroup::
