[2025-02-04T10:59:38.004+0000] {local_task_job_runner.py:123} INFO - ::group::Pre task execution logs
[2025-02-04T10:59:38.025+0000] {taskinstance.py:2613} INFO - Dependencies all met for dep_context=non-requeueable deps ti=<TaskInstance: example_bash_operator.also_run_this manual__2025-02-04T10:59:32+00:00 [queued]>
[2025-02-04T10:59:38.038+0000] {taskinstance.py:2613} INFO - Dependencies all met for dep_context=requeueable deps ti=<TaskInstance: example_bash_operator.also_run_this manual__2025-02-04T10:59:32+00:00 [queued]>
[2025-02-04T10:59:38.039+0000] {taskinstance.py:2866} INFO - Starting attempt 1 of 1
[2025-02-04T10:59:38.059+0000] {taskinstance.py:2889} INFO - Executing <Task(BashOperator): also_run_this> on 2025-02-04 10:59:32+00:00
[2025-02-04T10:59:38.075+0000] {standard_task_runner.py:104} INFO - Running: ['***', 'tasks', 'run', 'example_bash_operator', 'also_run_this', 'manual__2025-02-04T10:59:32+00:00', '--job-id', '18', '--raw', '--subdir', '/home/***/.local/lib/python3.12/site-packages/***/example_dags/example_bash_operator.py', '--cfg-path', '/tmp/tmp06fv4p17']
[2025-02-04T10:59:38.077+0000] {standard_task_runner.py:105} INFO - Job 18: Subtask also_run_this
[2025-02-04T10:59:38.079+0000] {logging_mixin.py:190} WARNING - /home/***/.local/lib/python3.12/site-packages/***/task/task_runner/standard_task_runner.py:70 DeprecationWarning: This process (pid=3692) is multi-threaded, use of fork() may lead to deadlocks in the child.
[2025-02-04T10:59:38.080+0000] {standard_task_runner.py:72} INFO - Started process 3699 to run task
[2025-02-04T10:59:38.140+0000] {task_command.py:467} INFO - Running <TaskInstance: example_bash_operator.also_run_this manual__2025-02-04T10:59:32+00:00 [running]> on host 5bbbce89898a
[2025-02-04T10:59:38.231+0000] {taskinstance.py:3132} INFO - Exporting env vars: AIRFLOW_CTX_DAG_OWNER='***' AIRFLOW_CTX_DAG_ID='example_bash_operator' AIRFLOW_CTX_TASK_ID='also_run_this' AIRFLOW_CTX_EXECUTION_DATE='2025-02-04T10:59:32+00:00' AIRFLOW_CTX_TRY_NUMBER='1' AIRFLOW_CTX_DAG_RUN_ID='manual__2025-02-04T10:59:32+00:00'
[2025-02-04T10:59:38.233+0000] {logging_mixin.py:190} INFO - Task instance is in running state
[2025-02-04T10:59:38.234+0000] {logging_mixin.py:190} INFO -  Previous state of the Task instance: queued
[2025-02-04T10:59:38.234+0000] {logging_mixin.py:190} INFO - Current task name:also_run_this state:running start_date:2025-02-04 10:59:38.026082+00:00
[2025-02-04T10:59:38.234+0000] {logging_mixin.py:190} INFO - Dag name:example_bash_operator and current dag run status:running
[2025-02-04T10:59:38.235+0000] {taskinstance.py:731} INFO - ::endgroup::
[2025-02-04T10:59:38.235+0000] {subprocess.py:78} INFO - Tmp dir root location: /tmp
[2025-02-04T10:59:38.236+0000] {subprocess.py:88} INFO - Running command: ['/usr/bin/bash', '-c', 'echo "ti_key=example_bash_operator__also_run_this__20250204"']
[2025-02-04T10:59:38.256+0000] {subprocess.py:99} INFO - Output:
[2025-02-04T10:59:38.258+0000] {subprocess.py:106} INFO - ti_key=example_bash_operator__also_run_this__20250204
[2025-02-04T10:59:38.259+0000] {subprocess.py:110} INFO - Command exited with return code 0
[2025-02-04T10:59:38.283+0000] {taskinstance.py:340} INFO - ::group::Post task execution logs
[2025-02-04T10:59:38.283+0000] {taskinstance.py:352} INFO - Marking task as SUCCESS. dag_id=example_bash_operator, task_id=also_run_this, run_id=manual__2025-02-04T10:59:32+00:00, execution_date=20250204T105932, start_date=20250204T105938, end_date=20250204T105938
[2025-02-04T10:59:38.292+0000] {logging_mixin.py:190} INFO - Task instance in success state
[2025-02-04T10:59:38.292+0000] {logging_mixin.py:190} INFO -  Previous state of the Task instance: running
[2025-02-04T10:59:38.292+0000] {logging_mixin.py:190} INFO - Dag name:example_bash_operator queued_at:2025-02-04 10:59:36.476266+00:00
[2025-02-04T10:59:38.292+0000] {logging_mixin.py:190} INFO - Task hostname:5bbbce89898a operator:BashOperator
[2025-02-04T10:59:38.336+0000] {local_task_job_runner.py:266} INFO - Task exited with return code 0
[2025-02-04T10:59:38.356+0000] {taskinstance.py:3895} INFO - 0 downstream tasks scheduled from follow-on schedule check
[2025-02-04T10:59:38.358+0000] {local_task_job_runner.py:245} INFO - ::endgroup::
